四月 05, 2017 1:39:16 下午 org.apache.catalina.core.AprLifecycleListener init
資訊: Loaded APR based Apache Tomcat Native library 1.2.10 using APR version 1.5.2.
四月 05, 2017 1:39:16 下午 org.apache.catalina.core.AprLifecycleListener init
資訊: APR capabilities: IPv6 [true], sendfile [true], accept filters [false], random [true].
四月 05, 2017 1:39:18 下午 org.apache.catalina.core.AprLifecycleListener initializeSSL
資訊: OpenSSL successfully initialized with version OpenSSL 1.0.2j  26 Sep 2016
四月 05, 2017 1:39:19 下午 org.apache.coyote.http11.Http11AprProtocol init
資訊: Initializing Coyote HTTP/1.1 on http-80
四月 05, 2017 1:39:19 下午 org.apache.coyote.ajp.AjpAprProtocol init
資訊: Initializing Coyote AJP/1.3 on ajp-8009
四月 05, 2017 1:39:19 下午 org.apache.catalina.startup.Catalina load
資訊: Initialization processed in 5023 ms
四月 05, 2017 1:39:19 下午 org.apache.catalina.core.StandardService start
資訊: Starting service Catalina
四月 05, 2017 1:39:19 下午 org.apache.catalina.core.StandardEngine start
資訊: Starting Servlet Engine: Apache Tomcat/6.0.48
四月 05, 2017 1:39:41 下午 org.apache.tiles.servlets.TilesServlet init
資訊: Initializing TilesServlet
四月 05, 2017 1:39:41 下午 org.apache.tiles.servlets.TilesServlet readFactoryConfig
資訊: CONFIG FILES DEFINED IN WEB.XML
四月 05, 2017 1:39:41 下午 org.apache.tiles.servlets.TilesServlet initDefinitionsFactory
資訊: initializing definitions factory...
四月 05, 2017 1:39:41 下午 org.apache.catalina.startup.HostConfig deployDescriptor
資訊: Deploying configuration descriptor host-manager.xml
四月 05, 2017 1:39:42 下午 org.apache.catalina.startup.HostConfig deployDescriptor
資訊: Deploying configuration descriptor manager.xml
四月 05, 2017 1:39:42 下午 org.apache.catalina.startup.HostConfig deployDirectory
資訊: Deploying web application directory docs
四月 05, 2017 1:39:42 下午 org.apache.catalina.startup.HostConfig deployDirectory
資訊: Deploying web application directory examples
四月 05, 2017 1:39:44 下午 org.apache.catalina.startup.HostConfig deployDirectory
資訊: Deploying web application directory ROOT
四月 05, 2017 1:39:44 下午 org.apache.coyote.http11.Http11AprProtocol start
資訊: Starting Coyote HTTP/1.1 on http-80
四月 05, 2017 1:39:44 下午 org.apache.coyote.ajp.AjpAprProtocol start
資訊: Starting Coyote AJP/1.3 on ajp-8009
四月 05, 2017 1:39:44 下午 org.apache.catalina.startup.Catalina start
資訊: Server startup in 25419 ms
四月 05, 2017 2:56:57 下午 org.apache.catalina.core.AprLifecycleListener init
資訊: Loaded APR based Apache Tomcat Native library 1.2.10 using APR version 1.5.2.
四月 05, 2017 2:56:57 下午 org.apache.catalina.core.AprLifecycleListener init
資訊: APR capabilities: IPv6 [true], sendfile [true], accept filters [false], random [true].
四月 05, 2017 2:56:59 下午 org.apache.catalina.core.AprLifecycleListener initializeSSL
資訊: OpenSSL successfully initialized with version OpenSSL 1.0.2j  26 Sep 2016
四月 05, 2017 2:57:00 下午 org.apache.coyote.http11.Http11AprProtocol init
資訊: Initializing Coyote HTTP/1.1 on http-80
四月 05, 2017 2:57:00 下午 org.apache.coyote.ajp.AjpAprProtocol init
資訊: Initializing Coyote AJP/1.3 on ajp-8009
四月 05, 2017 2:57:00 下午 org.apache.catalina.startup.Catalina load
資訊: Initialization processed in 4224 ms
四月 05, 2017 2:57:00 下午 org.apache.catalina.core.StandardService start
資訊: Starting service Catalina
四月 05, 2017 2:57:00 下午 org.apache.catalina.core.StandardEngine start
資訊: Starting Servlet Engine: Apache Tomcat/6.0.48
四月 05, 2017 2:57:04 下午 org.apache.catalina.core.StandardContext start
嚴重: Error listenerStart
四月 05, 2017 2:57:04 下午 org.apache.catalina.core.StandardContext start
嚴重: Context [/northwest] startup failed due to previous errors
四月 05, 2017 2:57:04 下午 org.apache.catalina.startup.HostConfig deployDescriptor
資訊: Deploying configuration descriptor host-manager.xml
四月 05, 2017 2:57:04 下午 org.apache.catalina.startup.HostConfig deployDescriptor
資訊: Deploying configuration descriptor manager.xml
四月 05, 2017 2:57:04 下午 org.apache.catalina.startup.HostConfig deployDirectory
資訊: Deploying web application directory docs
四月 05, 2017 2:57:05 下午 org.apache.catalina.startup.HostConfig deployDirectory
資訊: Deploying web application directory examples
四月 05, 2017 2:57:05 下午 org.apache.catalina.startup.HostConfig deployDirectory
資訊: Deploying web application directory ROOT
四月 05, 2017 2:57:05 下午 org.apache.coyote.http11.Http11AprProtocol start
資訊: Starting Coyote HTTP/1.1 on http-80
四月 05, 2017 2:57:05 下午 org.apache.coyote.ajp.AjpAprProtocol start
資訊: Starting Coyote AJP/1.3 on ajp-8009
四月 05, 2017 2:57:05 下午 org.apache.catalina.startup.Catalina start
資訊: Server startup in 4993 ms
四月 05, 2017 2:57:30 下午 org.apache.catalina.core.AprLifecycleListener init
資訊: Loaded APR based Apache Tomcat Native library 1.2.10 using APR version 1.5.2.
四月 05, 2017 2:57:30 下午 org.apache.catalina.core.AprLifecycleListener init
資訊: APR capabilities: IPv6 [true], sendfile [true], accept filters [false], random [true].
四月 05, 2017 2:57:32 下午 org.apache.catalina.core.AprLifecycleListener initializeSSL
資訊: OpenSSL successfully initialized with version OpenSSL 1.0.2j  26 Sep 2016
四月 05, 2017 2:57:33 下午 org.apache.coyote.http11.Http11AprProtocol init
資訊: Initializing Coyote HTTP/1.1 on http-80
四月 05, 2017 2:57:33 下午 org.apache.coyote.ajp.AjpAprProtocol init
資訊: Initializing Coyote AJP/1.3 on ajp-8009
四月 05, 2017 2:57:33 下午 org.apache.catalina.startup.Catalina load
資訊: Initialization processed in 3391 ms
四月 05, 2017 2:57:33 下午 org.apache.catalina.core.StandardService start
資訊: Starting service Catalina
四月 05, 2017 2:57:33 下午 org.apache.catalina.core.StandardEngine start
資訊: Starting Servlet Engine: Apache Tomcat/6.0.48
四月 05, 2017 2:57:48 下午 org.apache.tiles.servlets.TilesServlet init
資訊: Initializing TilesServlet
四月 05, 2017 2:57:48 下午 org.apache.tiles.servlets.TilesServlet readFactoryConfig
資訊: CONFIG FILES DEFINED IN WEB.XML
四月 05, 2017 2:57:48 下午 org.apache.tiles.servlets.TilesServlet initDefinitionsFactory
資訊: initializing definitions factory...
四月 05, 2017 2:57:48 下午 org.apache.catalina.startup.HostConfig deployDescriptor
資訊: Deploying configuration descriptor host-manager.xml
四月 05, 2017 2:57:49 下午 org.apache.catalina.startup.HostConfig deployDescriptor
資訊: Deploying configuration descriptor manager.xml
四月 05, 2017 2:57:49 下午 org.apache.catalina.startup.HostConfig deployDirectory
資訊: Deploying web application directory docs
四月 05, 2017 2:57:49 下午 org.apache.catalina.startup.HostConfig deployDirectory
資訊: Deploying web application directory examples
四月 05, 2017 2:57:50 下午 org.apache.catalina.startup.HostConfig deployDirectory
資訊: Deploying web application directory ROOT
四月 05, 2017 2:57:50 下午 org.apache.coyote.http11.Http11AprProtocol start
資訊: Starting Coyote HTTP/1.1 on http-80
四月 05, 2017 2:57:50 下午 org.apache.coyote.ajp.AjpAprProtocol start
資訊: Starting Coyote AJP/1.3 on ajp-8009
四月 05, 2017 2:57:50 下午 org.apache.catalina.startup.Catalina start
資訊: Server startup in 17274 ms
四月 05, 2017 4:06:53 下午 org.apache.catalina.core.AprLifecycleListener init
資訊: Loaded APR based Apache Tomcat Native library 1.2.10 using APR version 1.5.2.
四月 05, 2017 4:06:54 下午 org.apache.catalina.core.AprLifecycleListener init
資訊: APR capabilities: IPv6 [true], sendfile [true], accept filters [false], random [true].
四月 05, 2017 4:06:55 下午 org.apache.catalina.core.AprLifecycleListener initializeSSL
資訊: OpenSSL successfully initialized with version OpenSSL 1.0.2j  26 Sep 2016
四月 05, 2017 4:06:56 下午 org.apache.coyote.http11.Http11AprProtocol init
資訊: Initializing Coyote HTTP/1.1 on http-80
四月 05, 2017 4:06:56 下午 org.apache.coyote.ajp.AjpAprProtocol init
資訊: Initializing Coyote AJP/1.3 on ajp-8009
四月 05, 2017 4:06:56 下午 org.apache.catalina.startup.Catalina load
資訊: Initialization processed in 3560 ms
四月 05, 2017 4:06:56 下午 org.apache.catalina.core.StandardService start
資訊: Starting service Catalina
四月 05, 2017 4:06:56 下午 org.apache.catalina.core.StandardEngine start
資訊: Starting Servlet Engine: Apache Tomcat/6.0.48
四月 05, 2017 4:07:18 下午 org.apache.tiles.servlets.TilesServlet init
資訊: Initializing TilesServlet
四月 05, 2017 4:07:18 下午 org.apache.tiles.servlets.TilesServlet readFactoryConfig
資訊: CONFIG FILES DEFINED IN WEB.XML
四月 05, 2017 4:07:19 下午 org.apache.tiles.servlets.TilesServlet initDefinitionsFactory
資訊: initializing definitions factory...
四月 05, 2017 4:07:19 下午 org.apache.catalina.startup.HostConfig deployDescriptor
資訊: Deploying configuration descriptor host-manager.xml
四月 05, 2017 4:07:19 下午 org.apache.catalina.startup.HostConfig deployDescriptor
資訊: Deploying configuration descriptor manager.xml
四月 05, 2017 4:07:20 下午 org.apache.catalina.startup.HostConfig deployDirectory
資訊: Deploying web application directory docs
四月 05, 2017 4:07:20 下午 org.apache.catalina.startup.HostConfig deployDirectory
資訊: Deploying web application directory examples
四月 05, 2017 4:07:22 下午 org.apache.catalina.startup.HostConfig deployDirectory
資訊: Deploying web application directory ROOT
四月 05, 2017 4:07:22 下午 org.apache.coyote.http11.Http11AprProtocol start
資訊: Starting Coyote HTTP/1.1 on http-80
四月 05, 2017 4:07:22 下午 org.apache.coyote.ajp.AjpAprProtocol start
資訊: Starting Coyote AJP/1.3 on ajp-8009
四月 05, 2017 4:07:22 下午 org.apache.catalina.startup.Catalina start
資訊: Server startup in 26073 ms
四月 05, 2017 4:26:45 下午 org.apache.catalina.core.AprLifecycleListener init
資訊: Loaded APR based Apache Tomcat Native library 1.2.10 using APR version 1.5.2.
四月 05, 2017 4:26:46 下午 org.apache.catalina.core.AprLifecycleListener init
資訊: APR capabilities: IPv6 [true], sendfile [true], accept filters [false], random [true].
四月 05, 2017 4:26:47 下午 org.apache.catalina.core.AprLifecycleListener initializeSSL
資訊: OpenSSL successfully initialized with version OpenSSL 1.0.2j  26 Sep 2016
四月 05, 2017 4:26:48 下午 org.apache.coyote.http11.Http11AprProtocol init
資訊: Initializing Coyote HTTP/1.1 on http-80
四月 05, 2017 4:26:48 下午 org.apache.coyote.ajp.AjpAprProtocol init
資訊: Initializing Coyote AJP/1.3 on ajp-8009
四月 05, 2017 4:26:48 下午 org.apache.catalina.startup.Catalina load
資訊: Initialization processed in 3767 ms
四月 05, 2017 4:26:48 下午 org.apache.catalina.core.StandardService start
資訊: Starting service Catalina
四月 05, 2017 4:26:48 下午 org.apache.catalina.core.StandardEngine start
資訊: Starting Servlet Engine: Apache Tomcat/6.0.48
四月 05, 2017 4:26:51 下午 org.apache.catalina.core.StandardContext start
嚴重: Error listenerStart
四月 05, 2017 4:26:51 下午 org.apache.catalina.core.StandardContext start
嚴重: Context [/northwest] startup failed due to previous errors
四月 05, 2017 4:26:51 下午 org.apache.catalina.startup.HostConfig deployDescriptor
資訊: Deploying configuration descriptor host-manager.xml
四月 05, 2017 4:26:51 下午 org.apache.catalina.startup.HostConfig deployDescriptor
資訊: Deploying configuration descriptor manager.xml
四月 05, 2017 4:26:51 下午 org.apache.catalina.startup.HostConfig deployDirectory
資訊: Deploying web application directory docs
四月 05, 2017 4:26:51 下午 org.apache.catalina.startup.HostConfig deployDirectory
資訊: Deploying web application directory examples
四月 05, 2017 4:26:51 下午 org.apache.catalina.startup.HostConfig deployDirectory
資訊: Deploying web application directory ROOT
四月 05, 2017 4:26:51 下午 org.apache.coyote.http11.Http11AprProtocol start
資訊: Starting Coyote HTTP/1.1 on http-80
四月 05, 2017 4:26:51 下午 org.apache.coyote.ajp.AjpAprProtocol start
資訊: Starting Coyote AJP/1.3 on ajp-8009
四月 05, 2017 4:26:52 下午 org.apache.catalina.startup.Catalina start
資訊: Server startup in 3612 ms
四月 05, 2017 4:28:16 下午 org.apache.catalina.core.AprLifecycleListener init
資訊: Loaded APR based Apache Tomcat Native library 1.2.10 using APR version 1.5.2.
四月 05, 2017 4:28:16 下午 org.apache.catalina.core.AprLifecycleListener init
資訊: APR capabilities: IPv6 [true], sendfile [true], accept filters [false], random [true].
四月 05, 2017 4:28:17 下午 org.apache.catalina.core.AprLifecycleListener initializeSSL
資訊: OpenSSL successfully initialized with version OpenSSL 1.0.2j  26 Sep 2016
四月 05, 2017 4:28:18 下午 org.apache.coyote.http11.Http11AprProtocol init
資訊: Initializing Coyote HTTP/1.1 on http-80
四月 05, 2017 4:28:18 下午 org.apache.coyote.ajp.AjpAprProtocol init
資訊: Initializing Coyote AJP/1.3 on ajp-8009
四月 05, 2017 4:28:18 下午 org.apache.catalina.startup.Catalina load
資訊: Initialization processed in 3026 ms
四月 05, 2017 4:28:18 下午 org.apache.catalina.core.StandardService start
資訊: Starting service Catalina
四月 05, 2017 4:28:18 下午 org.apache.catalina.core.StandardEngine start
資訊: Starting Servlet Engine: Apache Tomcat/6.0.48
四月 05, 2017 4:28:30 下午 org.apache.tiles.servlets.TilesServlet init
資訊: Initializing TilesServlet
四月 05, 2017 4:28:30 下午 org.apache.tiles.servlets.TilesServlet readFactoryConfig
資訊: CONFIG FILES DEFINED IN WEB.XML
四月 05, 2017 4:28:30 下午 org.apache.tiles.servlets.TilesServlet initDefinitionsFactory
資訊: initializing definitions factory...
四月 05, 2017 4:28:30 下午 org.apache.catalina.startup.HostConfig deployDescriptor
資訊: Deploying configuration descriptor host-manager.xml
四月 05, 2017 4:28:31 下午 org.apache.catalina.startup.HostConfig deployDescriptor
資訊: Deploying configuration descriptor manager.xml
四月 05, 2017 4:28:31 下午 org.apache.catalina.startup.HostConfig deployDirectory
資訊: Deploying web application directory docs
四月 05, 2017 4:28:31 下午 org.apache.catalina.startup.HostConfig deployDirectory
資訊: Deploying web application directory examples
四月 05, 2017 4:28:31 下午 org.apache.catalina.startup.HostConfig deployDirectory
資訊: Deploying web application directory ROOT
四月 05, 2017 4:28:32 下午 org.apache.coyote.http11.Http11AprProtocol start
資訊: Starting Coyote HTTP/1.1 on http-80
四月 05, 2017 4:28:32 下午 org.apache.coyote.ajp.AjpAprProtocol start
資訊: Starting Coyote AJP/1.3 on ajp-8009
四月 05, 2017 4:28:32 下午 org.apache.catalina.startup.Catalina start
資訊: Server startup in 14107 ms
四月 05, 2017 4:30:49 下午 org.apache.catalina.core.AprLifecycleListener init
資訊: Loaded APR based Apache Tomcat Native library 1.2.10 using APR version 1.5.2.
四月 05, 2017 4:30:50 下午 org.apache.catalina.core.AprLifecycleListener init
資訊: APR capabilities: IPv6 [true], sendfile [true], accept filters [false], random [true].
四月 05, 2017 4:30:51 下午 org.apache.catalina.core.AprLifecycleListener initializeSSL
資訊: OpenSSL successfully initialized with version OpenSSL 1.0.2j  26 Sep 2016
四月 05, 2017 4:30:52 下午 org.apache.coyote.http11.Http11AprProtocol init
資訊: Initializing Coyote HTTP/1.1 on http-80
四月 05, 2017 4:30:52 下午 org.apache.coyote.ajp.AjpAprProtocol init
資訊: Initializing Coyote AJP/1.3 on ajp-8009
四月 05, 2017 4:30:52 下午 org.apache.catalina.startup.Catalina load
資訊: Initialization processed in 2802 ms
四月 05, 2017 4:30:52 下午 org.apache.catalina.core.StandardService start
資訊: Starting service Catalina
四月 05, 2017 4:30:52 下午 org.apache.catalina.core.StandardEngine start
資訊: Starting Servlet Engine: Apache Tomcat/6.0.48
四月 05, 2017 4:31:06 下午 org.apache.tiles.servlets.TilesServlet init
資訊: Initializing TilesServlet
四月 05, 2017 4:31:06 下午 org.apache.tiles.servlets.TilesServlet readFactoryConfig
資訊: CONFIG FILES DEFINED IN WEB.XML
四月 05, 2017 4:31:06 下午 org.apache.tiles.servlets.TilesServlet initDefinitionsFactory
資訊: initializing definitions factory...
四月 05, 2017 4:31:06 下午 org.apache.catalina.startup.HostConfig deployDescriptor
資訊: Deploying configuration descriptor host-manager.xml
四月 05, 2017 4:31:06 下午 org.apache.catalina.startup.HostConfig deployDescriptor
資訊: Deploying configuration descriptor manager.xml
四月 05, 2017 4:31:07 下午 org.apache.catalina.startup.HostConfig deployDirectory
資訊: Deploying web application directory docs
四月 05, 2017 4:31:07 下午 org.apache.catalina.startup.HostConfig deployDirectory
資訊: Deploying web application directory examples
四月 05, 2017 4:31:07 下午 org.apache.catalina.startup.HostConfig deployDirectory
資訊: Deploying web application directory ROOT
四月 05, 2017 4:31:07 下午 org.apache.coyote.http11.Http11AprProtocol start
資訊: Starting Coyote HTTP/1.1 on http-80
四月 05, 2017 4:31:08 下午 org.apache.coyote.ajp.AjpAprProtocol start
資訊: Starting Coyote AJP/1.3 on ajp-8009
四月 05, 2017 4:31:08 下午 org.apache.catalina.startup.Catalina start
資訊: Server startup in 16009 ms
四月 05, 2017 4:39:24 下午 org.apache.catalina.core.AprLifecycleListener init
資訊: Loaded APR based Apache Tomcat Native library 1.2.10 using APR version 1.5.2.
四月 05, 2017 4:39:24 下午 org.apache.catalina.core.AprLifecycleListener init
資訊: APR capabilities: IPv6 [true], sendfile [true], accept filters [false], random [true].
四月 05, 2017 4:39:25 下午 org.apache.catalina.core.AprLifecycleListener initializeSSL
資訊: OpenSSL successfully initialized with version OpenSSL 1.0.2j  26 Sep 2016
四月 05, 2017 4:39:26 下午 org.apache.coyote.http11.Http11AprProtocol init
資訊: Initializing Coyote HTTP/1.1 on http-80
四月 05, 2017 4:39:26 下午 org.apache.coyote.ajp.AjpAprProtocol init
資訊: Initializing Coyote AJP/1.3 on ajp-8009
四月 05, 2017 4:39:26 下午 org.apache.catalina.startup.Catalina load
資訊: Initialization processed in 2358 ms
四月 05, 2017 4:39:26 下午 org.apache.catalina.core.StandardService start
資訊: Starting service Catalina
四月 05, 2017 4:39:26 下午 org.apache.catalina.core.StandardEngine start
資訊: Starting Servlet Engine: Apache Tomcat/6.0.48
四月 05, 2017 4:39:40 下午 org.apache.tiles.servlets.TilesServlet init
資訊: Initializing TilesServlet
四月 05, 2017 4:39:40 下午 org.apache.tiles.servlets.TilesServlet readFactoryConfig
資訊: CONFIG FILES DEFINED IN WEB.XML
四月 05, 2017 4:39:40 下午 org.apache.tiles.servlets.TilesServlet initDefinitionsFactory
資訊: initializing definitions factory...
四月 05, 2017 4:39:41 下午 org.apache.catalina.startup.HostConfig deployDescriptor
資訊: Deploying configuration descriptor host-manager.xml
四月 05, 2017 4:39:41 下午 org.apache.catalina.startup.HostConfig deployDescriptor
資訊: Deploying configuration descriptor manager.xml
四月 05, 2017 4:39:42 下午 org.apache.catalina.startup.HostConfig deployDirectory
資訊: Deploying web application directory docs
四月 05, 2017 4:39:42 下午 org.apache.catalina.startup.HostConfig deployDirectory
資訊: Deploying web application directory examples
四月 05, 2017 4:39:43 下午 org.apache.catalina.startup.HostConfig deployDirectory
資訊: Deploying web application directory ROOT
四月 05, 2017 4:39:43 下午 org.apache.coyote.http11.Http11AprProtocol start
資訊: Starting Coyote HTTP/1.1 on http-80
四月 05, 2017 4:39:43 下午 org.apache.coyote.ajp.AjpAprProtocol start
資訊: Starting Coyote AJP/1.3 on ajp-8009
四月 05, 2017 4:39:43 下午 org.apache.catalina.startup.Catalina start
資訊: Server startup in 17421 ms
四月 05, 2017 4:55:47 下午 org.apache.coyote.http11.Http11AprProtocol pause
資訊: Pausing Coyote HTTP/1.1 on http-80
四月 05, 2017 4:55:47 下午 org.apache.coyote.ajp.AjpAprProtocol pause
資訊: Pausing Coyote AJP/1.3 on ajp-8009
四月 05, 2017 4:55:48 下午 org.apache.catalina.core.StandardService stop
資訊: Stopping service Catalina
四月 05, 2017 4:55:49 下午 org.apache.catalina.loader.WebappClassLoader clearReferencesJdbc
嚴重: The web application [/northwest] registered the JDBC driver [com.microsoft.sqlserver.jdbc.SQLServerDriver] but failed to unregister it when the web application was stopped. To prevent a memory leak, the JDBC Driver has been forcibly unregistered.
四月 05, 2017 4:55:49 下午 org.apache.catalina.loader.WebappClassLoader checkThreadLocalMapForLeaks
嚴重: The web application [/northwest] created a ThreadLocal with key of type [java.lang.ThreadLocal] (value [java.lang.ThreadLocal@1df7e2b0]) and a value of type [com.uwyn.rife.continuations.ContinuationContext] (value [com.uwyn.rife.continuations.ContinuationContext@6bae4533]) but failed to remove it when the web application was stopped. This is very likely to create a memory leak.
四月 05, 2017 4:55:49 下午 org.apache.catalina.loader.WebappClassLoader checkThreadLocalMapForLeaks
嚴重: The web application [/northwest] created a ThreadLocal with key of type [java.lang.ThreadLocal] (value [java.lang.ThreadLocal@1df7e2b0]) and a value of type [com.uwyn.rife.continuations.ContinuationContext] (value [com.uwyn.rife.continuations.ContinuationContext@16dbd641]) but failed to remove it when the web application was stopped. This is very likely to create a memory leak.
四月 05, 2017 4:55:49 下午 org.apache.catalina.loader.WebappClassLoader checkThreadLocalMapForLeaks
嚴重: The web application [/northwest] created a ThreadLocal with key of type [java.lang.ThreadLocal] (value [java.lang.ThreadLocal@1df7e2b0]) and a value of type [com.uwyn.rife.continuations.ContinuationContext] (value [com.uwyn.rife.continuations.ContinuationContext@77a6d51d]) but failed to remove it when the web application was stopped. This is very likely to create a memory leak.
四月 05, 2017 4:55:49 下午 org.apache.catalina.loader.WebappClassLoader checkThreadLocalMapForLeaks
嚴重: The web application [/northwest] created a ThreadLocal with key of type [java.lang.ThreadLocal] (value [java.lang.ThreadLocal@1df7e2b0]) and a value of type [com.uwyn.rife.continuations.ContinuationContext] (value [com.uwyn.rife.continuations.ContinuationContext@116ba963]) but failed to remove it when the web application was stopped. This is very likely to create a memory leak.
四月 05, 2017 4:55:50 下午 org.apache.coyote.http11.Http11AprProtocol destroy
資訊: Stopping Coyote HTTP/1.1 on http-80
四月 05, 2017 4:55:50 下午 org.apache.coyote.ajp.AjpAprProtocol destroy
資訊: Stopping Coyote AJP/1.3 on ajp-8009
