三月 25, 2017 11:54:37 上午 org.apache.catalina.core.AprLifecycleListener init
資訊: Loaded APR based Apache Tomcat Native library 1.2.10 using APR version 1.5.2.
三月 25, 2017 11:54:37 上午 org.apache.catalina.core.AprLifecycleListener init
資訊: APR capabilities: IPv6 [true], sendfile [true], accept filters [false], random [true].
三月 25, 2017 11:54:39 上午 org.apache.catalina.core.AprLifecycleListener initializeSSL
資訊: OpenSSL successfully initialized with version OpenSSL 1.0.2j  26 Sep 2016
三月 25, 2017 11:54:39 上午 org.apache.coyote.http11.Http11AprProtocol init
資訊: Initializing Coyote HTTP/1.1 on http-80
三月 25, 2017 11:54:39 上午 org.apache.coyote.ajp.AjpAprProtocol init
資訊: Initializing Coyote AJP/1.3 on ajp-8009
三月 25, 2017 11:54:39 上午 org.apache.catalina.startup.Catalina load
資訊: Initialization processed in 3374 ms
三月 25, 2017 11:54:39 上午 org.apache.catalina.core.StandardService start
資訊: Starting service Catalina
三月 25, 2017 11:54:39 上午 org.apache.catalina.core.StandardEngine start
資訊: Starting Servlet Engine: Apache Tomcat/6.0.48
三月 25, 2017 11:54:53 上午 org.apache.tiles.servlets.TilesServlet init
資訊: Initializing TilesServlet
三月 25, 2017 11:54:53 上午 org.apache.tiles.servlets.TilesServlet readFactoryConfig
資訊: CONFIG FILES DEFINED IN WEB.XML
三月 25, 2017 11:54:53 上午 org.apache.tiles.servlets.TilesServlet initDefinitionsFactory
資訊: initializing definitions factory...
三月 25, 2017 11:54:53 上午 org.apache.catalina.startup.HostConfig deployDescriptor
資訊: Deploying configuration descriptor host-manager.xml
三月 25, 2017 11:54:53 上午 org.apache.catalina.startup.HostConfig deployDescriptor
資訊: Deploying configuration descriptor manager.xml
三月 25, 2017 11:54:53 上午 org.apache.catalina.startup.HostConfig deployDirectory
資訊: Deploying web application directory docs
三月 25, 2017 11:54:54 上午 org.apache.catalina.startup.HostConfig deployDirectory
資訊: Deploying web application directory examples
三月 25, 2017 11:54:55 上午 org.apache.catalina.startup.HostConfig deployDirectory
資訊: Deploying web application directory ROOT
三月 25, 2017 11:54:56 上午 org.apache.coyote.http11.Http11AprProtocol start
資訊: Starting Coyote HTTP/1.1 on http-80
三月 25, 2017 11:54:56 上午 org.apache.coyote.ajp.AjpAprProtocol start
資訊: Starting Coyote AJP/1.3 on ajp-8009
三月 25, 2017 11:54:56 上午 org.apache.catalina.startup.Catalina start
資訊: Server startup in 16450 ms
三月 25, 2017 5:36:09 下午 org.apache.catalina.core.AprLifecycleListener init
資訊: Loaded APR based Apache Tomcat Native library 1.2.10 using APR version 1.5.2.
三月 25, 2017 5:36:09 下午 org.apache.catalina.core.AprLifecycleListener init
資訊: APR capabilities: IPv6 [true], sendfile [true], accept filters [false], random [true].
三月 25, 2017 5:36:10 下午 org.apache.catalina.core.AprLifecycleListener initializeSSL
資訊: OpenSSL successfully initialized with version OpenSSL 1.0.2j  26 Sep 2016
三月 25, 2017 5:36:11 下午 org.apache.coyote.http11.Http11AprProtocol init
資訊: Initializing Coyote HTTP/1.1 on http-80
三月 25, 2017 5:36:11 下午 org.apache.coyote.ajp.AjpAprProtocol init
資訊: Initializing Coyote AJP/1.3 on ajp-8009
三月 25, 2017 5:36:11 下午 org.apache.catalina.startup.Catalina load
資訊: Initialization processed in 3162 ms
三月 25, 2017 5:36:11 下午 org.apache.catalina.core.StandardService start
資訊: Starting service Catalina
三月 25, 2017 5:36:11 下午 org.apache.catalina.core.StandardEngine start
資訊: Starting Servlet Engine: Apache Tomcat/6.0.48
三月 25, 2017 5:36:23 下午 org.apache.tiles.servlets.TilesServlet init
資訊: Initializing TilesServlet
三月 25, 2017 5:36:23 下午 org.apache.tiles.servlets.TilesServlet readFactoryConfig
資訊: CONFIG FILES DEFINED IN WEB.XML
三月 25, 2017 5:36:24 下午 org.apache.tiles.servlets.TilesServlet initDefinitionsFactory
資訊: initializing definitions factory...
三月 25, 2017 5:36:24 下午 org.apache.catalina.startup.HostConfig deployDescriptor
資訊: Deploying configuration descriptor host-manager.xml
三月 25, 2017 5:36:24 下午 org.apache.catalina.startup.HostConfig deployDescriptor
資訊: Deploying configuration descriptor manager.xml
三月 25, 2017 5:36:25 下午 org.apache.catalina.startup.HostConfig deployDirectory
資訊: Deploying web application directory docs
三月 25, 2017 5:36:25 下午 org.apache.catalina.startup.HostConfig deployDirectory
資訊: Deploying web application directory examples
三月 25, 2017 5:36:26 下午 org.apache.catalina.startup.HostConfig deployDirectory
資訊: Deploying web application directory ROOT
三月 25, 2017 5:36:26 下午 org.apache.coyote.http11.Http11AprProtocol start
資訊: Starting Coyote HTTP/1.1 on http-80
三月 25, 2017 5:36:26 下午 org.apache.coyote.ajp.AjpAprProtocol start
資訊: Starting Coyote AJP/1.3 on ajp-8009
三月 25, 2017 5:36:26 下午 org.apache.catalina.startup.Catalina start
資訊: Server startup in 15480 ms
三月 25, 2017 5:55:00 下午 org.apache.catalina.core.AprLifecycleListener init
資訊: Loaded APR based Apache Tomcat Native library 1.2.10 using APR version 1.5.2.
三月 25, 2017 5:55:01 下午 org.apache.catalina.core.AprLifecycleListener init
資訊: APR capabilities: IPv6 [true], sendfile [true], accept filters [false], random [true].
三月 25, 2017 5:55:02 下午 org.apache.catalina.core.AprLifecycleListener initializeSSL
資訊: OpenSSL successfully initialized with version OpenSSL 1.0.2j  26 Sep 2016
三月 25, 2017 5:55:03 下午 org.apache.coyote.http11.Http11AprProtocol init
資訊: Initializing Coyote HTTP/1.1 on http-80
三月 25, 2017 5:55:03 下午 org.apache.coyote.ajp.AjpAprProtocol init
資訊: Initializing Coyote AJP/1.3 on ajp-8009
三月 25, 2017 5:55:03 下午 org.apache.catalina.startup.Catalina load
資訊: Initialization processed in 3464 ms
三月 25, 2017 5:55:03 下午 org.apache.catalina.core.StandardService start
資訊: Starting service Catalina
三月 25, 2017 5:55:03 下午 org.apache.catalina.core.StandardEngine start
資訊: Starting Servlet Engine: Apache Tomcat/6.0.48
三月 25, 2017 5:55:13 下午 org.apache.tiles.servlets.TilesServlet init
資訊: Initializing TilesServlet
三月 25, 2017 5:55:13 下午 org.apache.tiles.servlets.TilesServlet readFactoryConfig
資訊: CONFIG FILES DEFINED IN WEB.XML
三月 25, 2017 5:55:14 下午 org.apache.tiles.servlets.TilesServlet initDefinitionsFactory
資訊: initializing definitions factory...
三月 25, 2017 5:55:14 下午 org.apache.catalina.startup.HostConfig deployDescriptor
資訊: Deploying configuration descriptor host-manager.xml
三月 25, 2017 5:55:14 下午 org.apache.catalina.startup.HostConfig deployDescriptor
資訊: Deploying configuration descriptor manager.xml
三月 25, 2017 5:55:15 下午 org.apache.catalina.startup.HostConfig deployDirectory
資訊: Deploying web application directory docs
三月 25, 2017 5:55:15 下午 org.apache.catalina.startup.HostConfig deployDirectory
資訊: Deploying web application directory examples
三月 25, 2017 5:55:16 下午 org.apache.catalina.startup.HostConfig deployDirectory
資訊: Deploying web application directory ROOT
三月 25, 2017 5:55:16 下午 org.apache.coyote.http11.Http11AprProtocol start
資訊: Starting Coyote HTTP/1.1 on http-80
三月 25, 2017 5:55:16 下午 org.apache.coyote.ajp.AjpAprProtocol start
資訊: Starting Coyote AJP/1.3 on ajp-8009
三月 25, 2017 5:55:16 下午 org.apache.catalina.startup.Catalina start
資訊: Server startup in 13256 ms
三月 25, 2017 10:32:36 下午 org.apache.catalina.core.AprLifecycleListener init
資訊: Loaded APR based Apache Tomcat Native library 1.2.10 using APR version 1.5.2.
三月 25, 2017 10:32:36 下午 org.apache.catalina.core.AprLifecycleListener init
資訊: APR capabilities: IPv6 [true], sendfile [true], accept filters [false], random [true].
三月 25, 2017 10:32:38 下午 org.apache.catalina.core.AprLifecycleListener initializeSSL
資訊: OpenSSL successfully initialized with version OpenSSL 1.0.2j  26 Sep 2016
三月 25, 2017 10:32:38 下午 org.apache.coyote.http11.Http11AprProtocol init
資訊: Initializing Coyote HTTP/1.1 on http-80
三月 25, 2017 10:32:38 下午 org.apache.coyote.ajp.AjpAprProtocol init
資訊: Initializing Coyote AJP/1.3 on ajp-8009
三月 25, 2017 10:32:38 下午 org.apache.catalina.startup.Catalina load
資訊: Initialization processed in 2900 ms
三月 25, 2017 10:32:38 下午 org.apache.catalina.core.StandardService start
資訊: Starting service Catalina
三月 25, 2017 10:32:38 下午 org.apache.catalina.core.StandardEngine start
資訊: Starting Servlet Engine: Apache Tomcat/6.0.48
三月 25, 2017 10:32:49 下午 org.apache.tiles.servlets.TilesServlet init
資訊: Initializing TilesServlet
三月 25, 2017 10:32:49 下午 org.apache.tiles.servlets.TilesServlet readFactoryConfig
資訊: CONFIG FILES DEFINED IN WEB.XML
三月 25, 2017 10:32:49 下午 org.apache.tiles.servlets.TilesServlet initDefinitionsFactory
資訊: initializing definitions factory...
三月 25, 2017 10:32:49 下午 org.apache.catalina.startup.HostConfig deployDescriptor
資訊: Deploying configuration descriptor host-manager.xml
三月 25, 2017 10:32:49 下午 org.apache.catalina.startup.HostConfig deployDescriptor
資訊: Deploying configuration descriptor manager.xml
三月 25, 2017 10:32:50 下午 org.apache.catalina.startup.HostConfig deployDirectory
資訊: Deploying web application directory docs
三月 25, 2017 10:32:50 下午 org.apache.catalina.startup.HostConfig deployDirectory
資訊: Deploying web application directory examples
三月 25, 2017 10:32:51 下午 org.apache.catalina.startup.HostConfig deployDirectory
資訊: Deploying web application directory ROOT
三月 25, 2017 10:32:51 下午 org.apache.coyote.http11.Http11AprProtocol start
資訊: Starting Coyote HTTP/1.1 on http-80
三月 25, 2017 10:32:52 下午 org.apache.coyote.ajp.AjpAprProtocol start
資訊: Starting Coyote AJP/1.3 on ajp-8009
三月 25, 2017 10:32:52 下午 org.apache.catalina.startup.Catalina start
資訊: Server startup in 13174 ms
三月 25, 2017 10:55:08 下午 org.apache.catalina.core.AprLifecycleListener init
資訊: Loaded APR based Apache Tomcat Native library 1.2.10 using APR version 1.5.2.
三月 25, 2017 10:55:08 下午 org.apache.catalina.core.AprLifecycleListener init
資訊: APR capabilities: IPv6 [true], sendfile [true], accept filters [false], random [true].
三月 25, 2017 10:55:09 下午 org.apache.catalina.core.AprLifecycleListener initializeSSL
資訊: OpenSSL successfully initialized with version OpenSSL 1.0.2j  26 Sep 2016
三月 25, 2017 10:55:10 下午 org.apache.coyote.http11.Http11AprProtocol init
資訊: Initializing Coyote HTTP/1.1 on http-80
三月 25, 2017 10:55:10 下午 org.apache.coyote.ajp.AjpAprProtocol init
資訊: Initializing Coyote AJP/1.3 on ajp-8009
三月 25, 2017 10:55:10 下午 org.apache.catalina.startup.Catalina load
資訊: Initialization processed in 3255 ms
三月 25, 2017 10:55:10 下午 org.apache.catalina.core.StandardService start
資訊: Starting service Catalina
三月 25, 2017 10:55:10 下午 org.apache.catalina.core.StandardEngine start
資訊: Starting Servlet Engine: Apache Tomcat/6.0.48
三月 25, 2017 10:55:20 下午 org.apache.tiles.servlets.TilesServlet init
資訊: Initializing TilesServlet
三月 25, 2017 10:55:20 下午 org.apache.tiles.servlets.TilesServlet readFactoryConfig
資訊: CONFIG FILES DEFINED IN WEB.XML
三月 25, 2017 10:55:20 下午 org.apache.tiles.servlets.TilesServlet initDefinitionsFactory
資訊: initializing definitions factory...
三月 25, 2017 10:55:21 下午 org.apache.catalina.startup.HostConfig deployDescriptor
資訊: Deploying configuration descriptor host-manager.xml
三月 25, 2017 10:55:21 下午 org.apache.catalina.startup.HostConfig deployDescriptor
資訊: Deploying configuration descriptor manager.xml
三月 25, 2017 10:55:21 下午 org.apache.catalina.startup.HostConfig deployDirectory
資訊: Deploying web application directory docs
三月 25, 2017 10:55:21 下午 org.apache.catalina.startup.HostConfig deployDirectory
資訊: Deploying web application directory examples
三月 25, 2017 10:55:21 下午 org.apache.catalina.startup.HostConfig deployDirectory
資訊: Deploying web application directory ROOT
三月 25, 2017 10:55:21 下午 org.apache.coyote.http11.Http11AprProtocol start
資訊: Starting Coyote HTTP/1.1 on http-80
三月 25, 2017 10:55:21 下午 org.apache.coyote.ajp.AjpAprProtocol start
資訊: Starting Coyote AJP/1.3 on ajp-8009
三月 25, 2017 10:55:21 下午 org.apache.catalina.startup.Catalina start
資訊: Server startup in 11274 ms
三月 25, 2017 10:49:30 上午 org.apache.catalina.core.AprLifecycleListener init
資訊: Loaded APR based Apache Tomcat Native library 1.2.10 using APR version 1.5.2.
三月 25, 2017 10:49:30 上午 org.apache.catalina.core.AprLifecycleListener init
資訊: APR capabilities: IPv6 [true], sendfile [true], accept filters [false], random [true].
三月 25, 2017 10:49:31 上午 org.apache.catalina.core.AprLifecycleListener initializeSSL
資訊: OpenSSL successfully initialized with version OpenSSL 1.0.2j  26 Sep 2016
三月 25, 2017 10:49:32 上午 org.apache.coyote.http11.Http11AprProtocol init
資訊: Initializing Coyote HTTP/1.1 on http-80
三月 25, 2017 10:49:32 上午 org.apache.coyote.ajp.AjpAprProtocol init
資訊: Initializing Coyote AJP/1.3 on ajp-8009
三月 25, 2017 10:49:32 上午 org.apache.catalina.startup.Catalina load
資訊: Initialization processed in 3059 ms
三月 25, 2017 10:49:32 上午 org.apache.catalina.core.StandardService start
資訊: Starting service Catalina
三月 25, 2017 10:49:32 上午 org.apache.catalina.core.StandardEngine start
資訊: Starting Servlet Engine: Apache Tomcat/6.0.48
三月 25, 2017 10:49:54 上午 org.apache.tiles.servlets.TilesServlet init
資訊: Initializing TilesServlet
三月 25, 2017 10:49:54 上午 org.apache.tiles.servlets.TilesServlet readFactoryConfig
資訊: CONFIG FILES DEFINED IN WEB.XML
三月 25, 2017 10:49:54 上午 org.apache.tiles.servlets.TilesServlet initDefinitionsFactory
資訊: initializing definitions factory...
三月 25, 2017 10:49:55 上午 org.apache.catalina.startup.HostConfig deployDescriptor
資訊: Deploying configuration descriptor host-manager.xml
三月 25, 2017 10:49:55 上午 org.apache.catalina.startup.HostConfig deployDescriptor
資訊: Deploying configuration descriptor manager.xml
三月 25, 2017 10:49:55 上午 org.apache.catalina.startup.HostConfig deployDirectory
資訊: Deploying web application directory docs
三月 25, 2017 10:49:56 上午 org.apache.catalina.startup.HostConfig deployDirectory
資訊: Deploying web application directory examples
三月 25, 2017 10:49:57 上午 org.apache.catalina.startup.HostConfig deployDirectory
資訊: Deploying web application directory ROOT
三月 25, 2017 10:49:57 上午 org.apache.coyote.http11.Http11AprProtocol start
資訊: Starting Coyote HTTP/1.1 on http-80
三月 25, 2017 10:49:57 上午 org.apache.coyote.ajp.AjpAprProtocol start
資訊: Starting Coyote AJP/1.3 on ajp-8009
三月 25, 2017 10:49:58 上午 org.apache.catalina.startup.Catalina start
資訊: Server startup in 25553 ms
