三月 04, 2017 2:19:03 下午 org.apache.catalina.core.AprLifecycleListener init
資訊: Loaded APR based Apache Tomcat Native library 1.2.10 using APR version 1.5.2.
三月 04, 2017 2:19:03 下午 org.apache.catalina.core.AprLifecycleListener init
資訊: APR capabilities: IPv6 [true], sendfile [true], accept filters [false], random [true].
三月 04, 2017 2:19:05 下午 org.apache.catalina.core.AprLifecycleListener initializeSSL
資訊: OpenSSL successfully initialized with version OpenSSL 1.0.2j  26 Sep 2016
三月 04, 2017 2:19:06 下午 org.apache.coyote.http11.Http11AprProtocol init
資訊: Initializing Coyote HTTP/1.1 on http-80
三月 04, 2017 2:19:06 下午 org.apache.coyote.ajp.AjpAprProtocol init
資訊: Initializing Coyote AJP/1.3 on ajp-8009
三月 04, 2017 2:19:06 下午 org.apache.catalina.startup.Catalina load
資訊: Initialization processed in 3679 ms
三月 04, 2017 2:19:06 下午 org.apache.catalina.core.StandardService start
資訊: Starting service Catalina
三月 04, 2017 2:19:06 下午 org.apache.catalina.core.StandardEngine start
資訊: Starting Servlet Engine: Apache Tomcat/6.0.48
三月 04, 2017 2:19:29 下午 org.apache.tiles.servlets.TilesServlet init
資訊: Initializing TilesServlet
三月 04, 2017 2:19:29 下午 org.apache.tiles.servlets.TilesServlet readFactoryConfig
資訊: CONFIG FILES DEFINED IN WEB.XML
三月 04, 2017 2:19:29 下午 org.apache.tiles.servlets.TilesServlet initDefinitionsFactory
資訊: initializing definitions factory...
三月 04, 2017 2:19:29 下午 org.apache.catalina.startup.HostConfig deployDescriptor
資訊: Deploying configuration descriptor host-manager.xml
三月 04, 2017 2:19:30 下午 org.apache.catalina.startup.HostConfig deployDescriptor
資訊: Deploying configuration descriptor manager.xml
三月 04, 2017 2:19:30 下午 org.apache.catalina.startup.HostConfig deployDirectory
資訊: Deploying web application directory docs
三月 04, 2017 2:19:30 下午 org.apache.catalina.startup.HostConfig deployDirectory
資訊: Deploying web application directory examples
三月 04, 2017 2:19:32 下午 org.apache.catalina.startup.HostConfig deployDirectory
資訊: Deploying web application directory ROOT
三月 04, 2017 2:19:32 下午 org.apache.coyote.http11.Http11AprProtocol start
資訊: Starting Coyote HTTP/1.1 on http-80
三月 04, 2017 2:19:32 下午 org.apache.coyote.ajp.AjpAprProtocol start
資訊: Starting Coyote AJP/1.3 on ajp-8009
三月 04, 2017 2:19:32 下午 org.apache.catalina.startup.Catalina start
資訊: Server startup in 26279 ms
三月 04, 2017 2:36:16 下午 org.apache.catalina.core.AprLifecycleListener init
資訊: Loaded APR based Apache Tomcat Native library 1.2.10 using APR version 1.5.2.
三月 04, 2017 2:36:16 下午 org.apache.catalina.core.AprLifecycleListener init
資訊: APR capabilities: IPv6 [true], sendfile [true], accept filters [false], random [true].
三月 04, 2017 2:36:17 下午 org.apache.catalina.core.AprLifecycleListener initializeSSL
資訊: OpenSSL successfully initialized with version OpenSSL 1.0.2j  26 Sep 2016
三月 04, 2017 2:36:17 下午 org.apache.coyote.http11.Http11AprProtocol init
資訊: Initializing Coyote HTTP/1.1 on http-80
三月 04, 2017 2:36:17 下午 org.apache.coyote.ajp.AjpAprProtocol init
資訊: Initializing Coyote AJP/1.3 on ajp-8009
三月 04, 2017 2:36:17 下午 org.apache.catalina.startup.Catalina load
資訊: Initialization processed in 2371 ms
三月 04, 2017 2:36:17 下午 org.apache.catalina.core.StandardService start
資訊: Starting service Catalina
三月 04, 2017 2:36:17 下午 org.apache.catalina.core.StandardEngine start
資訊: Starting Servlet Engine: Apache Tomcat/6.0.48
三月 04, 2017 2:36:26 下午 org.apache.tiles.servlets.TilesServlet init
資訊: Initializing TilesServlet
三月 04, 2017 2:36:26 下午 org.apache.tiles.servlets.TilesServlet readFactoryConfig
資訊: CONFIG FILES DEFINED IN WEB.XML
三月 04, 2017 2:36:27 下午 org.apache.tiles.servlets.TilesServlet initDefinitionsFactory
資訊: initializing definitions factory...
三月 04, 2017 2:36:27 下午 org.apache.catalina.startup.HostConfig deployDescriptor
資訊: Deploying configuration descriptor host-manager.xml
三月 04, 2017 2:36:27 下午 org.apache.catalina.startup.HostConfig deployDescriptor
資訊: Deploying configuration descriptor manager.xml
三月 04, 2017 2:36:28 下午 org.apache.catalina.startup.HostConfig deployDirectory
資訊: Deploying web application directory docs
三月 04, 2017 2:36:28 下午 org.apache.catalina.startup.HostConfig deployDirectory
資訊: Deploying web application directory examples
三月 04, 2017 2:36:29 下午 org.apache.catalina.startup.HostConfig deployDirectory
資訊: Deploying web application directory ROOT
三月 04, 2017 2:36:29 下午 org.apache.coyote.http11.Http11AprProtocol start
資訊: Starting Coyote HTTP/1.1 on http-80
三月 04, 2017 2:36:29 下午 org.apache.coyote.ajp.AjpAprProtocol start
資訊: Starting Coyote AJP/1.3 on ajp-8009
三月 04, 2017 2:36:29 下午 org.apache.catalina.startup.Catalina start
資訊: Server startup in 11764 ms
三月 04, 2017 2:43:41 下午 org.apache.catalina.core.StandardContext reload
資訊: Reloading Context with name [/northwest] has started
三月 04, 2017 2:43:41 下午 org.apache.catalina.loader.WebappClassLoader clearReferencesJdbc
嚴重: The web application [/northwest] registered the JDBC driver [com.microsoft.sqlserver.jdbc.SQLServerDriver] but failed to unregister it when the web application was stopped. To prevent a memory leak, the JDBC Driver has been forcibly unregistered.
三月 04, 2017 2:43:41 下午 org.apache.catalina.loader.WebappClassLoader checkThreadLocalMapForLeaks
嚴重: The web application [/northwest] created a ThreadLocal with key of type [java.lang.ThreadLocal] (value [java.lang.ThreadLocal@38ded1d1]) and a value of type [com.uwyn.rife.continuations.ContinuationContext] (value [com.uwyn.rife.continuations.ContinuationContext@62313c4f]) but failed to remove it when the web application was stopped. This is very likely to create a memory leak.
三月 04, 2017 2:43:41 下午 org.apache.catalina.loader.WebappClassLoader checkThreadLocalMapForLeaks
嚴重: The web application [/northwest] created a ThreadLocal with key of type [java.lang.ThreadLocal] (value [java.lang.ThreadLocal@38ded1d1]) and a value of type [com.uwyn.rife.continuations.ContinuationContext] (value [com.uwyn.rife.continuations.ContinuationContext@3b6580dd]) but failed to remove it when the web application was stopped. This is very likely to create a memory leak.
三月 04, 2017 2:43:41 下午 org.apache.catalina.loader.WebappClassLoader checkThreadLocalMapForLeaks
嚴重: The web application [/northwest] created a ThreadLocal with key of type [java.lang.ThreadLocal] (value [java.lang.ThreadLocal@38ded1d1]) and a value of type [com.uwyn.rife.continuations.ContinuationContext] (value [com.uwyn.rife.continuations.ContinuationContext@737b292c]) but failed to remove it when the web application was stopped. This is very likely to create a memory leak.
三月 04, 2017 2:43:41 下午 org.apache.catalina.loader.WebappClassLoader checkThreadLocalMapForLeaks
嚴重: The web application [/northwest] created a ThreadLocal with key of type [java.lang.ThreadLocal] (value [java.lang.ThreadLocal@38ded1d1]) and a value of type [com.uwyn.rife.continuations.ContinuationContext] (value [com.uwyn.rife.continuations.ContinuationContext@5cf9c1d]) but failed to remove it when the web application was stopped. This is very likely to create a memory leak.
三月 04, 2017 2:43:41 下午 org.apache.catalina.loader.WebappClassLoader checkThreadLocalMapForLeaks
嚴重: The web application [/northwest] created a ThreadLocal with key of type [java.lang.ThreadLocal] (value [java.lang.ThreadLocal@38ded1d1]) and a value of type [com.uwyn.rife.continuations.ContinuationContext] (value [com.uwyn.rife.continuations.ContinuationContext@5c5ca96e]) but failed to remove it when the web application was stopped. This is very likely to create a memory leak.
三月 04, 2017 2:43:53 下午 org.apache.tiles.servlets.TilesServlet init
資訊: Initializing TilesServlet
三月 04, 2017 2:43:53 下午 org.apache.tiles.servlets.TilesServlet readFactoryConfig
資訊: CONFIG FILES DEFINED IN WEB.XML
三月 04, 2017 2:43:53 下午 org.apache.tiles.servlets.TilesServlet initDefinitionsFactory
資訊: initializing definitions factory...
