四月 04, 2017 9:13:24 上午 org.apache.catalina.core.AprLifecycleListener init
資訊: Loaded APR based Apache Tomcat Native library 1.2.10 using APR version 1.5.2.
四月 04, 2017 9:13:24 上午 org.apache.catalina.core.AprLifecycleListener init
資訊: APR capabilities: IPv6 [true], sendfile [true], accept filters [false], random [true].
四月 04, 2017 9:13:25 上午 org.apache.catalina.core.AprLifecycleListener initializeSSL
資訊: OpenSSL successfully initialized with version OpenSSL 1.0.2j  26 Sep 2016
四月 04, 2017 9:13:26 上午 org.apache.coyote.http11.Http11AprProtocol init
資訊: Initializing Coyote HTTP/1.1 on http-80
四月 04, 2017 9:13:26 上午 org.apache.coyote.ajp.AjpAprProtocol init
資訊: Initializing Coyote AJP/1.3 on ajp-8009
四月 04, 2017 9:13:26 上午 org.apache.catalina.startup.Catalina load
資訊: Initialization processed in 3802 ms
四月 04, 2017 9:13:27 上午 org.apache.catalina.core.StandardService start
資訊: Starting service Catalina
四月 04, 2017 9:13:27 上午 org.apache.catalina.core.StandardEngine start
資訊: Starting Servlet Engine: Apache Tomcat/6.0.48
四月 04, 2017 9:13:49 上午 org.apache.tiles.servlets.TilesServlet init
資訊: Initializing TilesServlet
四月 04, 2017 9:13:49 上午 org.apache.tiles.servlets.TilesServlet readFactoryConfig
資訊: CONFIG FILES DEFINED IN WEB.XML
四月 04, 2017 9:13:49 上午 org.apache.tiles.servlets.TilesServlet initDefinitionsFactory
資訊: initializing definitions factory...
四月 04, 2017 9:13:49 上午 org.apache.catalina.startup.HostConfig deployDescriptor
資訊: Deploying configuration descriptor host-manager.xml
四月 04, 2017 9:13:49 上午 org.apache.catalina.startup.HostConfig deployDescriptor
資訊: Deploying configuration descriptor manager.xml
四月 04, 2017 9:13:50 上午 org.apache.catalina.startup.HostConfig deployDirectory
資訊: Deploying web application directory docs
四月 04, 2017 9:13:50 上午 org.apache.catalina.startup.HostConfig deployDirectory
資訊: Deploying web application directory examples
四月 04, 2017 9:13:53 上午 org.apache.catalina.startup.HostConfig deployDirectory
資訊: Deploying web application directory ROOT
四月 04, 2017 9:13:53 上午 org.apache.coyote.http11.Http11AprProtocol start
資訊: Starting Coyote HTTP/1.1 on http-80
四月 04, 2017 9:13:53 上午 org.apache.coyote.ajp.AjpAprProtocol start
資訊: Starting Coyote AJP/1.3 on ajp-8009
四月 04, 2017 9:13:53 上午 org.apache.catalina.startup.Catalina start
資訊: Server startup in 27004 ms
四月 04, 2017 10:27:20 上午 org.apache.catalina.core.AprLifecycleListener init
資訊: Loaded APR based Apache Tomcat Native library 1.2.10 using APR version 1.5.2.
四月 04, 2017 10:27:20 上午 org.apache.catalina.core.AprLifecycleListener init
資訊: APR capabilities: IPv6 [true], sendfile [true], accept filters [false], random [true].
四月 04, 2017 10:27:21 上午 org.apache.catalina.core.AprLifecycleListener initializeSSL
資訊: OpenSSL successfully initialized with version OpenSSL 1.0.2j  26 Sep 2016
四月 04, 2017 10:27:22 上午 org.apache.coyote.http11.Http11AprProtocol init
資訊: Initializing Coyote HTTP/1.1 on http-80
四月 04, 2017 10:27:22 上午 org.apache.coyote.ajp.AjpAprProtocol init
資訊: Initializing Coyote AJP/1.3 on ajp-8009
四月 04, 2017 10:27:22 上午 org.apache.catalina.startup.Catalina load
資訊: Initialization processed in 2464 ms
四月 04, 2017 10:27:22 上午 org.apache.catalina.core.StandardService start
資訊: Starting service Catalina
四月 04, 2017 10:27:22 上午 org.apache.catalina.core.StandardEngine start
資訊: Starting Servlet Engine: Apache Tomcat/6.0.48
四月 04, 2017 10:27:32 上午 org.apache.tiles.servlets.TilesServlet init
資訊: Initializing TilesServlet
四月 04, 2017 10:27:32 上午 org.apache.tiles.servlets.TilesServlet readFactoryConfig
資訊: CONFIG FILES DEFINED IN WEB.XML
四月 04, 2017 10:27:32 上午 org.apache.tiles.servlets.TilesServlet initDefinitionsFactory
資訊: initializing definitions factory...
四月 04, 2017 10:27:32 上午 org.apache.catalina.startup.HostConfig deployDescriptor
資訊: Deploying configuration descriptor host-manager.xml
四月 04, 2017 10:27:33 上午 org.apache.catalina.startup.HostConfig deployDescriptor
資訊: Deploying configuration descriptor manager.xml
四月 04, 2017 10:27:33 上午 org.apache.catalina.startup.HostConfig deployDirectory
資訊: Deploying web application directory docs
四月 04, 2017 10:27:33 上午 org.apache.catalina.startup.HostConfig deployDirectory
資訊: Deploying web application directory examples
四月 04, 2017 10:27:34 上午 org.apache.catalina.startup.HostConfig deployDirectory
資訊: Deploying web application directory ROOT
四月 04, 2017 10:27:34 上午 org.apache.coyote.http11.Http11AprProtocol start
資訊: Starting Coyote HTTP/1.1 on http-80
四月 04, 2017 10:27:34 上午 org.apache.coyote.ajp.AjpAprProtocol start
資訊: Starting Coyote AJP/1.3 on ajp-8009
四月 04, 2017 10:27:34 上午 org.apache.catalina.startup.Catalina start
資訊: Server startup in 12393 ms
四月 04, 2017 10:28:24 上午 org.apache.catalina.core.StandardContext reload
資訊: Reloading Context with name [/northwest] has started
四月 04, 2017 10:28:24 上午 org.apache.catalina.loader.WebappClassLoader clearReferencesJdbc
嚴重: The web application [/northwest] registered the JDBC driver [com.microsoft.sqlserver.jdbc.SQLServerDriver] but failed to unregister it when the web application was stopped. To prevent a memory leak, the JDBC Driver has been forcibly unregistered.
四月 04, 2017 10:28:24 上午 org.apache.catalina.loader.WebappClassLoader checkThreadLocalMapForLeaks
嚴重: The web application [/northwest] created a ThreadLocal with key of type [java.lang.ThreadLocal] (value [java.lang.ThreadLocal@6c0dd711]) and a value of type [com.uwyn.rife.continuations.ContinuationContext] (value [com.uwyn.rife.continuations.ContinuationContext@4cfbed0d]) but failed to remove it when the web application was stopped. This is very likely to create a memory leak.
四月 04, 2017 10:28:36 上午 org.apache.tiles.servlets.TilesServlet init
資訊: Initializing TilesServlet
四月 04, 2017 10:28:36 上午 org.apache.tiles.servlets.TilesServlet readFactoryConfig
資訊: CONFIG FILES DEFINED IN WEB.XML
四月 04, 2017 10:28:36 上午 org.apache.tiles.servlets.TilesServlet initDefinitionsFactory
資訊: initializing definitions factory...
四月 04, 2017 10:44:16 上午 org.apache.catalina.core.AprLifecycleListener init
資訊: Loaded APR based Apache Tomcat Native library 1.2.10 using APR version 1.5.2.
四月 04, 2017 10:44:16 上午 org.apache.catalina.core.AprLifecycleListener init
資訊: APR capabilities: IPv6 [true], sendfile [true], accept filters [false], random [true].
四月 04, 2017 10:44:17 上午 org.apache.catalina.core.AprLifecycleListener initializeSSL
資訊: OpenSSL successfully initialized with version OpenSSL 1.0.2j  26 Sep 2016
四月 04, 2017 10:44:18 上午 org.apache.coyote.http11.Http11AprProtocol init
資訊: Initializing Coyote HTTP/1.1 on http-80
四月 04, 2017 10:44:18 上午 org.apache.coyote.ajp.AjpAprProtocol init
資訊: Initializing Coyote AJP/1.3 on ajp-8009
四月 04, 2017 10:44:18 上午 org.apache.catalina.startup.Catalina load
資訊: Initialization processed in 2939 ms
四月 04, 2017 10:44:18 上午 org.apache.catalina.core.StandardService start
資訊: Starting service Catalina
四月 04, 2017 10:44:18 上午 org.apache.catalina.core.StandardEngine start
資訊: Starting Servlet Engine: Apache Tomcat/6.0.48
四月 04, 2017 10:44:27 上午 org.apache.tiles.servlets.TilesServlet init
資訊: Initializing TilesServlet
四月 04, 2017 10:44:28 上午 org.apache.tiles.servlets.TilesServlet readFactoryConfig
資訊: CONFIG FILES DEFINED IN WEB.XML
四月 04, 2017 10:44:28 上午 org.apache.tiles.servlets.TilesServlet initDefinitionsFactory
資訊: initializing definitions factory...
四月 04, 2017 10:44:28 上午 org.apache.catalina.startup.HostConfig deployDescriptor
資訊: Deploying configuration descriptor host-manager.xml
四月 04, 2017 10:44:28 上午 org.apache.catalina.startup.HostConfig deployDescriptor
資訊: Deploying configuration descriptor manager.xml
四月 04, 2017 10:44:28 上午 org.apache.catalina.startup.HostConfig deployDirectory
資訊: Deploying web application directory docs
四月 04, 2017 10:44:29 上午 org.apache.catalina.startup.HostConfig deployDirectory
資訊: Deploying web application directory examples
四月 04, 2017 10:44:29 上午 org.apache.catalina.startup.HostConfig deployDirectory
資訊: Deploying web application directory ROOT
四月 04, 2017 10:44:29 上午 org.apache.coyote.http11.Http11AprProtocol start
資訊: Starting Coyote HTTP/1.1 on http-80
四月 04, 2017 10:44:29 上午 org.apache.coyote.ajp.AjpAprProtocol start
資訊: Starting Coyote AJP/1.3 on ajp-8009
四月 04, 2017 10:44:29 上午 org.apache.catalina.startup.Catalina start
資訊: Server startup in 11782 ms
四月 04, 2017 10:50:10 上午 org.apache.catalina.core.StandardContext reload
資訊: Reloading Context with name [/northwest] has started
四月 04, 2017 10:50:10 上午 org.apache.catalina.loader.WebappClassLoader clearReferencesJdbc
嚴重: The web application [/northwest] registered the JDBC driver [com.microsoft.sqlserver.jdbc.SQLServerDriver] but failed to unregister it when the web application was stopped. To prevent a memory leak, the JDBC Driver has been forcibly unregistered.
四月 04, 2017 10:50:10 上午 org.apache.catalina.loader.WebappClassLoader checkThreadLocalMapForLeaks
嚴重: The web application [/northwest] created a ThreadLocal with key of type [java.lang.ThreadLocal] (value [java.lang.ThreadLocal@7d545476]) and a value of type [com.uwyn.rife.continuations.ContinuationContext] (value [com.uwyn.rife.continuations.ContinuationContext@2757fc29]) but failed to remove it when the web application was stopped. This is very likely to create a memory leak.
四月 04, 2017 10:50:10 上午 org.apache.catalina.loader.WebappClassLoader checkThreadLocalMapForLeaks
嚴重: The web application [/northwest] created a ThreadLocal with key of type [java.lang.ThreadLocal] (value [java.lang.ThreadLocal@7d545476]) and a value of type [com.uwyn.rife.continuations.ContinuationContext] (value [com.uwyn.rife.continuations.ContinuationContext@13d4200d]) but failed to remove it when the web application was stopped. This is very likely to create a memory leak.
四月 04, 2017 10:50:10 上午 org.apache.catalina.loader.WebappClassLoader checkThreadLocalMapForLeaks
嚴重: The web application [/northwest] created a ThreadLocal with key of type [java.lang.ThreadLocal] (value [java.lang.ThreadLocal@7d545476]) and a value of type [com.uwyn.rife.continuations.ContinuationContext] (value [com.uwyn.rife.continuations.ContinuationContext@5b202e96]) but failed to remove it when the web application was stopped. This is very likely to create a memory leak.
四月 04, 2017 10:50:21 上午 org.apache.tiles.servlets.TilesServlet init
資訊: Initializing TilesServlet
四月 04, 2017 10:50:21 上午 org.apache.tiles.servlets.TilesServlet readFactoryConfig
資訊: CONFIG FILES DEFINED IN WEB.XML
四月 04, 2017 10:50:21 上午 org.apache.tiles.servlets.TilesServlet initDefinitionsFactory
資訊: initializing definitions factory...
四月 04, 2017 10:50:25 上午 org.apache.catalina.core.AprLifecycleListener init
資訊: Loaded APR based Apache Tomcat Native library 1.2.10 using APR version 1.5.2.
四月 04, 2017 10:50:25 上午 org.apache.catalina.core.AprLifecycleListener init
資訊: APR capabilities: IPv6 [true], sendfile [true], accept filters [false], random [true].
四月 04, 2017 10:50:27 上午 org.apache.catalina.core.AprLifecycleListener initializeSSL
資訊: OpenSSL successfully initialized with version OpenSSL 1.0.2j  26 Sep 2016
四月 04, 2017 10:50:27 上午 org.apache.coyote.http11.Http11AprProtocol init
資訊: Initializing Coyote HTTP/1.1 on http-80
四月 04, 2017 10:50:27 上午 org.apache.coyote.ajp.AjpAprProtocol init
資訊: Initializing Coyote AJP/1.3 on ajp-8009
四月 04, 2017 10:50:27 上午 org.apache.catalina.startup.Catalina load
資訊: Initialization processed in 3400 ms
四月 04, 2017 10:50:28 上午 org.apache.catalina.core.StandardService start
資訊: Starting service Catalina
四月 04, 2017 10:50:28 上午 org.apache.catalina.core.StandardEngine start
資訊: Starting Servlet Engine: Apache Tomcat/6.0.48
四月 04, 2017 10:50:37 上午 org.apache.tiles.servlets.TilesServlet init
資訊: Initializing TilesServlet
四月 04, 2017 10:50:37 上午 org.apache.tiles.servlets.TilesServlet readFactoryConfig
資訊: CONFIG FILES DEFINED IN WEB.XML
四月 04, 2017 10:50:37 上午 org.apache.tiles.servlets.TilesServlet initDefinitionsFactory
資訊: initializing definitions factory...
四月 04, 2017 10:50:37 上午 org.apache.catalina.startup.HostConfig deployDescriptor
資訊: Deploying configuration descriptor host-manager.xml
四月 04, 2017 10:50:37 上午 org.apache.catalina.startup.HostConfig deployDescriptor
資訊: Deploying configuration descriptor manager.xml
四月 04, 2017 10:50:37 上午 org.apache.catalina.startup.HostConfig deployDirectory
資訊: Deploying web application directory docs
四月 04, 2017 10:50:37 上午 org.apache.catalina.startup.HostConfig deployDirectory
資訊: Deploying web application directory examples
四月 04, 2017 10:50:38 上午 org.apache.catalina.startup.HostConfig deployDirectory
資訊: Deploying web application directory ROOT
四月 04, 2017 10:50:38 上午 org.apache.coyote.http11.Http11AprProtocol start
資訊: Starting Coyote HTTP/1.1 on http-80
四月 04, 2017 10:50:38 上午 org.apache.coyote.ajp.AjpAprProtocol start
資訊: Starting Coyote AJP/1.3 on ajp-8009
四月 04, 2017 10:50:38 上午 org.apache.catalina.startup.Catalina start
資訊: Server startup in 10526 ms
四月 04, 2017 11:01:26 上午 org.apache.catalina.core.AprLifecycleListener init
資訊: Loaded APR based Apache Tomcat Native library 1.2.10 using APR version 1.5.2.
四月 04, 2017 11:01:26 上午 org.apache.catalina.core.AprLifecycleListener init
資訊: APR capabilities: IPv6 [true], sendfile [true], accept filters [false], random [true].
四月 04, 2017 11:01:27 上午 org.apache.catalina.core.AprLifecycleListener initializeSSL
資訊: OpenSSL successfully initialized with version OpenSSL 1.0.2j  26 Sep 2016
四月 04, 2017 11:01:28 上午 org.apache.coyote.http11.Http11AprProtocol init
資訊: Initializing Coyote HTTP/1.1 on http-80
四月 04, 2017 11:01:28 上午 org.apache.coyote.ajp.AjpAprProtocol init
資訊: Initializing Coyote AJP/1.3 on ajp-8009
四月 04, 2017 11:01:28 上午 org.apache.catalina.startup.Catalina load
資訊: Initialization processed in 2985 ms
四月 04, 2017 11:01:28 上午 org.apache.catalina.core.StandardService start
資訊: Starting service Catalina
四月 04, 2017 11:01:28 上午 org.apache.catalina.core.StandardEngine start
資訊: Starting Servlet Engine: Apache Tomcat/6.0.48
四月 04, 2017 11:01:38 上午 org.apache.tiles.servlets.TilesServlet init
資訊: Initializing TilesServlet
四月 04, 2017 11:01:38 上午 org.apache.tiles.servlets.TilesServlet readFactoryConfig
資訊: CONFIG FILES DEFINED IN WEB.XML
四月 04, 2017 11:01:38 上午 org.apache.tiles.servlets.TilesServlet initDefinitionsFactory
資訊: initializing definitions factory...
四月 04, 2017 11:01:39 上午 org.apache.catalina.startup.HostConfig deployDescriptor
資訊: Deploying configuration descriptor host-manager.xml
四月 04, 2017 11:01:39 上午 org.apache.catalina.startup.HostConfig deployDescriptor
資訊: Deploying configuration descriptor manager.xml
四月 04, 2017 11:01:40 上午 org.apache.catalina.startup.HostConfig deployDirectory
資訊: Deploying web application directory docs
四月 04, 2017 11:01:40 上午 org.apache.catalina.startup.HostConfig deployDirectory
資訊: Deploying web application directory examples
四月 04, 2017 11:01:40 上午 org.apache.catalina.startup.HostConfig deployDirectory
資訊: Deploying web application directory ROOT
四月 04, 2017 11:01:41 上午 org.apache.coyote.http11.Http11AprProtocol start
資訊: Starting Coyote HTTP/1.1 on http-80
四月 04, 2017 11:01:41 上午 org.apache.coyote.ajp.AjpAprProtocol start
資訊: Starting Coyote AJP/1.3 on ajp-8009
四月 04, 2017 11:01:41 上午 org.apache.catalina.startup.Catalina start
資訊: Server startup in 12646 ms
四月 04, 2017 11:03:57 上午 org.apache.catalina.core.AprLifecycleListener init
資訊: Loaded APR based Apache Tomcat Native library 1.2.10 using APR version 1.5.2.
四月 04, 2017 11:03:57 上午 org.apache.catalina.core.AprLifecycleListener init
資訊: APR capabilities: IPv6 [true], sendfile [true], accept filters [false], random [true].
四月 04, 2017 11:03:58 上午 org.apache.catalina.core.AprLifecycleListener initializeSSL
資訊: OpenSSL successfully initialized with version OpenSSL 1.0.2j  26 Sep 2016
四月 04, 2017 11:03:59 上午 org.apache.coyote.http11.Http11AprProtocol init
資訊: Initializing Coyote HTTP/1.1 on http-80
四月 04, 2017 11:03:59 上午 org.apache.coyote.ajp.AjpAprProtocol init
資訊: Initializing Coyote AJP/1.3 on ajp-8009
四月 04, 2017 11:03:59 上午 org.apache.catalina.startup.Catalina load
資訊: Initialization processed in 3340 ms
四月 04, 2017 11:03:59 上午 org.apache.catalina.core.StandardService start
資訊: Starting service Catalina
四月 04, 2017 11:03:59 上午 org.apache.catalina.core.StandardEngine start
資訊: Starting Servlet Engine: Apache Tomcat/6.0.48
四月 04, 2017 11:04:08 上午 org.apache.tiles.servlets.TilesServlet init
資訊: Initializing TilesServlet
四月 04, 2017 11:04:08 上午 org.apache.tiles.servlets.TilesServlet readFactoryConfig
資訊: CONFIG FILES DEFINED IN WEB.XML
四月 04, 2017 11:04:08 上午 org.apache.tiles.servlets.TilesServlet initDefinitionsFactory
資訊: initializing definitions factory...
四月 04, 2017 11:04:08 上午 org.apache.catalina.startup.HostConfig deployDescriptor
資訊: Deploying configuration descriptor host-manager.xml
四月 04, 2017 11:04:08 上午 org.apache.catalina.startup.HostConfig deployDescriptor
資訊: Deploying configuration descriptor manager.xml
四月 04, 2017 11:04:08 上午 org.apache.catalina.startup.HostConfig deployDirectory
資訊: Deploying web application directory docs
四月 04, 2017 11:04:09 上午 org.apache.catalina.startup.HostConfig deployDirectory
資訊: Deploying web application directory examples
四月 04, 2017 11:04:09 上午 org.apache.catalina.startup.HostConfig deployDirectory
資訊: Deploying web application directory ROOT
四月 04, 2017 11:04:09 上午 org.apache.coyote.http11.Http11AprProtocol start
資訊: Starting Coyote HTTP/1.1 on http-80
四月 04, 2017 11:04:09 上午 org.apache.coyote.ajp.AjpAprProtocol start
資訊: Starting Coyote AJP/1.3 on ajp-8009
四月 04, 2017 11:04:09 上午 org.apache.catalina.startup.Catalina start
資訊: Server startup in 10233 ms
四月 04, 2017 11:05:48 上午 org.apache.catalina.core.AprLifecycleListener init
資訊: Loaded APR based Apache Tomcat Native library 1.2.10 using APR version 1.5.2.
四月 04, 2017 11:05:48 上午 org.apache.catalina.core.AprLifecycleListener init
資訊: APR capabilities: IPv6 [true], sendfile [true], accept filters [false], random [true].
四月 04, 2017 11:05:49 上午 org.apache.catalina.core.AprLifecycleListener initializeSSL
資訊: OpenSSL successfully initialized with version OpenSSL 1.0.2j  26 Sep 2016
四月 04, 2017 11:05:49 上午 org.apache.coyote.http11.Http11AprProtocol init
資訊: Initializing Coyote HTTP/1.1 on http-80
四月 04, 2017 11:05:49 上午 org.apache.coyote.ajp.AjpAprProtocol init
資訊: Initializing Coyote AJP/1.3 on ajp-8009
四月 04, 2017 11:05:49 上午 org.apache.catalina.startup.Catalina load
資訊: Initialization processed in 2365 ms
四月 04, 2017 11:05:50 上午 org.apache.catalina.core.StandardService start
資訊: Starting service Catalina
四月 04, 2017 11:05:50 上午 org.apache.catalina.core.StandardEngine start
資訊: Starting Servlet Engine: Apache Tomcat/6.0.48
四月 04, 2017 11:05:58 上午 org.apache.tiles.servlets.TilesServlet init
資訊: Initializing TilesServlet
四月 04, 2017 11:05:58 上午 org.apache.tiles.servlets.TilesServlet readFactoryConfig
資訊: CONFIG FILES DEFINED IN WEB.XML
四月 04, 2017 11:05:58 上午 org.apache.tiles.servlets.TilesServlet initDefinitionsFactory
資訊: initializing definitions factory...
四月 04, 2017 11:05:58 上午 org.apache.catalina.startup.HostConfig deployDescriptor
資訊: Deploying configuration descriptor host-manager.xml
四月 04, 2017 11:05:58 上午 org.apache.catalina.startup.HostConfig deployDescriptor
資訊: Deploying configuration descriptor manager.xml
四月 04, 2017 11:05:58 上午 org.apache.catalina.startup.HostConfig deployDirectory
資訊: Deploying web application directory docs
四月 04, 2017 11:05:58 上午 org.apache.catalina.startup.HostConfig deployDirectory
資訊: Deploying web application directory examples
四月 04, 2017 11:05:58 上午 org.apache.catalina.startup.HostConfig deployDirectory
資訊: Deploying web application directory ROOT
四月 04, 2017 11:05:59 上午 org.apache.coyote.http11.Http11AprProtocol start
資訊: Starting Coyote HTTP/1.1 on http-80
四月 04, 2017 11:05:59 上午 org.apache.coyote.ajp.AjpAprProtocol start
資訊: Starting Coyote AJP/1.3 on ajp-8009
四月 04, 2017 11:05:59 上午 org.apache.catalina.startup.Catalina start
資訊: Server startup in 9183 ms
四月 04, 2017 11:09:34 上午 org.apache.catalina.core.AprLifecycleListener init
資訊: Loaded APR based Apache Tomcat Native library 1.2.10 using APR version 1.5.2.
四月 04, 2017 11:09:34 上午 org.apache.catalina.core.AprLifecycleListener init
資訊: APR capabilities: IPv6 [true], sendfile [true], accept filters [false], random [true].
四月 04, 2017 11:09:36 上午 org.apache.catalina.core.AprLifecycleListener initializeSSL
資訊: OpenSSL successfully initialized with version OpenSSL 1.0.2j  26 Sep 2016
四月 04, 2017 11:09:36 上午 org.apache.coyote.http11.Http11AprProtocol init
資訊: Initializing Coyote HTTP/1.1 on http-80
四月 04, 2017 11:09:36 上午 org.apache.coyote.ajp.AjpAprProtocol init
資訊: Initializing Coyote AJP/1.3 on ajp-8009
四月 04, 2017 11:09:36 上午 org.apache.catalina.startup.Catalina load
資訊: Initialization processed in 3240 ms
四月 04, 2017 11:09:36 上午 org.apache.catalina.core.StandardService start
資訊: Starting service Catalina
四月 04, 2017 11:09:36 上午 org.apache.catalina.core.StandardEngine start
資訊: Starting Servlet Engine: Apache Tomcat/6.0.48
四月 04, 2017 11:09:46 上午 org.apache.tiles.servlets.TilesServlet init
資訊: Initializing TilesServlet
四月 04, 2017 11:09:46 上午 org.apache.tiles.servlets.TilesServlet readFactoryConfig
資訊: CONFIG FILES DEFINED IN WEB.XML
四月 04, 2017 11:09:47 上午 org.apache.tiles.servlets.TilesServlet initDefinitionsFactory
資訊: initializing definitions factory...
四月 04, 2017 11:09:47 上午 org.apache.catalina.startup.HostConfig deployDescriptor
資訊: Deploying configuration descriptor host-manager.xml
四月 04, 2017 11:09:47 上午 org.apache.catalina.startup.HostConfig deployDescriptor
資訊: Deploying configuration descriptor manager.xml
四月 04, 2017 11:09:47 上午 org.apache.catalina.startup.HostConfig deployDirectory
資訊: Deploying web application directory docs
四月 04, 2017 11:09:48 上午 org.apache.catalina.startup.HostConfig deployDirectory
資訊: Deploying web application directory examples
四月 04, 2017 11:09:49 上午 org.apache.catalina.startup.HostConfig deployDirectory
資訊: Deploying web application directory ROOT
四月 04, 2017 11:09:49 上午 org.apache.coyote.http11.Http11AprProtocol start
資訊: Starting Coyote HTTP/1.1 on http-80
四月 04, 2017 11:09:49 上午 org.apache.coyote.ajp.AjpAprProtocol start
資訊: Starting Coyote AJP/1.3 on ajp-8009
四月 04, 2017 11:09:49 上午 org.apache.catalina.startup.Catalina start
資訊: Server startup in 12854 ms
四月 04, 2017 11:13:06 上午 org.apache.catalina.core.AprLifecycleListener init
資訊: Loaded APR based Apache Tomcat Native library 1.2.10 using APR version 1.5.2.
四月 04, 2017 11:13:06 上午 org.apache.catalina.core.AprLifecycleListener init
資訊: APR capabilities: IPv6 [true], sendfile [true], accept filters [false], random [true].
四月 04, 2017 11:13:07 上午 org.apache.catalina.core.AprLifecycleListener initializeSSL
資訊: OpenSSL successfully initialized with version OpenSSL 1.0.2j  26 Sep 2016
四月 04, 2017 11:13:08 上午 org.apache.coyote.http11.Http11AprProtocol init
資訊: Initializing Coyote HTTP/1.1 on http-80
四月 04, 2017 11:13:08 上午 org.apache.coyote.ajp.AjpAprProtocol init
資訊: Initializing Coyote AJP/1.3 on ajp-8009
四月 04, 2017 11:13:08 上午 org.apache.catalina.startup.Catalina load
資訊: Initialization processed in 2333 ms
四月 04, 2017 11:13:08 上午 org.apache.catalina.core.StandardService start
資訊: Starting service Catalina
四月 04, 2017 11:13:08 上午 org.apache.catalina.core.StandardEngine start
資訊: Starting Servlet Engine: Apache Tomcat/6.0.48
四月 04, 2017 11:13:18 上午 org.apache.tiles.servlets.TilesServlet init
資訊: Initializing TilesServlet
四月 04, 2017 11:13:18 上午 org.apache.tiles.servlets.TilesServlet readFactoryConfig
資訊: CONFIG FILES DEFINED IN WEB.XML
四月 04, 2017 11:13:18 上午 org.apache.tiles.servlets.TilesServlet initDefinitionsFactory
資訊: initializing definitions factory...
四月 04, 2017 11:13:18 上午 org.apache.catalina.startup.HostConfig deployDescriptor
資訊: Deploying configuration descriptor host-manager.xml
四月 04, 2017 11:13:19 上午 org.apache.catalina.startup.HostConfig deployDescriptor
資訊: Deploying configuration descriptor manager.xml
四月 04, 2017 11:13:19 上午 org.apache.catalina.startup.HostConfig deployDirectory
資訊: Deploying web application directory docs
四月 04, 2017 11:13:19 上午 org.apache.catalina.startup.HostConfig deployDirectory
資訊: Deploying web application directory examples
四月 04, 2017 11:13:20 上午 org.apache.catalina.startup.HostConfig deployDirectory
資訊: Deploying web application directory ROOT
四月 04, 2017 11:13:20 上午 org.apache.coyote.http11.Http11AprProtocol start
資訊: Starting Coyote HTTP/1.1 on http-80
四月 04, 2017 11:13:20 上午 org.apache.coyote.ajp.AjpAprProtocol start
資訊: Starting Coyote AJP/1.3 on ajp-8009
四月 04, 2017 11:13:20 上午 org.apache.catalina.startup.Catalina start
資訊: Server startup in 12314 ms
四月 04, 2017 11:18:06 上午 org.apache.catalina.core.AprLifecycleListener init
資訊: Loaded APR based Apache Tomcat Native library 1.2.10 using APR version 1.5.2.
四月 04, 2017 11:18:06 上午 org.apache.catalina.core.AprLifecycleListener init
資訊: APR capabilities: IPv6 [true], sendfile [true], accept filters [false], random [true].
四月 04, 2017 11:18:08 上午 org.apache.catalina.core.AprLifecycleListener initializeSSL
資訊: OpenSSL successfully initialized with version OpenSSL 1.0.2j  26 Sep 2016
四月 04, 2017 11:18:08 上午 org.apache.coyote.http11.Http11AprProtocol init
資訊: Initializing Coyote HTTP/1.1 on http-80
四月 04, 2017 11:18:08 上午 org.apache.coyote.ajp.AjpAprProtocol init
資訊: Initializing Coyote AJP/1.3 on ajp-8009
四月 04, 2017 11:18:08 上午 org.apache.catalina.startup.Catalina load
資訊: Initialization processed in 3003 ms
四月 04, 2017 11:18:08 上午 org.apache.catalina.core.StandardService start
資訊: Starting service Catalina
四月 04, 2017 11:18:08 上午 org.apache.catalina.core.StandardEngine start
資訊: Starting Servlet Engine: Apache Tomcat/6.0.48
四月 04, 2017 11:18:19 上午 org.apache.tiles.servlets.TilesServlet init
資訊: Initializing TilesServlet
四月 04, 2017 11:18:19 上午 org.apache.tiles.servlets.TilesServlet readFactoryConfig
資訊: CONFIG FILES DEFINED IN WEB.XML
四月 04, 2017 11:18:19 上午 org.apache.tiles.servlets.TilesServlet initDefinitionsFactory
資訊: initializing definitions factory...
四月 04, 2017 11:18:19 上午 org.apache.catalina.startup.HostConfig deployDescriptor
資訊: Deploying configuration descriptor host-manager.xml
四月 04, 2017 11:18:20 上午 org.apache.catalina.startup.HostConfig deployDescriptor
資訊: Deploying configuration descriptor manager.xml
四月 04, 2017 11:18:20 上午 org.apache.catalina.startup.HostConfig deployDirectory
資訊: Deploying web application directory docs
四月 04, 2017 11:18:20 上午 org.apache.catalina.startup.HostConfig deployDirectory
資訊: Deploying web application directory examples
四月 04, 2017 11:18:20 上午 org.apache.catalina.startup.HostConfig deployDirectory
資訊: Deploying web application directory ROOT
四月 04, 2017 11:18:21 上午 org.apache.coyote.http11.Http11AprProtocol start
資訊: Starting Coyote HTTP/1.1 on http-80
四月 04, 2017 11:18:21 上午 org.apache.coyote.ajp.AjpAprProtocol start
資訊: Starting Coyote AJP/1.3 on ajp-8009
四月 04, 2017 11:18:21 上午 org.apache.catalina.startup.Catalina start
資訊: Server startup in 12697 ms
四月 04, 2017 11:31:08 上午 org.apache.catalina.core.AprLifecycleListener init
資訊: Loaded APR based Apache Tomcat Native library 1.2.10 using APR version 1.5.2.
四月 04, 2017 11:31:08 上午 org.apache.catalina.core.AprLifecycleListener init
資訊: APR capabilities: IPv6 [true], sendfile [true], accept filters [false], random [true].
四月 04, 2017 11:31:10 上午 org.apache.catalina.core.AprLifecycleListener initializeSSL
資訊: OpenSSL successfully initialized with version OpenSSL 1.0.2j  26 Sep 2016
四月 04, 2017 11:31:10 上午 org.apache.coyote.http11.Http11AprProtocol init
資訊: Initializing Coyote HTTP/1.1 on http-80
四月 04, 2017 11:31:10 上午 org.apache.coyote.ajp.AjpAprProtocol init
資訊: Initializing Coyote AJP/1.3 on ajp-8009
四月 04, 2017 11:31:10 上午 org.apache.catalina.startup.Catalina load
資訊: Initialization processed in 2462 ms
四月 04, 2017 11:31:10 上午 org.apache.catalina.core.StandardService start
資訊: Starting service Catalina
四月 04, 2017 11:31:10 上午 org.apache.catalina.core.StandardEngine start
資訊: Starting Servlet Engine: Apache Tomcat/6.0.48
四月 04, 2017 11:31:20 上午 org.apache.tiles.servlets.TilesServlet init
資訊: Initializing TilesServlet
四月 04, 2017 11:31:20 上午 org.apache.tiles.servlets.TilesServlet readFactoryConfig
資訊: CONFIG FILES DEFINED IN WEB.XML
四月 04, 2017 11:31:20 上午 org.apache.tiles.servlets.TilesServlet initDefinitionsFactory
資訊: initializing definitions factory...
四月 04, 2017 11:31:20 上午 org.apache.catalina.startup.HostConfig deployDescriptor
資訊: Deploying configuration descriptor host-manager.xml
四月 04, 2017 11:31:21 上午 org.apache.catalina.startup.HostConfig deployDescriptor
資訊: Deploying configuration descriptor manager.xml
四月 04, 2017 11:31:21 上午 org.apache.catalina.startup.HostConfig deployDirectory
資訊: Deploying web application directory docs
四月 04, 2017 11:31:21 上午 org.apache.catalina.startup.HostConfig deployDirectory
資訊: Deploying web application directory examples
四月 04, 2017 11:31:22 上午 org.apache.catalina.startup.HostConfig deployDirectory
資訊: Deploying web application directory ROOT
四月 04, 2017 11:31:22 上午 org.apache.coyote.http11.Http11AprProtocol start
資訊: Starting Coyote HTTP/1.1 on http-80
四月 04, 2017 11:31:22 上午 org.apache.coyote.ajp.AjpAprProtocol start
資訊: Starting Coyote AJP/1.3 on ajp-8009
四月 04, 2017 11:31:22 上午 org.apache.catalina.startup.Catalina start
資訊: Server startup in 11954 ms
四月 04, 2017 11:37:37 上午 org.apache.catalina.core.AprLifecycleListener init
資訊: Loaded APR based Apache Tomcat Native library 1.2.10 using APR version 1.5.2.
四月 04, 2017 11:37:37 上午 org.apache.catalina.core.AprLifecycleListener init
資訊: APR capabilities: IPv6 [true], sendfile [true], accept filters [false], random [true].
四月 04, 2017 11:37:38 上午 org.apache.catalina.core.AprLifecycleListener initializeSSL
資訊: OpenSSL successfully initialized with version OpenSSL 1.0.2j  26 Sep 2016
四月 04, 2017 11:37:39 上午 org.apache.coyote.http11.Http11AprProtocol init
資訊: Initializing Coyote HTTP/1.1 on http-80
四月 04, 2017 11:37:39 上午 org.apache.coyote.ajp.AjpAprProtocol init
資訊: Initializing Coyote AJP/1.3 on ajp-8009
四月 04, 2017 11:37:39 上午 org.apache.catalina.startup.Catalina load
資訊: Initialization processed in 2983 ms
四月 04, 2017 11:37:39 上午 org.apache.catalina.core.StandardService start
資訊: Starting service Catalina
四月 04, 2017 11:37:39 上午 org.apache.catalina.core.StandardEngine start
資訊: Starting Servlet Engine: Apache Tomcat/6.0.48
四月 04, 2017 11:37:47 上午 org.apache.tiles.servlets.TilesServlet init
資訊: Initializing TilesServlet
四月 04, 2017 11:37:47 上午 org.apache.tiles.servlets.TilesServlet readFactoryConfig
資訊: CONFIG FILES DEFINED IN WEB.XML
四月 04, 2017 11:37:47 上午 org.apache.tiles.servlets.TilesServlet initDefinitionsFactory
資訊: initializing definitions factory...
四月 04, 2017 11:37:47 上午 org.apache.catalina.startup.HostConfig deployDescriptor
資訊: Deploying configuration descriptor host-manager.xml
四月 04, 2017 11:37:47 上午 org.apache.catalina.startup.HostConfig deployDescriptor
資訊: Deploying configuration descriptor manager.xml
四月 04, 2017 11:37:47 上午 org.apache.catalina.startup.HostConfig deployDirectory
資訊: Deploying web application directory docs
四月 04, 2017 11:37:47 上午 org.apache.catalina.startup.HostConfig deployDirectory
資訊: Deploying web application directory examples
四月 04, 2017 11:37:48 上午 org.apache.catalina.startup.HostConfig deployDirectory
資訊: Deploying web application directory ROOT
四月 04, 2017 11:37:48 上午 org.apache.coyote.http11.Http11AprProtocol start
資訊: Starting Coyote HTTP/1.1 on http-80
四月 04, 2017 11:37:48 上午 org.apache.coyote.ajp.AjpAprProtocol start
資訊: Starting Coyote AJP/1.3 on ajp-8009
四月 04, 2017 11:37:48 上午 org.apache.catalina.startup.Catalina start
資訊: Server startup in 9272 ms
四月 04, 2017 12:18:42 下午 org.apache.catalina.core.AprLifecycleListener init
資訊: Loaded APR based Apache Tomcat Native library 1.2.10 using APR version 1.5.2.
四月 04, 2017 12:18:42 下午 org.apache.catalina.core.AprLifecycleListener init
資訊: APR capabilities: IPv6 [true], sendfile [true], accept filters [false], random [true].
四月 04, 2017 12:18:43 下午 org.apache.catalina.core.AprLifecycleListener initializeSSL
資訊: OpenSSL successfully initialized with version OpenSSL 1.0.2j  26 Sep 2016
四月 04, 2017 12:18:44 下午 org.apache.coyote.http11.Http11AprProtocol init
資訊: Initializing Coyote HTTP/1.1 on http-80
四月 04, 2017 12:18:44 下午 org.apache.coyote.ajp.AjpAprProtocol init
資訊: Initializing Coyote AJP/1.3 on ajp-8009
四月 04, 2017 12:18:44 下午 org.apache.catalina.startup.Catalina load
資訊: Initialization processed in 3020 ms
四月 04, 2017 12:18:44 下午 org.apache.catalina.core.StandardService start
資訊: Starting service Catalina
四月 04, 2017 12:18:44 下午 org.apache.catalina.core.StandardEngine start
資訊: Starting Servlet Engine: Apache Tomcat/6.0.48
四月 04, 2017 12:18:54 下午 org.apache.tiles.servlets.TilesServlet init
資訊: Initializing TilesServlet
四月 04, 2017 12:18:54 下午 org.apache.tiles.servlets.TilesServlet readFactoryConfig
資訊: CONFIG FILES DEFINED IN WEB.XML
四月 04, 2017 12:18:54 下午 org.apache.tiles.servlets.TilesServlet initDefinitionsFactory
資訊: initializing definitions factory...
四月 04, 2017 12:18:55 下午 org.apache.catalina.startup.HostConfig deployDescriptor
資訊: Deploying configuration descriptor host-manager.xml
四月 04, 2017 12:18:55 下午 org.apache.catalina.startup.HostConfig deployDescriptor
資訊: Deploying configuration descriptor manager.xml
四月 04, 2017 12:18:56 下午 org.apache.catalina.startup.HostConfig deployDirectory
資訊: Deploying web application directory docs
四月 04, 2017 12:18:56 下午 org.apache.catalina.startup.HostConfig deployDirectory
資訊: Deploying web application directory examples
四月 04, 2017 12:18:57 下午 org.apache.catalina.startup.HostConfig deployDirectory
資訊: Deploying web application directory ROOT
四月 04, 2017 12:18:57 下午 org.apache.coyote.http11.Http11AprProtocol start
資訊: Starting Coyote HTTP/1.1 on http-80
四月 04, 2017 12:18:57 下午 org.apache.coyote.ajp.AjpAprProtocol start
資訊: Starting Coyote AJP/1.3 on ajp-8009
四月 04, 2017 12:18:57 下午 org.apache.catalina.startup.Catalina start
資訊: Server startup in 13131 ms
四月 04, 2017 12:40:11 下午 org.apache.catalina.core.AprLifecycleListener init
資訊: Loaded APR based Apache Tomcat Native library 1.2.10 using APR version 1.5.2.
四月 04, 2017 12:40:11 下午 org.apache.catalina.core.AprLifecycleListener init
資訊: APR capabilities: IPv6 [true], sendfile [true], accept filters [false], random [true].
四月 04, 2017 12:40:12 下午 org.apache.catalina.core.AprLifecycleListener initializeSSL
資訊: OpenSSL successfully initialized with version OpenSSL 1.0.2j  26 Sep 2016
四月 04, 2017 12:40:13 下午 org.apache.coyote.http11.Http11AprProtocol init
資訊: Initializing Coyote HTTP/1.1 on http-80
四月 04, 2017 12:40:13 下午 org.apache.coyote.ajp.AjpAprProtocol init
資訊: Initializing Coyote AJP/1.3 on ajp-8009
四月 04, 2017 12:40:13 下午 org.apache.catalina.startup.Catalina load
資訊: Initialization processed in 2994 ms
四月 04, 2017 12:40:13 下午 org.apache.catalina.core.StandardService start
資訊: Starting service Catalina
四月 04, 2017 12:40:13 下午 org.apache.catalina.core.StandardEngine start
資訊: Starting Servlet Engine: Apache Tomcat/6.0.48
四月 04, 2017 12:40:23 下午 org.apache.tiles.servlets.TilesServlet init
資訊: Initializing TilesServlet
四月 04, 2017 12:40:23 下午 org.apache.tiles.servlets.TilesServlet readFactoryConfig
資訊: CONFIG FILES DEFINED IN WEB.XML
四月 04, 2017 12:40:24 下午 org.apache.tiles.servlets.TilesServlet initDefinitionsFactory
資訊: initializing definitions factory...
四月 04, 2017 12:40:24 下午 org.apache.catalina.startup.HostConfig deployDescriptor
資訊: Deploying configuration descriptor host-manager.xml
四月 04, 2017 12:40:24 下午 org.apache.catalina.startup.HostConfig deployDescriptor
資訊: Deploying configuration descriptor manager.xml
四月 04, 2017 12:40:24 下午 org.apache.catalina.startup.HostConfig deployDirectory
資訊: Deploying web application directory docs
四月 04, 2017 12:40:24 下午 org.apache.catalina.startup.HostConfig deployDirectory
資訊: Deploying web application directory examples
四月 04, 2017 12:40:25 下午 org.apache.catalina.startup.HostConfig deployDirectory
資訊: Deploying web application directory ROOT
四月 04, 2017 12:40:25 下午 org.apache.coyote.http11.Http11AprProtocol start
資訊: Starting Coyote HTTP/1.1 on http-80
四月 04, 2017 12:40:25 下午 org.apache.coyote.ajp.AjpAprProtocol start
資訊: Starting Coyote AJP/1.3 on ajp-8009
四月 04, 2017 12:40:25 下午 org.apache.catalina.startup.Catalina start
資訊: Server startup in 11895 ms
四月 04, 2017 12:44:02 下午 org.apache.catalina.core.AprLifecycleListener init
資訊: Loaded APR based Apache Tomcat Native library 1.2.10 using APR version 1.5.2.
四月 04, 2017 12:44:02 下午 org.apache.catalina.core.AprLifecycleListener init
資訊: APR capabilities: IPv6 [true], sendfile [true], accept filters [false], random [true].
四月 04, 2017 12:44:04 下午 org.apache.catalina.core.AprLifecycleListener initializeSSL
資訊: OpenSSL successfully initialized with version OpenSSL 1.0.2j  26 Sep 2016
四月 04, 2017 12:44:04 下午 org.apache.coyote.http11.Http11AprProtocol init
資訊: Initializing Coyote HTTP/1.1 on http-80
四月 04, 2017 12:44:04 下午 org.apache.coyote.ajp.AjpAprProtocol init
資訊: Initializing Coyote AJP/1.3 on ajp-8009
四月 04, 2017 12:44:04 下午 org.apache.catalina.startup.Catalina load
資訊: Initialization processed in 2747 ms
四月 04, 2017 12:44:04 下午 org.apache.catalina.core.StandardService start
資訊: Starting service Catalina
四月 04, 2017 12:44:04 下午 org.apache.catalina.core.StandardEngine start
資訊: Starting Servlet Engine: Apache Tomcat/6.0.48
四月 04, 2017 12:44:13 下午 org.apache.tiles.servlets.TilesServlet init
資訊: Initializing TilesServlet
四月 04, 2017 12:44:13 下午 org.apache.tiles.servlets.TilesServlet readFactoryConfig
資訊: CONFIG FILES DEFINED IN WEB.XML
四月 04, 2017 12:44:13 下午 org.apache.tiles.servlets.TilesServlet initDefinitionsFactory
資訊: initializing definitions factory...
四月 04, 2017 12:44:13 下午 org.apache.catalina.startup.HostConfig deployDescriptor
資訊: Deploying configuration descriptor host-manager.xml
四月 04, 2017 12:44:14 下午 org.apache.catalina.startup.HostConfig deployDescriptor
資訊: Deploying configuration descriptor manager.xml
四月 04, 2017 12:44:14 下午 org.apache.catalina.startup.HostConfig deployDirectory
資訊: Deploying web application directory docs
四月 04, 2017 12:44:14 下午 org.apache.catalina.startup.HostConfig deployDirectory
資訊: Deploying web application directory examples
四月 04, 2017 12:44:14 下午 org.apache.catalina.startup.HostConfig deployDirectory
資訊: Deploying web application directory ROOT
四月 04, 2017 12:44:14 下午 org.apache.coyote.http11.Http11AprProtocol start
資訊: Starting Coyote HTTP/1.1 on http-80
四月 04, 2017 12:44:14 下午 org.apache.coyote.ajp.AjpAprProtocol start
資訊: Starting Coyote AJP/1.3 on ajp-8009
四月 04, 2017 12:44:14 下午 org.apache.catalina.startup.Catalina start
資訊: Server startup in 10137 ms
四月 04, 2017 12:47:07 下午 org.apache.catalina.core.AprLifecycleListener init
資訊: Loaded APR based Apache Tomcat Native library 1.2.10 using APR version 1.5.2.
四月 04, 2017 12:47:07 下午 org.apache.catalina.core.AprLifecycleListener init
資訊: APR capabilities: IPv6 [true], sendfile [true], accept filters [false], random [true].
四月 04, 2017 12:47:08 下午 org.apache.catalina.core.AprLifecycleListener initializeSSL
資訊: OpenSSL successfully initialized with version OpenSSL 1.0.2j  26 Sep 2016
四月 04, 2017 12:47:09 下午 org.apache.coyote.http11.Http11AprProtocol init
資訊: Initializing Coyote HTTP/1.1 on http-80
四月 04, 2017 12:47:09 下午 org.apache.coyote.ajp.AjpAprProtocol init
資訊: Initializing Coyote AJP/1.3 on ajp-8009
四月 04, 2017 12:47:09 下午 org.apache.catalina.startup.Catalina load
資訊: Initialization processed in 2711 ms
四月 04, 2017 12:47:09 下午 org.apache.catalina.core.StandardService start
資訊: Starting service Catalina
四月 04, 2017 12:47:09 下午 org.apache.catalina.core.StandardEngine start
資訊: Starting Servlet Engine: Apache Tomcat/6.0.48
四月 04, 2017 12:47:18 下午 org.apache.tiles.servlets.TilesServlet init
資訊: Initializing TilesServlet
四月 04, 2017 12:47:18 下午 org.apache.tiles.servlets.TilesServlet readFactoryConfig
資訊: CONFIG FILES DEFINED IN WEB.XML
四月 04, 2017 12:47:19 下午 org.apache.tiles.servlets.TilesServlet initDefinitionsFactory
資訊: initializing definitions factory...
四月 04, 2017 12:47:19 下午 org.apache.catalina.startup.HostConfig deployDescriptor
資訊: Deploying configuration descriptor host-manager.xml
四月 04, 2017 12:47:19 下午 org.apache.catalina.startup.HostConfig deployDescriptor
資訊: Deploying configuration descriptor manager.xml
四月 04, 2017 12:47:19 下午 org.apache.catalina.startup.HostConfig deployDirectory
資訊: Deploying web application directory docs
四月 04, 2017 12:47:20 下午 org.apache.catalina.startup.HostConfig deployDirectory
資訊: Deploying web application directory examples
四月 04, 2017 12:47:20 下午 org.apache.catalina.startup.HostConfig deployDirectory
資訊: Deploying web application directory ROOT
四月 04, 2017 12:47:20 下午 org.apache.coyote.http11.Http11AprProtocol start
資訊: Starting Coyote HTTP/1.1 on http-80
四月 04, 2017 12:47:20 下午 org.apache.coyote.ajp.AjpAprProtocol start
資訊: Starting Coyote AJP/1.3 on ajp-8009
四月 04, 2017 12:47:20 下午 org.apache.catalina.startup.Catalina start
資訊: Server startup in 11649 ms
四月 04, 2017 12:51:37 下午 org.apache.catalina.core.AprLifecycleListener init
資訊: Loaded APR based Apache Tomcat Native library 1.2.10 using APR version 1.5.2.
四月 04, 2017 12:51:37 下午 org.apache.catalina.core.AprLifecycleListener init
資訊: APR capabilities: IPv6 [true], sendfile [true], accept filters [false], random [true].
四月 04, 2017 12:51:39 下午 org.apache.catalina.core.AprLifecycleListener initializeSSL
資訊: OpenSSL successfully initialized with version OpenSSL 1.0.2j  26 Sep 2016
四月 04, 2017 12:51:39 下午 org.apache.coyote.http11.Http11AprProtocol init
資訊: Initializing Coyote HTTP/1.1 on http-80
四月 04, 2017 12:51:39 下午 org.apache.coyote.ajp.AjpAprProtocol init
資訊: Initializing Coyote AJP/1.3 on ajp-8009
四月 04, 2017 12:51:39 下午 org.apache.catalina.startup.Catalina load
資訊: Initialization processed in 3358 ms
四月 04, 2017 12:51:39 下午 org.apache.catalina.core.StandardService start
資訊: Starting service Catalina
四月 04, 2017 12:51:39 下午 org.apache.catalina.core.StandardEngine start
資訊: Starting Servlet Engine: Apache Tomcat/6.0.48
四月 04, 2017 12:51:48 下午 org.apache.tiles.servlets.TilesServlet init
資訊: Initializing TilesServlet
四月 04, 2017 12:51:48 下午 org.apache.tiles.servlets.TilesServlet readFactoryConfig
資訊: CONFIG FILES DEFINED IN WEB.XML
四月 04, 2017 12:51:48 下午 org.apache.tiles.servlets.TilesServlet initDefinitionsFactory
資訊: initializing definitions factory...
四月 04, 2017 12:51:48 下午 org.apache.catalina.startup.HostConfig deployDescriptor
資訊: Deploying configuration descriptor host-manager.xml
四月 04, 2017 12:51:48 下午 org.apache.catalina.startup.HostConfig deployDescriptor
資訊: Deploying configuration descriptor manager.xml
四月 04, 2017 12:51:48 下午 org.apache.catalina.startup.HostConfig deployDirectory
資訊: Deploying web application directory docs
四月 04, 2017 12:51:48 下午 org.apache.catalina.startup.HostConfig deployDirectory
資訊: Deploying web application directory examples
四月 04, 2017 12:51:49 下午 org.apache.catalina.startup.HostConfig deployDirectory
資訊: Deploying web application directory ROOT
四月 04, 2017 12:51:49 下午 org.apache.coyote.http11.Http11AprProtocol start
資訊: Starting Coyote HTTP/1.1 on http-80
四月 04, 2017 12:51:49 下午 org.apache.coyote.ajp.AjpAprProtocol start
資訊: Starting Coyote AJP/1.3 on ajp-8009
四月 04, 2017 12:51:49 下午 org.apache.catalina.startup.Catalina start
資訊: Server startup in 9540 ms
