三月 01, 2017 10:19:46 下午 org.apache.catalina.core.AprLifecycleListener init
資訊: Loaded APR based Apache Tomcat Native library 1.2.10 using APR version 1.5.2.
三月 01, 2017 10:19:46 下午 org.apache.catalina.core.AprLifecycleListener init
資訊: APR capabilities: IPv6 [true], sendfile [true], accept filters [false], random [true].
三月 01, 2017 10:19:48 下午 org.apache.catalina.core.AprLifecycleListener initializeSSL
資訊: OpenSSL successfully initialized with version OpenSSL 1.0.2j  26 Sep 2016
三月 01, 2017 10:19:48 下午 org.apache.coyote.http11.Http11AprProtocol init
資訊: Initializing Coyote HTTP/1.1 on http-80
三月 01, 2017 10:19:48 下午 org.apache.coyote.ajp.AjpAprProtocol init
資訊: Initializing Coyote AJP/1.3 on ajp-8009
三月 01, 2017 10:19:49 下午 org.apache.catalina.startup.Catalina load
資訊: Initialization processed in 4067 ms
三月 01, 2017 10:19:49 下午 org.apache.catalina.core.StandardService start
資訊: Starting service Catalina
三月 01, 2017 10:19:49 下午 org.apache.catalina.core.StandardEngine start
資訊: Starting Servlet Engine: Apache Tomcat/6.0.48
三月 01, 2017 10:20:12 下午 org.apache.tiles.servlets.TilesServlet init
資訊: Initializing TilesServlet
三月 01, 2017 10:20:13 下午 org.apache.tiles.servlets.TilesServlet readFactoryConfig
資訊: CONFIG FILES DEFINED IN WEB.XML
三月 01, 2017 10:20:13 下午 org.apache.tiles.servlets.TilesServlet initDefinitionsFactory
資訊: initializing definitions factory...
三月 01, 2017 10:20:13 下午 org.apache.catalina.startup.HostConfig deployDescriptor
資訊: Deploying configuration descriptor host-manager.xml
三月 01, 2017 10:20:14 下午 org.apache.catalina.startup.HostConfig deployDescriptor
資訊: Deploying configuration descriptor manager.xml
三月 01, 2017 10:20:15 下午 org.apache.catalina.startup.HostConfig deployDirectory
資訊: Deploying web application directory docs
三月 01, 2017 10:20:16 下午 org.apache.catalina.startup.HostConfig deployDirectory
資訊: Deploying web application directory examples
三月 01, 2017 10:20:17 下午 org.apache.catalina.startup.HostConfig deployDirectory
資訊: Deploying web application directory ROOT
三月 01, 2017 10:20:17 下午 org.apache.coyote.http11.Http11AprProtocol start
資訊: Starting Coyote HTTP/1.1 on http-80
三月 01, 2017 10:20:17 下午 org.apache.coyote.ajp.AjpAprProtocol start
資訊: Starting Coyote AJP/1.3 on ajp-8009
三月 01, 2017 10:20:17 下午 org.apache.catalina.startup.Catalina start
資訊: Server startup in 28881 ms
