四月 04, 2017 9:13:35 上午 org.apache.catalina.core.ApplicationContext log
資訊: Loading Spring root WebApplicationContext
四月 04, 2017 9:13:53 上午 org.apache.catalina.core.ApplicationContext log
資訊: ContextListener: contextInitialized()
四月 04, 2017 9:13:53 上午 org.apache.catalina.core.ApplicationContext log
資訊: SessionListener: contextInitialized()
四月 04, 2017 10:27:23 上午 org.apache.catalina.core.ApplicationContext log
資訊: Loading Spring root WebApplicationContext
四月 04, 2017 10:27:34 上午 org.apache.catalina.core.ApplicationContext log
資訊: ContextListener: contextInitialized()
四月 04, 2017 10:27:34 上午 org.apache.catalina.core.ApplicationContext log
資訊: SessionListener: contextInitialized()
四月 04, 2017 10:28:24 上午 org.apache.catalina.core.ApplicationContext log
資訊: Closing Spring root WebApplicationContext
四月 04, 2017 10:28:26 上午 org.apache.catalina.core.ApplicationContext log
資訊: Loading Spring root WebApplicationContext
四月 04, 2017 10:44:20 上午 org.apache.catalina.core.ApplicationContext log
資訊: Loading Spring root WebApplicationContext
四月 04, 2017 10:44:29 上午 org.apache.catalina.core.ApplicationContext log
資訊: ContextListener: contextInitialized()
四月 04, 2017 10:44:29 上午 org.apache.catalina.core.ApplicationContext log
資訊: SessionListener: contextInitialized()
四月 04, 2017 10:50:10 上午 org.apache.catalina.core.ApplicationContext log
資訊: Closing Spring root WebApplicationContext
四月 04, 2017 10:50:13 上午 org.apache.catalina.core.ApplicationContext log
資訊: Loading Spring root WebApplicationContext
四月 04, 2017 10:50:30 上午 org.apache.catalina.core.ApplicationContext log
資訊: Loading Spring root WebApplicationContext
四月 04, 2017 10:50:38 上午 org.apache.catalina.core.ApplicationContext log
資訊: ContextListener: contextInitialized()
四月 04, 2017 10:50:38 上午 org.apache.catalina.core.ApplicationContext log
資訊: SessionListener: contextInitialized()
四月 04, 2017 11:01:31 上午 org.apache.catalina.core.ApplicationContext log
資訊: Loading Spring root WebApplicationContext
四月 04, 2017 11:01:40 上午 org.apache.catalina.core.ApplicationContext log
資訊: ContextListener: contextInitialized()
四月 04, 2017 11:01:40 上午 org.apache.catalina.core.ApplicationContext log
資訊: SessionListener: contextInitialized()
四月 04, 2017 11:04:02 上午 org.apache.catalina.core.ApplicationContext log
資訊: Loading Spring root WebApplicationContext
四月 04, 2017 11:04:09 上午 org.apache.catalina.core.ApplicationContext log
資訊: ContextListener: contextInitialized()
四月 04, 2017 11:04:09 上午 org.apache.catalina.core.ApplicationContext log
資訊: SessionListener: contextInitialized()
四月 04, 2017 11:05:52 上午 org.apache.catalina.core.ApplicationContext log
資訊: Loading Spring root WebApplicationContext
四月 04, 2017 11:05:58 上午 org.apache.catalina.core.ApplicationContext log
資訊: ContextListener: contextInitialized()
四月 04, 2017 11:05:58 上午 org.apache.catalina.core.ApplicationContext log
資訊: SessionListener: contextInitialized()
四月 04, 2017 11:09:39 上午 org.apache.catalina.core.ApplicationContext log
資訊: Loading Spring root WebApplicationContext
四月 04, 2017 11:09:48 上午 org.apache.catalina.core.ApplicationContext log
資訊: ContextListener: contextInitialized()
四月 04, 2017 11:09:48 上午 org.apache.catalina.core.ApplicationContext log
資訊: SessionListener: contextInitialized()
四月 04, 2017 11:13:11 上午 org.apache.catalina.core.ApplicationContext log
資訊: Loading Spring root WebApplicationContext
四月 04, 2017 11:13:20 上午 org.apache.catalina.core.ApplicationContext log
資訊: ContextListener: contextInitialized()
四月 04, 2017 11:13:20 上午 org.apache.catalina.core.ApplicationContext log
資訊: SessionListener: contextInitialized()
四月 04, 2017 11:18:12 上午 org.apache.catalina.core.ApplicationContext log
資訊: Loading Spring root WebApplicationContext
四月 04, 2017 11:18:20 上午 org.apache.catalina.core.ApplicationContext log
資訊: ContextListener: contextInitialized()
四月 04, 2017 11:18:20 上午 org.apache.catalina.core.ApplicationContext log
資訊: SessionListener: contextInitialized()
四月 04, 2017 11:31:13 上午 org.apache.catalina.core.ApplicationContext log
資訊: Loading Spring root WebApplicationContext
四月 04, 2017 11:31:22 上午 org.apache.catalina.core.ApplicationContext log
資訊: ContextListener: contextInitialized()
四月 04, 2017 11:31:22 上午 org.apache.catalina.core.ApplicationContext log
資訊: SessionListener: contextInitialized()
四月 04, 2017 11:37:41 上午 org.apache.catalina.core.ApplicationContext log
資訊: Loading Spring root WebApplicationContext
四月 04, 2017 11:37:48 上午 org.apache.catalina.core.ApplicationContext log
資訊: ContextListener: contextInitialized()
四月 04, 2017 11:37:48 上午 org.apache.catalina.core.ApplicationContext log
資訊: SessionListener: contextInitialized()
四月 04, 2017 12:18:47 下午 org.apache.catalina.core.ApplicationContext log
資訊: Loading Spring root WebApplicationContext
四月 04, 2017 12:18:56 下午 org.apache.catalina.core.ApplicationContext log
資訊: ContextListener: contextInitialized()
四月 04, 2017 12:18:56 下午 org.apache.catalina.core.ApplicationContext log
資訊: SessionListener: contextInitialized()
四月 04, 2017 12:40:16 下午 org.apache.catalina.core.ApplicationContext log
資訊: Loading Spring root WebApplicationContext
四月 04, 2017 12:40:25 下午 org.apache.catalina.core.ApplicationContext log
資訊: ContextListener: contextInitialized()
四月 04, 2017 12:40:25 下午 org.apache.catalina.core.ApplicationContext log
資訊: SessionListener: contextInitialized()
四月 04, 2017 12:44:07 下午 org.apache.catalina.core.ApplicationContext log
資訊: Loading Spring root WebApplicationContext
四月 04, 2017 12:44:14 下午 org.apache.catalina.core.ApplicationContext log
資訊: ContextListener: contextInitialized()
四月 04, 2017 12:44:14 下午 org.apache.catalina.core.ApplicationContext log
資訊: SessionListener: contextInitialized()
四月 04, 2017 12:47:12 下午 org.apache.catalina.core.ApplicationContext log
資訊: Loading Spring root WebApplicationContext
四月 04, 2017 12:47:20 下午 org.apache.catalina.core.ApplicationContext log
資訊: ContextListener: contextInitialized()
四月 04, 2017 12:47:20 下午 org.apache.catalina.core.ApplicationContext log
資訊: SessionListener: contextInitialized()
四月 04, 2017 12:51:42 下午 org.apache.catalina.core.ApplicationContext log
資訊: Loading Spring root WebApplicationContext
四月 04, 2017 12:51:49 下午 org.apache.catalina.core.ApplicationContext log
資訊: ContextListener: contextInitialized()
四月 04, 2017 12:51:49 下午 org.apache.catalina.core.ApplicationContext log
資訊: SessionListener: contextInitialized()
四月 04, 2017 12:52:08 下午 org.apache.catalina.core.ApplicationDispatcher invoke
嚴重: Servlet.service() for servlet jsp threw exception
javax.servlet.ServletException: File &quot;/error.jsp&quot; not found
	at org.apache.jasper.servlet.JspServlet.handleMissingResource(JspServlet.java:343)
	at org.apache.jasper.servlet.JspServlet.serviceJspFile(JspServlet.java:309)
	at org.apache.jasper.servlet.JspServlet.service(JspServlet.java:267)
	at javax.servlet.http.HttpServlet.service(HttpServlet.java:723)
	at org.apache.catalina.core.ApplicationFilterChain.internalDoFilter(ApplicationFilterChain.java:290)
	at org.apache.catalina.core.ApplicationFilterChain.doFilter(ApplicationFilterChain.java:206)
	at org.apache.catalina.core.ApplicationDispatcher.invoke(ApplicationDispatcher.java:646)
	at org.apache.catalina.core.ApplicationDispatcher.doInclude(ApplicationDispatcher.java:551)
	at org.apache.catalina.core.ApplicationDispatcher.include(ApplicationDispatcher.java:488)
	at org.apache.jasper.runtime.JspRuntimeLibrary.include(JspRuntimeLibrary.java:916)
	at org.apache.jasper.runtime.PageContextImpl.include(PageContextImpl.java:627)
	at org.apache.jasper.runtime.PageContextImpl.doHandlePageException(PageContextImpl.java:826)
	at org.apache.jasper.runtime.PageContextImpl.handlePageException(PageContextImpl.java:797)
	at org.apache.jsp.layout.menu_jsp._jspService(menu_jsp.java:183)
	at org.apache.jasper.runtime.HttpJspBase.service(HttpJspBase.java:70)
	at javax.servlet.http.HttpServlet.service(HttpServlet.java:723)
	at org.apache.jasper.servlet.JspServletWrapper.service(JspServletWrapper.java:388)
	at org.apache.jasper.servlet.JspServlet.serviceJspFile(JspServlet.java:321)
	at org.apache.jasper.servlet.JspServlet.service(JspServlet.java:267)
	at javax.servlet.http.HttpServlet.service(HttpServlet.java:723)
	at org.apache.catalina.core.ApplicationFilterChain.internalDoFilter(ApplicationFilterChain.java:290)
	at org.apache.catalina.core.ApplicationFilterChain.doFilter(ApplicationFilterChain.java:206)
	at org.apache.catalina.core.ApplicationDispatcher.invoke(ApplicationDispatcher.java:646)
	at org.apache.catalina.core.ApplicationDispatcher.doInclude(ApplicationDispatcher.java:551)
	at org.apache.catalina.core.ApplicationDispatcher.include(ApplicationDispatcher.java:488)
	at org.apache.jasper.runtime.JspRuntimeLibrary.include(JspRuntimeLibrary.java:916)
	at org.apache.jasper.runtime.PageContextImpl.doInclude(PageContextImpl.java:656)
	at org.apache.jasper.runtime.PageContextImpl.include(PageContextImpl.java:650)
	at sun.reflect.NativeMethodAccessorImpl.invoke0(Native Method)
	at sun.reflect.NativeMethodAccessorImpl.invoke(Unknown Source)
	at sun.reflect.DelegatingMethodAccessorImpl.invoke(Unknown Source)
	at java.lang.reflect.Method.invoke(Unknown Source)
	at org.apache.tiles.TilesUtilImpl.doInclude(TilesUtilImpl.java:134)
	at org.apache.tiles.TilesUtil.doInclude(TilesUtil.java:149)
	at org.apache.tiles.taglib.InsertTag.doInclude(InsertTag.java:760)
	at org.apache.tiles.taglib.InsertTag$InsertHandler.doEndTag(InsertTag.java:892)
	at org.apache.tiles.taglib.InsertTag.doEndTag(InsertTag.java:457)
	at org.apache.jsp.layout.template_jsp._jspx_meth_tiles_005finsert_005f0(template_jsp.java:614)
	at org.apache.jsp.layout.template_jsp._jspService(template_jsp.java:340)
	at org.apache.jasper.runtime.HttpJspBase.service(HttpJspBase.java:70)
	at javax.servlet.http.HttpServlet.service(HttpServlet.java:723)
	at org.apache.jasper.servlet.JspServletWrapper.service(JspServletWrapper.java:388)
	at org.apache.jasper.servlet.JspServlet.serviceJspFile(JspServlet.java:321)
	at org.apache.jasper.servlet.JspServlet.service(JspServlet.java:267)
	at javax.servlet.http.HttpServlet.service(HttpServlet.java:723)
	at org.apache.catalina.core.ApplicationFilterChain.internalDoFilter(ApplicationFilterChain.java:290)
	at org.apache.catalina.core.ApplicationFilterChain.doFilter(ApplicationFilterChain.java:206)
	at com.base.web.util.MessageFilter.doFilter(MessageFilter.java:26)
	at org.apache.catalina.core.ApplicationFilterChain.internalDoFilter(ApplicationFilterChain.java:235)
	at org.apache.catalina.core.ApplicationFilterChain.doFilter(ApplicationFilterChain.java:206)
	at org.apache.catalina.core.ApplicationDispatcher.invoke(ApplicationDispatcher.java:646)
	at org.apache.catalina.core.ApplicationDispatcher.processRequest(ApplicationDispatcher.java:436)
	at org.apache.catalina.core.ApplicationDispatcher.doForward(ApplicationDispatcher.java:374)
	at org.apache.catalina.core.ApplicationDispatcher.forward(ApplicationDispatcher.java:302)
	at com.opensymphony.webwork.dispatcher.ServletDispatcherResult.doExecute(ServletDispatcherResult.java:114)
	at com.opensymphony.webwork.views.tiles.TilesResult.doExecute(TilesResult.java:116)
	at com.opensymphony.webwork.dispatcher.WebWorkResultSupport.execute(WebWorkResultSupport.java:101)
	at com.opensymphony.xwork.DefaultActionInvocation.executeResult(DefaultActionInvocation.java:300)
	at com.opensymphony.xwork.DefaultActionInvocation.invoke(DefaultActionInvocation.java:198)
	at com.opensymphony.xwork.interceptor.DefaultWorkflowInterceptor.intercept(DefaultWorkflowInterceptor.java:125)
	at com.opensymphony.xwork.DefaultActionInvocation.invoke(DefaultActionInvocation.java:180)
	at com.opensymphony.xwork.interceptor.AroundInterceptor.intercept(AroundInterceptor.java:31)
	at com.opensymphony.xwork.DefaultActionInvocation.invoke(DefaultActionInvocation.java:180)
	at com.opensymphony.xwork.interceptor.AroundInterceptor.intercept(AroundInterceptor.java:31)
	at com.opensymphony.xwork.DefaultActionInvocation.invoke(DefaultActionInvocation.java:180)
	at com.opensymphony.xwork.interceptor.AroundInterceptor.intercept(AroundInterceptor.java:31)
	at com.opensymphony.xwork.DefaultActionInvocation.invoke(DefaultActionInvocation.java:180)
	at com.opensymphony.xwork.interceptor.AroundInterceptor.intercept(AroundInterceptor.java:31)
	at com.opensymphony.xwork.DefaultActionInvocation.invoke(DefaultActionInvocation.java:180)
	at com.opensymphony.webwork.interceptor.FileUploadInterceptor.intercept(FileUploadInterceptor.java:171)
	at com.opensymphony.xwork.DefaultActionInvocation.invoke(DefaultActionInvocation.java:180)
	at com.opensymphony.xwork.interceptor.AroundInterceptor.intercept(AroundInterceptor.java:31)
	at com.opensymphony.xwork.DefaultActionInvocation.invoke(DefaultActionInvocation.java:180)
	at com.opensymphony.xwork.interceptor.AroundInterceptor.intercept(AroundInterceptor.java:31)
	at com.opensymphony.xwork.DefaultActionInvocation.invoke(DefaultActionInvocation.java:180)
	at com.opensymphony.xwork.interceptor.I18nInterceptor.intercept(I18nInterceptor.java:146)
	at com.opensymphony.xwork.DefaultActionInvocation.invoke(DefaultActionInvocation.java:180)
	at com.opensymphony.xwork.interceptor.AroundInterceptor.intercept(AroundInterceptor.java:31)
	at com.opensymphony.xwork.DefaultActionInvocation.invoke(DefaultActionInvocation.java:180)
	at com.opensymphony.xwork.interceptor.AroundInterceptor.intercept(AroundInterceptor.java:31)
	at com.opensymphony.xwork.DefaultActionInvocation.invoke(DefaultActionInvocation.java:180)
	at com.opensymphony.xwork.interceptor.AroundInterceptor.intercept(AroundInterceptor.java:31)
	at com.opensymphony.xwork.DefaultActionInvocation.invoke(DefaultActionInvocation.java:180)
	at com.opensymphony.xwork.interceptor.ExceptionMappingInterceptor.intercept(ExceptionMappingInterceptor.java:95)
	at com.opensymphony.xwork.DefaultActionInvocation.invoke(DefaultActionInvocation.java:180)
	at com.opensymphony.xwork.DefaultActionProxy.execute(DefaultActionProxy.java:113)
	at com.opensymphony.webwork.dispatcher.DispatcherUtils.serviceAction(DispatcherUtils.java:233)
	at com.opensymphony.webwork.dispatcher.FilterDispatcher.doFilter(FilterDispatcher.java:198)
	at org.apache.catalina.core.ApplicationFilterChain.internalDoFilter(ApplicationFilterChain.java:235)
	at org.apache.catalina.core.ApplicationFilterChain.doFilter(ApplicationFilterChain.java:206)
	at org.springframework.orm.hibernate3.support.OpenSessionInViewFilter.doFilterInternal(OpenSessionInViewFilter.java:174)
	at org.springframework.web.filter.OncePerRequestFilter.doFilter(OncePerRequestFilter.java:76)
	at org.apache.catalina.core.ApplicationFilterChain.internalDoFilter(ApplicationFilterChain.java:235)
	at org.apache.catalina.core.ApplicationFilterChain.doFilter(ApplicationFilterChain.java:206)
	at com.base.web.util.MessageFilter.doFilter(MessageFilter.java:26)
	at org.apache.catalina.core.ApplicationFilterChain.internalDoFilter(ApplicationFilterChain.java:235)
	at org.apache.catalina.core.ApplicationFilterChain.doFilter(ApplicationFilterChain.java:206)
	at org.displaytag.filter.ResponseOverrideFilter.doFilter(ResponseOverrideFilter.java:125)
	at org.apache.catalina.core.ApplicationFilterChain.internalDoFilter(ApplicationFilterChain.java:235)
	at org.apache.catalina.core.ApplicationFilterChain.doFilter(ApplicationFilterChain.java:206)
	at com.base.util.EncodingFilter.doFilter(EncodingFilter.java:30)
	at org.apache.catalina.core.ApplicationFilterChain.internalDoFilter(ApplicationFilterChain.java:235)
	at org.apache.catalina.core.ApplicationFilterChain.doFilter(ApplicationFilterChain.java:206)
	at com.opensymphony.webwork.dispatcher.ActionContextCleanUp.doFilter(ActionContextCleanUp.java:78)
	at org.apache.catalina.core.ApplicationFilterChain.internalDoFilter(ApplicationFilterChain.java:235)
	at org.apache.catalina.core.ApplicationFilterChain.doFilter(ApplicationFilterChain.java:206)
	at org.apache.catalina.core.StandardWrapperValve.invoke(StandardWrapperValve.java:233)
	at org.apache.catalina.core.StandardContextValve.invoke(StandardContextValve.java:191)
	at org.apache.catalina.core.StandardHostValve.invoke(StandardHostValve.java:127)
	at org.apache.catalina.valves.ErrorReportValve.invoke(ErrorReportValve.java:103)
	at org.apache.catalina.core.StandardEngineValve.invoke(StandardEngineValve.java:109)
	at org.apache.catalina.connector.CoyoteAdapter.service(CoyoteAdapter.java:293)
	at org.apache.coyote.http11.Http11AprProcessor.process(Http11AprProcessor.java:876)
	at org.apache.coyote.http11.Http11AprProtocol$Http11ConnectionHandler.process(Http11AprProtocol.java:612)
	at org.apache.tomcat.util.net.AprEndpoint$Worker.run(AprEndpoint.java:1777)
	at java.lang.Thread.run(Unknown Source)

四月 04, 2017 12:52:08 下午 org.apache.catalina.core.ApplicationDispatcher invoke
嚴重: Servlet.service() for servlet jsp threw exception
javax.servlet.ServletException: File &quot;/error.jsp&quot; not found
	at org.apache.jasper.servlet.JspServlet.handleMissingResource(JspServlet.java:343)
	at org.apache.jasper.servlet.JspServlet.serviceJspFile(JspServlet.java:309)
	at org.apache.jasper.servlet.JspServlet.service(JspServlet.java:267)
	at javax.servlet.http.HttpServlet.service(HttpServlet.java:723)
	at org.apache.catalina.core.ApplicationFilterChain.internalDoFilter(ApplicationFilterChain.java:290)
	at org.apache.catalina.core.ApplicationFilterChain.doFilter(ApplicationFilterChain.java:206)
	at org.apache.catalina.core.ApplicationDispatcher.invoke(ApplicationDispatcher.java:646)
	at org.apache.catalina.core.ApplicationDispatcher.doInclude(ApplicationDispatcher.java:551)
	at org.apache.catalina.core.ApplicationDispatcher.include(ApplicationDispatcher.java:488)
	at org.apache.jasper.runtime.JspRuntimeLibrary.include(JspRuntimeLibrary.java:916)
	at org.apache.jasper.runtime.PageContextImpl.include(PageContextImpl.java:627)
	at org.apache.jasper.runtime.PageContextImpl.doHandlePageException(PageContextImpl.java:826)
	at org.apache.jasper.runtime.PageContextImpl.handlePageException(PageContextImpl.java:797)
	at org.apache.jsp.layout.menu_jsp._jspService(menu_jsp.java:183)
	at org.apache.jasper.runtime.HttpJspBase.service(HttpJspBase.java:70)
	at javax.servlet.http.HttpServlet.service(HttpServlet.java:723)
	at org.apache.jasper.servlet.JspServletWrapper.service(JspServletWrapper.java:388)
	at org.apache.jasper.servlet.JspServlet.serviceJspFile(JspServlet.java:321)
	at org.apache.jasper.servlet.JspServlet.service(JspServlet.java:267)
	at javax.servlet.http.HttpServlet.service(HttpServlet.java:723)
	at org.apache.catalina.core.ApplicationFilterChain.internalDoFilter(ApplicationFilterChain.java:290)
	at org.apache.catalina.core.ApplicationFilterChain.doFilter(ApplicationFilterChain.java:206)
	at org.apache.catalina.core.ApplicationDispatcher.invoke(ApplicationDispatcher.java:646)
	at org.apache.catalina.core.ApplicationDispatcher.doInclude(ApplicationDispatcher.java:551)
	at org.apache.catalina.core.ApplicationDispatcher.include(ApplicationDispatcher.java:488)
	at org.apache.jasper.runtime.JspRuntimeLibrary.include(JspRuntimeLibrary.java:916)
	at org.apache.jasper.runtime.PageContextImpl.doInclude(PageContextImpl.java:656)
	at org.apache.jasper.runtime.PageContextImpl.include(PageContextImpl.java:650)
	at sun.reflect.NativeMethodAccessorImpl.invoke0(Native Method)
	at sun.reflect.NativeMethodAccessorImpl.invoke(Unknown Source)
	at sun.reflect.DelegatingMethodAccessorImpl.invoke(Unknown Source)
	at java.lang.reflect.Method.invoke(Unknown Source)
	at org.apache.tiles.TilesUtilImpl.doInclude(TilesUtilImpl.java:134)
	at org.apache.tiles.TilesUtil.doInclude(TilesUtil.java:149)
	at org.apache.tiles.taglib.InsertTag.doInclude(InsertTag.java:760)
	at org.apache.tiles.taglib.InsertTag$InsertHandler.doEndTag(InsertTag.java:892)
	at org.apache.tiles.taglib.InsertTag.doEndTag(InsertTag.java:457)
	at org.apache.jsp.layout.template_jsp._jspx_meth_tiles_005finsert_005f0(template_jsp.java:614)
	at org.apache.jsp.layout.template_jsp._jspService(template_jsp.java:340)
	at org.apache.jasper.runtime.HttpJspBase.service(HttpJspBase.java:70)
	at javax.servlet.http.HttpServlet.service(HttpServlet.java:723)
	at org.apache.jasper.servlet.JspServletWrapper.service(JspServletWrapper.java:388)
	at org.apache.jasper.servlet.JspServlet.serviceJspFile(JspServlet.java:321)
	at org.apache.jasper.servlet.JspServlet.service(JspServlet.java:267)
	at javax.servlet.http.HttpServlet.service(HttpServlet.java:723)
	at org.apache.catalina.core.ApplicationFilterChain.internalDoFilter(ApplicationFilterChain.java:290)
	at org.apache.catalina.core.ApplicationFilterChain.doFilter(ApplicationFilterChain.java:206)
	at com.base.web.util.MessageFilter.doFilter(MessageFilter.java:26)
	at org.apache.catalina.core.ApplicationFilterChain.internalDoFilter(ApplicationFilterChain.java:235)
	at org.apache.catalina.core.ApplicationFilterChain.doFilter(ApplicationFilterChain.java:206)
	at org.apache.catalina.core.ApplicationDispatcher.invoke(ApplicationDispatcher.java:646)
	at org.apache.catalina.core.ApplicationDispatcher.processRequest(ApplicationDispatcher.java:436)
	at org.apache.catalina.core.ApplicationDispatcher.doForward(ApplicationDispatcher.java:374)
	at org.apache.catalina.core.ApplicationDispatcher.forward(ApplicationDispatcher.java:302)
	at com.opensymphony.webwork.dispatcher.ServletDispatcherResult.doExecute(ServletDispatcherResult.java:114)
	at com.opensymphony.webwork.views.tiles.TilesResult.doExecute(TilesResult.java:116)
	at com.opensymphony.webwork.dispatcher.WebWorkResultSupport.execute(WebWorkResultSupport.java:101)
	at com.opensymphony.xwork.DefaultActionInvocation.executeResult(DefaultActionInvocation.java:300)
	at com.opensymphony.xwork.DefaultActionInvocation.invoke(DefaultActionInvocation.java:198)
	at com.opensymphony.xwork.interceptor.DefaultWorkflowInterceptor.intercept(DefaultWorkflowInterceptor.java:125)
	at com.opensymphony.xwork.DefaultActionInvocation.invoke(DefaultActionInvocation.java:180)
	at com.opensymphony.xwork.interceptor.AroundInterceptor.intercept(AroundInterceptor.java:31)
	at com.opensymphony.xwork.DefaultActionInvocation.invoke(DefaultActionInvocation.java:180)
	at com.opensymphony.xwork.interceptor.AroundInterceptor.intercept(AroundInterceptor.java:31)
	at com.opensymphony.xwork.DefaultActionInvocation.invoke(DefaultActionInvocation.java:180)
	at com.opensymphony.xwork.interceptor.AroundInterceptor.intercept(AroundInterceptor.java:31)
	at com.opensymphony.xwork.DefaultActionInvocation.invoke(DefaultActionInvocation.java:180)
	at com.opensymphony.xwork.interceptor.AroundInterceptor.intercept(AroundInterceptor.java:31)
	at com.opensymphony.xwork.DefaultActionInvocation.invoke(DefaultActionInvocation.java:180)
	at com.opensymphony.webwork.interceptor.FileUploadInterceptor.intercept(FileUploadInterceptor.java:171)
	at com.opensymphony.xwork.DefaultActionInvocation.invoke(DefaultActionInvocation.java:180)
	at com.opensymphony.xwork.interceptor.AroundInterceptor.intercept(AroundInterceptor.java:31)
	at com.opensymphony.xwork.DefaultActionInvocation.invoke(DefaultActionInvocation.java:180)
	at com.opensymphony.xwork.interceptor.AroundInterceptor.intercept(AroundInterceptor.java:31)
	at com.opensymphony.xwork.DefaultActionInvocation.invoke(DefaultActionInvocation.java:180)
	at com.opensymphony.xwork.interceptor.I18nInterceptor.intercept(I18nInterceptor.java:146)
	at com.opensymphony.xwork.DefaultActionInvocation.invoke(DefaultActionInvocation.java:180)
	at com.opensymphony.xwork.interceptor.AroundInterceptor.intercept(AroundInterceptor.java:31)
	at com.opensymphony.xwork.DefaultActionInvocation.invoke(DefaultActionInvocation.java:180)
	at com.opensymphony.xwork.interceptor.AroundInterceptor.intercept(AroundInterceptor.java:31)
	at com.opensymphony.xwork.DefaultActionInvocation.invoke(DefaultActionInvocation.java:180)
	at com.opensymphony.xwork.interceptor.AroundInterceptor.intercept(AroundInterceptor.java:31)
	at com.opensymphony.xwork.DefaultActionInvocation.invoke(DefaultActionInvocation.java:180)
	at com.opensymphony.xwork.interceptor.ExceptionMappingInterceptor.intercept(ExceptionMappingInterceptor.java:95)
	at com.opensymphony.xwork.DefaultActionInvocation.invoke(DefaultActionInvocation.java:180)
	at com.opensymphony.xwork.DefaultActionProxy.execute(DefaultActionProxy.java:113)
	at com.opensymphony.webwork.dispatcher.DispatcherUtils.serviceAction(DispatcherUtils.java:233)
	at com.opensymphony.webwork.dispatcher.FilterDispatcher.doFilter(FilterDispatcher.java:198)
	at org.apache.catalina.core.ApplicationFilterChain.internalDoFilter(ApplicationFilterChain.java:235)
	at org.apache.catalina.core.ApplicationFilterChain.doFilter(ApplicationFilterChain.java:206)
	at org.springframework.orm.hibernate3.support.OpenSessionInViewFilter.doFilterInternal(OpenSessionInViewFilter.java:174)
	at org.springframework.web.filter.OncePerRequestFilter.doFilter(OncePerRequestFilter.java:76)
	at org.apache.catalina.core.ApplicationFilterChain.internalDoFilter(ApplicationFilterChain.java:235)
	at org.apache.catalina.core.ApplicationFilterChain.doFilter(ApplicationFilterChain.java:206)
	at com.base.web.util.MessageFilter.doFilter(MessageFilter.java:26)
	at org.apache.catalina.core.ApplicationFilterChain.internalDoFilter(ApplicationFilterChain.java:235)
	at org.apache.catalina.core.ApplicationFilterChain.doFilter(ApplicationFilterChain.java:206)
	at org.displaytag.filter.ResponseOverrideFilter.doFilter(ResponseOverrideFilter.java:125)
	at org.apache.catalina.core.ApplicationFilterChain.internalDoFilter(ApplicationFilterChain.java:235)
	at org.apache.catalina.core.ApplicationFilterChain.doFilter(ApplicationFilterChain.java:206)
	at com.base.util.EncodingFilter.doFilter(EncodingFilter.java:30)
	at org.apache.catalina.core.ApplicationFilterChain.internalDoFilter(ApplicationFilterChain.java:235)
	at org.apache.catalina.core.ApplicationFilterChain.doFilter(ApplicationFilterChain.java:206)
	at com.opensymphony.webwork.dispatcher.ActionContextCleanUp.doFilter(ActionContextCleanUp.java:78)
	at org.apache.catalina.core.ApplicationFilterChain.internalDoFilter(ApplicationFilterChain.java:235)
	at org.apache.catalina.core.ApplicationFilterChain.doFilter(ApplicationFilterChain.java:206)
	at org.apache.catalina.core.StandardWrapperValve.invoke(StandardWrapperValve.java:233)
	at org.apache.catalina.core.StandardContextValve.invoke(StandardContextValve.java:191)
	at org.apache.catalina.core.StandardHostValve.invoke(StandardHostValve.java:127)
	at org.apache.catalina.valves.ErrorReportValve.invoke(ErrorReportValve.java:103)
	at org.apache.catalina.core.StandardEngineValve.invoke(StandardEngineValve.java:109)
	at org.apache.catalina.connector.CoyoteAdapter.service(CoyoteAdapter.java:293)
	at org.apache.coyote.http11.Http11AprProcessor.process(Http11AprProcessor.java:876)
	at org.apache.coyote.http11.Http11AprProtocol$Http11ConnectionHandler.process(Http11AprProtocol.java:612)
	at org.apache.tomcat.util.net.AprEndpoint$Worker.run(AprEndpoint.java:1777)
	at java.lang.Thread.run(Unknown Source)

四月 04, 2017 12:52:08 下午 org.apache.catalina.core.ApplicationDispatcher invoke
嚴重: Servlet.service() for servlet jsp threw exception
javax.servlet.ServletException: File &quot;/error.jsp&quot; not found
	at org.apache.jasper.servlet.JspServlet.handleMissingResource(JspServlet.java:343)
	at org.apache.jasper.servlet.JspServlet.serviceJspFile(JspServlet.java:309)
	at org.apache.jasper.servlet.JspServlet.service(JspServlet.java:267)
	at javax.servlet.http.HttpServlet.service(HttpServlet.java:723)
	at org.apache.catalina.core.ApplicationFilterChain.internalDoFilter(ApplicationFilterChain.java:290)
	at org.apache.catalina.core.ApplicationFilterChain.doFilter(ApplicationFilterChain.java:206)
	at org.apache.catalina.core.ApplicationDispatcher.invoke(ApplicationDispatcher.java:646)
	at org.apache.catalina.core.ApplicationDispatcher.doInclude(ApplicationDispatcher.java:551)
	at org.apache.catalina.core.ApplicationDispatcher.include(ApplicationDispatcher.java:488)
	at org.apache.jasper.runtime.JspRuntimeLibrary.include(JspRuntimeLibrary.java:916)
	at org.apache.jasper.runtime.PageContextImpl.include(PageContextImpl.java:627)
	at org.apache.jasper.runtime.PageContextImpl.doHandlePageException(PageContextImpl.java:826)
	at org.apache.jasper.runtime.PageContextImpl.handlePageException(PageContextImpl.java:797)
	at org.apache.jsp.layout.menu_jsp._jspService(menu_jsp.java:183)
	at org.apache.jasper.runtime.HttpJspBase.service(HttpJspBase.java:70)
	at javax.servlet.http.HttpServlet.service(HttpServlet.java:723)
	at org.apache.jasper.servlet.JspServletWrapper.service(JspServletWrapper.java:388)
	at org.apache.jasper.servlet.JspServlet.serviceJspFile(JspServlet.java:321)
	at org.apache.jasper.servlet.JspServlet.service(JspServlet.java:267)
	at javax.servlet.http.HttpServlet.service(HttpServlet.java:723)
	at org.apache.catalina.core.ApplicationFilterChain.internalDoFilter(ApplicationFilterChain.java:290)
	at org.apache.catalina.core.ApplicationFilterChain.doFilter(ApplicationFilterChain.java:206)
	at org.apache.catalina.core.ApplicationDispatcher.invoke(ApplicationDispatcher.java:646)
	at org.apache.catalina.core.ApplicationDispatcher.doInclude(ApplicationDispatcher.java:551)
	at org.apache.catalina.core.ApplicationDispatcher.include(ApplicationDispatcher.java:488)
	at org.apache.jasper.runtime.JspRuntimeLibrary.include(JspRuntimeLibrary.java:916)
	at org.apache.jasper.runtime.PageContextImpl.include(PageContextImpl.java:627)
	at org.apache.tiles.TilesUtilImpl.doInclude(TilesUtilImpl.java:143)
	at org.apache.tiles.TilesUtil.doInclude(TilesUtil.java:149)
	at org.apache.tiles.taglib.InsertTag.doInclude(InsertTag.java:760)
	at org.apache.tiles.taglib.InsertTag$InsertHandler.doEndTag(InsertTag.java:892)
	at org.apache.tiles.taglib.InsertTag.doEndTag(InsertTag.java:457)
	at org.apache.jsp.layout.template_jsp._jspx_meth_tiles_005finsert_005f0(template_jsp.java:614)
	at org.apache.jsp.layout.template_jsp._jspService(template_jsp.java:340)
	at org.apache.jasper.runtime.HttpJspBase.service(HttpJspBase.java:70)
	at javax.servlet.http.HttpServlet.service(HttpServlet.java:723)
	at org.apache.jasper.servlet.JspServletWrapper.service(JspServletWrapper.java:388)
	at org.apache.jasper.servlet.JspServlet.serviceJspFile(JspServlet.java:321)
	at org.apache.jasper.servlet.JspServlet.service(JspServlet.java:267)
	at javax.servlet.http.HttpServlet.service(HttpServlet.java:723)
	at org.apache.catalina.core.ApplicationFilterChain.internalDoFilter(ApplicationFilterChain.java:290)
	at org.apache.catalina.core.ApplicationFilterChain.doFilter(ApplicationFilterChain.java:206)
	at com.base.web.util.MessageFilter.doFilter(MessageFilter.java:26)
	at org.apache.catalina.core.ApplicationFilterChain.internalDoFilter(ApplicationFilterChain.java:235)
	at org.apache.catalina.core.ApplicationFilterChain.doFilter(ApplicationFilterChain.java:206)
	at org.apache.catalina.core.ApplicationDispatcher.invoke(ApplicationDispatcher.java:646)
	at org.apache.catalina.core.ApplicationDispatcher.processRequest(ApplicationDispatcher.java:436)
	at org.apache.catalina.core.ApplicationDispatcher.doForward(ApplicationDispatcher.java:374)
	at org.apache.catalina.core.ApplicationDispatcher.forward(ApplicationDispatcher.java:302)
	at com.opensymphony.webwork.dispatcher.ServletDispatcherResult.doExecute(ServletDispatcherResult.java:114)
	at com.opensymphony.webwork.views.tiles.TilesResult.doExecute(TilesResult.java:116)
	at com.opensymphony.webwork.dispatcher.WebWorkResultSupport.execute(WebWorkResultSupport.java:101)
	at com.opensymphony.xwork.DefaultActionInvocation.executeResult(DefaultActionInvocation.java:300)
	at com.opensymphony.xwork.DefaultActionInvocation.invoke(DefaultActionInvocation.java:198)
	at com.opensymphony.xwork.interceptor.DefaultWorkflowInterceptor.intercept(DefaultWorkflowInterceptor.java:125)
	at com.opensymphony.xwork.DefaultActionInvocation.invoke(DefaultActionInvocation.java:180)
	at com.opensymphony.xwork.interceptor.AroundInterceptor.intercept(AroundInterceptor.java:31)
	at com.opensymphony.xwork.DefaultActionInvocation.invoke(DefaultActionInvocation.java:180)
	at com.opensymphony.xwork.interceptor.AroundInterceptor.intercept(AroundInterceptor.java:31)
	at com.opensymphony.xwork.DefaultActionInvocation.invoke(DefaultActionInvocation.java:180)
	at com.opensymphony.xwork.interceptor.AroundInterceptor.intercept(AroundInterceptor.java:31)
	at com.opensymphony.xwork.DefaultActionInvocation.invoke(DefaultActionInvocation.java:180)
	at com.opensymphony.xwork.interceptor.AroundInterceptor.intercept(AroundInterceptor.java:31)
	at com.opensymphony.xwork.DefaultActionInvocation.invoke(DefaultActionInvocation.java:180)
	at com.opensymphony.webwork.interceptor.FileUploadInterceptor.intercept(FileUploadInterceptor.java:171)
	at com.opensymphony.xwork.DefaultActionInvocation.invoke(DefaultActionInvocation.java:180)
	at com.opensymphony.xwork.interceptor.AroundInterceptor.intercept(AroundInterceptor.java:31)
	at com.opensymphony.xwork.DefaultActionInvocation.invoke(DefaultActionInvocation.java:180)
	at com.opensymphony.xwork.interceptor.AroundInterceptor.intercept(AroundInterceptor.java:31)
	at com.opensymphony.xwork.DefaultActionInvocation.invoke(DefaultActionInvocation.java:180)
	at com.opensymphony.xwork.interceptor.I18nInterceptor.intercept(I18nInterceptor.java:146)
	at com.opensymphony.xwork.DefaultActionInvocation.invoke(DefaultActionInvocation.java:180)
	at com.opensymphony.xwork.interceptor.AroundInterceptor.intercept(AroundInterceptor.java:31)
	at com.opensymphony.xwork.DefaultActionInvocation.invoke(DefaultActionInvocation.java:180)
	at com.opensymphony.xwork.interceptor.AroundInterceptor.intercept(AroundInterceptor.java:31)
	at com.opensymphony.xwork.DefaultActionInvocation.invoke(DefaultActionInvocation.java:180)
	at com.opensymphony.xwork.interceptor.AroundInterceptor.intercept(AroundInterceptor.java:31)
	at com.opensymphony.xwork.DefaultActionInvocation.invoke(DefaultActionInvocation.java:180)
	at com.opensymphony.xwork.interceptor.ExceptionMappingInterceptor.intercept(ExceptionMappingInterceptor.java:95)
	at com.opensymphony.xwork.DefaultActionInvocation.invoke(DefaultActionInvocation.java:180)
	at com.opensymphony.xwork.DefaultActionProxy.execute(DefaultActionProxy.java:113)
	at com.opensymphony.webwork.dispatcher.DispatcherUtils.serviceAction(DispatcherUtils.java:233)
	at com.opensymphony.webwork.dispatcher.FilterDispatcher.doFilter(FilterDispatcher.java:198)
	at org.apache.catalina.core.ApplicationFilterChain.internalDoFilter(ApplicationFilterChain.java:235)
	at org.apache.catalina.core.ApplicationFilterChain.doFilter(ApplicationFilterChain.java:206)
	at org.springframework.orm.hibernate3.support.OpenSessionInViewFilter.doFilterInternal(OpenSessionInViewFilter.java:174)
	at org.springframework.web.filter.OncePerRequestFilter.doFilter(OncePerRequestFilter.java:76)
	at org.apache.catalina.core.ApplicationFilterChain.internalDoFilter(ApplicationFilterChain.java:235)
	at org.apache.catalina.core.ApplicationFilterChain.doFilter(ApplicationFilterChain.java:206)
	at com.base.web.util.MessageFilter.doFilter(MessageFilter.java:26)
	at org.apache.catalina.core.ApplicationFilterChain.internalDoFilter(ApplicationFilterChain.java:235)
	at org.apache.catalina.core.ApplicationFilterChain.doFilter(ApplicationFilterChain.java:206)
	at org.displaytag.filter.ResponseOverrideFilter.doFilter(ResponseOverrideFilter.java:125)
	at org.apache.catalina.core.ApplicationFilterChain.internalDoFilter(ApplicationFilterChain.java:235)
	at org.apache.catalina.core.ApplicationFilterChain.doFilter(ApplicationFilterChain.java:206)
	at com.base.util.EncodingFilter.doFilter(EncodingFilter.java:30)
	at org.apache.catalina.core.ApplicationFilterChain.internalDoFilter(ApplicationFilterChain.java:235)
	at org.apache.catalina.core.ApplicationFilterChain.doFilter(ApplicationFilterChain.java:206)
	at com.opensymphony.webwork.dispatcher.ActionContextCleanUp.doFilter(ActionContextCleanUp.java:78)
	at org.apache.catalina.core.ApplicationFilterChain.internalDoFilter(ApplicationFilterChain.java:235)
	at org.apache.catalina.core.ApplicationFilterChain.doFilter(ApplicationFilterChain.java:206)
	at org.apache.catalina.core.StandardWrapperValve.invoke(StandardWrapperValve.java:233)
	at org.apache.catalina.core.StandardContextValve.invoke(StandardContextValve.java:191)
	at org.apache.catalina.core.StandardHostValve.invoke(StandardHostValve.java:127)
	at org.apache.catalina.valves.ErrorReportValve.invoke(ErrorReportValve.java:103)
	at org.apache.catalina.core.StandardEngineValve.invoke(StandardEngineValve.java:109)
	at org.apache.catalina.connector.CoyoteAdapter.service(CoyoteAdapter.java:293)
	at org.apache.coyote.http11.Http11AprProcessor.process(Http11AprProcessor.java:876)
	at org.apache.coyote.http11.Http11AprProtocol$Http11ConnectionHandler.process(Http11AprProtocol.java:612)
	at org.apache.tomcat.util.net.AprEndpoint$Worker.run(AprEndpoint.java:1777)
	at java.lang.Thread.run(Unknown Source)

四月 04, 2017 12:52:08 下午 org.apache.catalina.core.ApplicationDispatcher invoke
嚴重: Servlet.service() for servlet jsp threw exception
javax.servlet.ServletException: File &quot;/error.jsp&quot; not found
	at org.apache.jasper.servlet.JspServlet.handleMissingResource(JspServlet.java:343)
	at org.apache.jasper.servlet.JspServlet.serviceJspFile(JspServlet.java:309)
	at org.apache.jasper.servlet.JspServlet.service(JspServlet.java:267)
	at javax.servlet.http.HttpServlet.service(HttpServlet.java:723)
	at org.apache.catalina.core.ApplicationFilterChain.internalDoFilter(ApplicationFilterChain.java:290)
	at org.apache.catalina.core.ApplicationFilterChain.doFilter(ApplicationFilterChain.java:206)
	at org.apache.catalina.core.ApplicationDispatcher.invoke(ApplicationDispatcher.java:646)
	at org.apache.catalina.core.ApplicationDispatcher.doInclude(ApplicationDispatcher.java:551)
	at org.apache.catalina.core.ApplicationDispatcher.include(ApplicationDispatcher.java:488)
	at org.apache.jasper.runtime.JspRuntimeLibrary.include(JspRuntimeLibrary.java:916)
	at org.apache.jasper.runtime.PageContextImpl.include(PageContextImpl.java:627)
	at org.apache.jasper.runtime.PageContextImpl.doHandlePageException(PageContextImpl.java:826)
	at org.apache.jasper.runtime.PageContextImpl.handlePageException(PageContextImpl.java:797)
	at org.apache.jsp.layout.menu_jsp._jspService(menu_jsp.java:183)
	at org.apache.jasper.runtime.HttpJspBase.service(HttpJspBase.java:70)
	at javax.servlet.http.HttpServlet.service(HttpServlet.java:723)
	at org.apache.jasper.servlet.JspServletWrapper.service(JspServletWrapper.java:388)
	at org.apache.jasper.servlet.JspServlet.serviceJspFile(JspServlet.java:321)
	at org.apache.jasper.servlet.JspServlet.service(JspServlet.java:267)
	at javax.servlet.http.HttpServlet.service(HttpServlet.java:723)
	at org.apache.catalina.core.ApplicationFilterChain.internalDoFilter(ApplicationFilterChain.java:290)
	at org.apache.catalina.core.ApplicationFilterChain.doFilter(ApplicationFilterChain.java:206)
	at org.apache.catalina.core.ApplicationDispatcher.invoke(ApplicationDispatcher.java:646)
	at org.apache.catalina.core.ApplicationDispatcher.doInclude(ApplicationDispatcher.java:551)
	at org.apache.catalina.core.ApplicationDispatcher.include(ApplicationDispatcher.java:488)
	at org.apache.jasper.runtime.JspRuntimeLibrary.include(JspRuntimeLibrary.java:916)
	at org.apache.jasper.runtime.PageContextImpl.include(PageContextImpl.java:627)
	at org.apache.tiles.TilesUtilImpl.doInclude(TilesUtilImpl.java:143)
	at org.apache.tiles.TilesUtil.doInclude(TilesUtil.java:149)
	at org.apache.tiles.taglib.InsertTag.doInclude(InsertTag.java:760)
	at org.apache.tiles.taglib.InsertTag$InsertHandler.doEndTag(InsertTag.java:892)
	at org.apache.tiles.taglib.InsertTag.doEndTag(InsertTag.java:457)
	at org.apache.jsp.layout.template_jsp._jspx_meth_tiles_005finsert_005f0(template_jsp.java:614)
	at org.apache.jsp.layout.template_jsp._jspService(template_jsp.java:340)
	at org.apache.jasper.runtime.HttpJspBase.service(HttpJspBase.java:70)
	at javax.servlet.http.HttpServlet.service(HttpServlet.java:723)
	at org.apache.jasper.servlet.JspServletWrapper.service(JspServletWrapper.java:388)
	at org.apache.jasper.servlet.JspServlet.serviceJspFile(JspServlet.java:321)
	at org.apache.jasper.servlet.JspServlet.service(JspServlet.java:267)
	at javax.servlet.http.HttpServlet.service(HttpServlet.java:723)
	at org.apache.catalina.core.ApplicationFilterChain.internalDoFilter(ApplicationFilterChain.java:290)
	at org.apache.catalina.core.ApplicationFilterChain.doFilter(ApplicationFilterChain.java:206)
	at com.base.web.util.MessageFilter.doFilter(MessageFilter.java:26)
	at org.apache.catalina.core.ApplicationFilterChain.internalDoFilter(ApplicationFilterChain.java:235)
	at org.apache.catalina.core.ApplicationFilterChain.doFilter(ApplicationFilterChain.java:206)
	at org.apache.catalina.core.ApplicationDispatcher.invoke(ApplicationDispatcher.java:646)
	at org.apache.catalina.core.ApplicationDispatcher.processRequest(ApplicationDispatcher.java:436)
	at org.apache.catalina.core.ApplicationDispatcher.doForward(ApplicationDispatcher.java:374)
	at org.apache.catalina.core.ApplicationDispatcher.forward(ApplicationDispatcher.java:302)
	at com.opensymphony.webwork.dispatcher.ServletDispatcherResult.doExecute(ServletDispatcherResult.java:114)
	at com.opensymphony.webwork.views.tiles.TilesResult.doExecute(TilesResult.java:116)
	at com.opensymphony.webwork.dispatcher.WebWorkResultSupport.execute(WebWorkResultSupport.java:101)
	at com.opensymphony.xwork.DefaultActionInvocation.executeResult(DefaultActionInvocation.java:300)
	at com.opensymphony.xwork.DefaultActionInvocation.invoke(DefaultActionInvocation.java:198)
	at com.opensymphony.xwork.interceptor.DefaultWorkflowInterceptor.intercept(DefaultWorkflowInterceptor.java:125)
	at com.opensymphony.xwork.DefaultActionInvocation.invoke(DefaultActionInvocation.java:180)
	at com.opensymphony.xwork.interceptor.AroundInterceptor.intercept(AroundInterceptor.java:31)
	at com.opensymphony.xwork.DefaultActionInvocation.invoke(DefaultActionInvocation.java:180)
	at com.opensymphony.xwork.interceptor.AroundInterceptor.intercept(AroundInterceptor.java:31)
	at com.opensymphony.xwork.DefaultActionInvocation.invoke(DefaultActionInvocation.java:180)
	at com.opensymphony.xwork.interceptor.AroundInterceptor.intercept(AroundInterceptor.java:31)
	at com.opensymphony.xwork.DefaultActionInvocation.invoke(DefaultActionInvocation.java:180)
	at com.opensymphony.xwork.interceptor.AroundInterceptor.intercept(AroundInterceptor.java:31)
	at com.opensymphony.xwork.DefaultActionInvocation.invoke(DefaultActionInvocation.java:180)
	at com.opensymphony.webwork.interceptor.FileUploadInterceptor.intercept(FileUploadInterceptor.java:171)
	at com.opensymphony.xwork.DefaultActionInvocation.invoke(DefaultActionInvocation.java:180)
	at com.opensymphony.xwork.interceptor.AroundInterceptor.intercept(AroundInterceptor.java:31)
	at com.opensymphony.xwork.DefaultActionInvocation.invoke(DefaultActionInvocation.java:180)
	at com.opensymphony.xwork.interceptor.AroundInterceptor.intercept(AroundInterceptor.java:31)
	at com.opensymphony.xwork.DefaultActionInvocation.invoke(DefaultActionInvocation.java:180)
	at com.opensymphony.xwork.interceptor.I18nInterceptor.intercept(I18nInterceptor.java:146)
	at com.opensymphony.xwork.DefaultActionInvocation.invoke(DefaultActionInvocation.java:180)
	at com.opensymphony.xwork.interceptor.AroundInterceptor.intercept(AroundInterceptor.java:31)
	at com.opensymphony.xwork.DefaultActionInvocation.invoke(DefaultActionInvocation.java:180)
	at com.opensymphony.xwork.interceptor.AroundInterceptor.intercept(AroundInterceptor.java:31)
	at com.opensymphony.xwork.DefaultActionInvocation.invoke(DefaultActionInvocation.java:180)
	at com.opensymphony.xwork.interceptor.AroundInterceptor.intercept(AroundInterceptor.java:31)
	at com.opensymphony.xwork.DefaultActionInvocation.invoke(DefaultActionInvocation.java:180)
	at com.opensymphony.xwork.interceptor.ExceptionMappingInterceptor.intercept(ExceptionMappingInterceptor.java:95)
	at com.opensymphony.xwork.DefaultActionInvocation.invoke(DefaultActionInvocation.java:180)
	at com.opensymphony.xwork.DefaultActionProxy.execute(DefaultActionProxy.java:113)
	at com.opensymphony.webwork.dispatcher.DispatcherUtils.serviceAction(DispatcherUtils.java:233)
	at com.opensymphony.webwork.dispatcher.FilterDispatcher.doFilter(FilterDispatcher.java:198)
	at org.apache.catalina.core.ApplicationFilterChain.internalDoFilter(ApplicationFilterChain.java:235)
	at org.apache.catalina.core.ApplicationFilterChain.doFilter(ApplicationFilterChain.java:206)
	at org.springframework.orm.hibernate3.support.OpenSessionInViewFilter.doFilterInternal(OpenSessionInViewFilter.java:174)
	at org.springframework.web.filter.OncePerRequestFilter.doFilter(OncePerRequestFilter.java:76)
	at org.apache.catalina.core.ApplicationFilterChain.internalDoFilter(ApplicationFilterChain.java:235)
	at org.apache.catalina.core.ApplicationFilterChain.doFilter(ApplicationFilterChain.java:206)
	at com.base.web.util.MessageFilter.doFilter(MessageFilter.java:26)
	at org.apache.catalina.core.ApplicationFilterChain.internalDoFilter(ApplicationFilterChain.java:235)
	at org.apache.catalina.core.ApplicationFilterChain.doFilter(ApplicationFilterChain.java:206)
	at org.displaytag.filter.ResponseOverrideFilter.doFilter(ResponseOverrideFilter.java:125)
	at org.apache.catalina.core.ApplicationFilterChain.internalDoFilter(ApplicationFilterChain.java:235)
	at org.apache.catalina.core.ApplicationFilterChain.doFilter(ApplicationFilterChain.java:206)
	at com.base.util.EncodingFilter.doFilter(EncodingFilter.java:30)
	at org.apache.catalina.core.ApplicationFilterChain.internalDoFilter(ApplicationFilterChain.java:235)
	at org.apache.catalina.core.ApplicationFilterChain.doFilter(ApplicationFilterChain.java:206)
	at com.opensymphony.webwork.dispatcher.ActionContextCleanUp.doFilter(ActionContextCleanUp.java:78)
	at org.apache.catalina.core.ApplicationFilterChain.internalDoFilter(ApplicationFilterChain.java:235)
	at org.apache.catalina.core.ApplicationFilterChain.doFilter(ApplicationFilterChain.java:206)
	at org.apache.catalina.core.StandardWrapperValve.invoke(StandardWrapperValve.java:233)
	at org.apache.catalina.core.StandardContextValve.invoke(StandardContextValve.java:191)
	at org.apache.catalina.core.StandardHostValve.invoke(StandardHostValve.java:127)
	at org.apache.catalina.valves.ErrorReportValve.invoke(ErrorReportValve.java:103)
	at org.apache.catalina.core.StandardEngineValve.invoke(StandardEngineValve.java:109)
	at org.apache.catalina.connector.CoyoteAdapter.service(CoyoteAdapter.java:293)
	at org.apache.coyote.http11.Http11AprProcessor.process(Http11AprProcessor.java:876)
	at org.apache.coyote.http11.Http11AprProtocol$Http11ConnectionHandler.process(Http11AprProtocol.java:612)
	at org.apache.tomcat.util.net.AprEndpoint$Worker.run(AprEndpoint.java:1777)
	at java.lang.Thread.run(Unknown Source)

四月 04, 2017 12:52:09 下午 org.apache.catalina.core.ApplicationDispatcher invoke
嚴重: Servlet.service() for servlet jsp threw exception
javax.servlet.ServletException: File &quot;/error.jsp&quot; not found
	at org.apache.jasper.servlet.JspServlet.handleMissingResource(JspServlet.java:343)
	at org.apache.jasper.servlet.JspServlet.serviceJspFile(JspServlet.java:309)
	at org.apache.jasper.servlet.JspServlet.service(JspServlet.java:267)
	at javax.servlet.http.HttpServlet.service(HttpServlet.java:723)
	at org.apache.catalina.core.ApplicationFilterChain.internalDoFilter(ApplicationFilterChain.java:290)
	at org.apache.catalina.core.ApplicationFilterChain.doFilter(ApplicationFilterChain.java:206)
	at org.apache.catalina.core.ApplicationDispatcher.invoke(ApplicationDispatcher.java:646)
	at org.apache.catalina.core.ApplicationDispatcher.doInclude(ApplicationDispatcher.java:551)
	at org.apache.catalina.core.ApplicationDispatcher.include(ApplicationDispatcher.java:488)
	at org.apache.jasper.runtime.JspRuntimeLibrary.include(JspRuntimeLibrary.java:916)
	at org.apache.jasper.runtime.PageContextImpl.include(PageContextImpl.java:627)
	at org.apache.jasper.runtime.PageContextImpl.doHandlePageException(PageContextImpl.java:826)
	at org.apache.jasper.runtime.PageContextImpl.handlePageException(PageContextImpl.java:797)
	at org.apache.jsp.layout.template_jsp._jspService(template_jsp.java:365)
	at org.apache.jasper.runtime.HttpJspBase.service(HttpJspBase.java:70)
	at javax.servlet.http.HttpServlet.service(HttpServlet.java:723)
	at org.apache.jasper.servlet.JspServletWrapper.service(JspServletWrapper.java:388)
	at org.apache.jasper.servlet.JspServlet.serviceJspFile(JspServlet.java:321)
	at org.apache.jasper.servlet.JspServlet.service(JspServlet.java:267)
	at javax.servlet.http.HttpServlet.service(HttpServlet.java:723)
	at org.apache.catalina.core.ApplicationFilterChain.internalDoFilter(ApplicationFilterChain.java:290)
	at org.apache.catalina.core.ApplicationFilterChain.doFilter(ApplicationFilterChain.java:206)
	at com.base.web.util.MessageFilter.doFilter(MessageFilter.java:26)
	at org.apache.catalina.core.ApplicationFilterChain.internalDoFilter(ApplicationFilterChain.java:235)
	at org.apache.catalina.core.ApplicationFilterChain.doFilter(ApplicationFilterChain.java:206)
	at org.apache.catalina.core.ApplicationDispatcher.invoke(ApplicationDispatcher.java:646)
	at org.apache.catalina.core.ApplicationDispatcher.processRequest(ApplicationDispatcher.java:436)
	at org.apache.catalina.core.ApplicationDispatcher.doForward(ApplicationDispatcher.java:374)
	at org.apache.catalina.core.ApplicationDispatcher.forward(ApplicationDispatcher.java:302)
	at com.opensymphony.webwork.dispatcher.ServletDispatcherResult.doExecute(ServletDispatcherResult.java:114)
	at com.opensymphony.webwork.views.tiles.TilesResult.doExecute(TilesResult.java:116)
	at com.opensymphony.webwork.dispatcher.WebWorkResultSupport.execute(WebWorkResultSupport.java:101)
	at com.opensymphony.xwork.DefaultActionInvocation.executeResult(DefaultActionInvocation.java:300)
	at com.opensymphony.xwork.DefaultActionInvocation.invoke(DefaultActionInvocation.java:198)
	at com.opensymphony.xwork.interceptor.DefaultWorkflowInterceptor.intercept(DefaultWorkflowInterceptor.java:125)
	at com.opensymphony.xwork.DefaultActionInvocation.invoke(DefaultActionInvocation.java:180)
	at com.opensymphony.xwork.interceptor.AroundInterceptor.intercept(AroundInterceptor.java:31)
	at com.opensymphony.xwork.DefaultActionInvocation.invoke(DefaultActionInvocation.java:180)
	at com.opensymphony.xwork.interceptor.AroundInterceptor.intercept(AroundInterceptor.java:31)
	at com.opensymphony.xwork.DefaultActionInvocation.invoke(DefaultActionInvocation.java:180)
	at com.opensymphony.xwork.interceptor.AroundInterceptor.intercept(AroundInterceptor.java:31)
	at com.opensymphony.xwork.DefaultActionInvocation.invoke(DefaultActionInvocation.java:180)
	at com.opensymphony.xwork.interceptor.AroundInterceptor.intercept(AroundInterceptor.java:31)
	at com.opensymphony.xwork.DefaultActionInvocation.invoke(DefaultActionInvocation.java:180)
	at com.opensymphony.webwork.interceptor.FileUploadInterceptor.intercept(FileUploadInterceptor.java:171)
	at com.opensymphony.xwork.DefaultActionInvocation.invoke(DefaultActionInvocation.java:180)
	at com.opensymphony.xwork.interceptor.AroundInterceptor.intercept(AroundInterceptor.java:31)
	at com.opensymphony.xwork.DefaultActionInvocation.invoke(DefaultActionInvocation.java:180)
	at com.opensymphony.xwork.interceptor.AroundInterceptor.intercept(AroundInterceptor.java:31)
	at com.opensymphony.xwork.DefaultActionInvocation.invoke(DefaultActionInvocation.java:180)
	at com.opensymphony.xwork.interceptor.I18nInterceptor.intercept(I18nInterceptor.java:146)
	at com.opensymphony.xwork.DefaultActionInvocation.invoke(DefaultActionInvocation.java:180)
	at com.opensymphony.xwork.interceptor.AroundInterceptor.intercept(AroundInterceptor.java:31)
	at com.opensymphony.xwork.DefaultActionInvocation.invoke(DefaultActionInvocation.java:180)
	at com.opensymphony.xwork.interceptor.AroundInterceptor.intercept(AroundInterceptor.java:31)
	at com.opensymphony.xwork.DefaultActionInvocation.invoke(DefaultActionInvocation.java:180)
	at com.opensymphony.xwork.interceptor.AroundInterceptor.intercept(AroundInterceptor.java:31)
	at com.opensymphony.xwork.DefaultActionInvocation.invoke(DefaultActionInvocation.java:180)
	at com.opensymphony.xwork.interceptor.ExceptionMappingInterceptor.intercept(ExceptionMappingInterceptor.java:95)
	at com.opensymphony.xwork.DefaultActionInvocation.invoke(DefaultActionInvocation.java:180)
	at com.opensymphony.xwork.DefaultActionProxy.execute(DefaultActionProxy.java:113)
	at com.opensymphony.webwork.dispatcher.DispatcherUtils.serviceAction(DispatcherUtils.java:233)
	at com.opensymphony.webwork.dispatcher.FilterDispatcher.doFilter(FilterDispatcher.java:198)
	at org.apache.catalina.core.ApplicationFilterChain.internalDoFilter(ApplicationFilterChain.java:235)
	at org.apache.catalina.core.ApplicationFilterChain.doFilter(ApplicationFilterChain.java:206)
	at org.springframework.orm.hibernate3.support.OpenSessionInViewFilter.doFilterInternal(OpenSessionInViewFilter.java:174)
	at org.springframework.web.filter.OncePerRequestFilter.doFilter(OncePerRequestFilter.java:76)
	at org.apache.catalina.core.ApplicationFilterChain.internalDoFilter(ApplicationFilterChain.java:235)
	at org.apache.catalina.core.ApplicationFilterChain.doFilter(ApplicationFilterChain.java:206)
	at com.base.web.util.MessageFilter.doFilter(MessageFilter.java:26)
	at org.apache.catalina.core.ApplicationFilterChain.internalDoFilter(ApplicationFilterChain.java:235)
	at org.apache.catalina.core.ApplicationFilterChain.doFilter(ApplicationFilterChain.java:206)
	at org.displaytag.filter.ResponseOverrideFilter.doFilter(ResponseOverrideFilter.java:125)
	at org.apache.catalina.core.ApplicationFilterChain.internalDoFilter(ApplicationFilterChain.java:235)
	at org.apache.catalina.core.ApplicationFilterChain.doFilter(ApplicationFilterChain.java:206)
	at com.base.util.EncodingFilter.doFilter(EncodingFilter.java:30)
	at org.apache.catalina.core.ApplicationFilterChain.internalDoFilter(ApplicationFilterChain.java:235)
	at org.apache.catalina.core.ApplicationFilterChain.doFilter(ApplicationFilterChain.java:206)
	at com.opensymphony.webwork.dispatcher.ActionContextCleanUp.doFilter(ActionContextCleanUp.java:78)
	at org.apache.catalina.core.ApplicationFilterChain.internalDoFilter(ApplicationFilterChain.java:235)
	at org.apache.catalina.core.ApplicationFilterChain.doFilter(ApplicationFilterChain.java:206)
	at org.apache.catalina.core.StandardWrapperValve.invoke(StandardWrapperValve.java:233)
	at org.apache.catalina.core.StandardContextValve.invoke(StandardContextValve.java:191)
	at org.apache.catalina.core.StandardHostValve.invoke(StandardHostValve.java:127)
	at org.apache.catalina.valves.ErrorReportValve.invoke(ErrorReportValve.java:103)
	at org.apache.catalina.core.StandardEngineValve.invoke(StandardEngineValve.java:109)
	at org.apache.catalina.connector.CoyoteAdapter.service(CoyoteAdapter.java:293)
	at org.apache.coyote.http11.Http11AprProcessor.process(Http11AprProcessor.java:876)
	at org.apache.coyote.http11.Http11AprProtocol$Http11ConnectionHandler.process(Http11AprProtocol.java:612)
	at org.apache.tomcat.util.net.AprEndpoint$Worker.run(AprEndpoint.java:1777)
	at java.lang.Thread.run(Unknown Source)

四月 04, 2017 12:52:09 下午 org.apache.catalina.core.ApplicationDispatcher invoke
嚴重: Servlet.service() for servlet jsp threw exception
javax.servlet.ServletException: File &quot;/error.jsp&quot; not found
	at org.apache.jasper.servlet.JspServlet.handleMissingResource(JspServlet.java:343)
	at org.apache.jasper.servlet.JspServlet.serviceJspFile(JspServlet.java:309)
	at org.apache.jasper.servlet.JspServlet.service(JspServlet.java:267)
	at javax.servlet.http.HttpServlet.service(HttpServlet.java:723)
	at org.apache.catalina.core.ApplicationFilterChain.internalDoFilter(ApplicationFilterChain.java:290)
	at org.apache.catalina.core.ApplicationFilterChain.doFilter(ApplicationFilterChain.java:206)
	at org.apache.catalina.core.ApplicationDispatcher.invoke(ApplicationDispatcher.java:646)
	at org.apache.catalina.core.ApplicationDispatcher.doInclude(ApplicationDispatcher.java:551)
	at org.apache.catalina.core.ApplicationDispatcher.include(ApplicationDispatcher.java:488)
	at org.apache.jasper.runtime.JspRuntimeLibrary.include(JspRuntimeLibrary.java:916)
	at org.apache.jasper.runtime.PageContextImpl.include(PageContextImpl.java:627)
	at org.apache.jasper.runtime.PageContextImpl.doHandlePageException(PageContextImpl.java:826)
	at org.apache.jasper.runtime.PageContextImpl.handlePageException(PageContextImpl.java:797)
	at org.apache.jsp.layout.template_jsp._jspService(template_jsp.java:365)
	at org.apache.jasper.runtime.HttpJspBase.service(HttpJspBase.java:70)
	at javax.servlet.http.HttpServlet.service(HttpServlet.java:723)
	at org.apache.jasper.servlet.JspServletWrapper.service(JspServletWrapper.java:388)
	at org.apache.jasper.servlet.JspServlet.serviceJspFile(JspServlet.java:321)
	at org.apache.jasper.servlet.JspServlet.service(JspServlet.java:267)
	at javax.servlet.http.HttpServlet.service(HttpServlet.java:723)
	at org.apache.catalina.core.ApplicationFilterChain.internalDoFilter(ApplicationFilterChain.java:290)
	at org.apache.catalina.core.ApplicationFilterChain.doFilter(ApplicationFilterChain.java:206)
	at com.base.web.util.MessageFilter.doFilter(MessageFilter.java:26)
	at org.apache.catalina.core.ApplicationFilterChain.internalDoFilter(ApplicationFilterChain.java:235)
	at org.apache.catalina.core.ApplicationFilterChain.doFilter(ApplicationFilterChain.java:206)
	at org.apache.catalina.core.ApplicationDispatcher.invoke(ApplicationDispatcher.java:646)
	at org.apache.catalina.core.ApplicationDispatcher.processRequest(ApplicationDispatcher.java:436)
	at org.apache.catalina.core.ApplicationDispatcher.doForward(ApplicationDispatcher.java:374)
	at org.apache.catalina.core.ApplicationDispatcher.forward(ApplicationDispatcher.java:302)
	at com.opensymphony.webwork.dispatcher.ServletDispatcherResult.doExecute(ServletDispatcherResult.java:114)
	at com.opensymphony.webwork.views.tiles.TilesResult.doExecute(TilesResult.java:116)
	at com.opensymphony.webwork.dispatcher.WebWorkResultSupport.execute(WebWorkResultSupport.java:101)
	at com.opensymphony.xwork.DefaultActionInvocation.executeResult(DefaultActionInvocation.java:300)
	at com.opensymphony.xwork.DefaultActionInvocation.invoke(DefaultActionInvocation.java:198)
	at com.opensymphony.xwork.interceptor.DefaultWorkflowInterceptor.intercept(DefaultWorkflowInterceptor.java:125)
	at com.opensymphony.xwork.DefaultActionInvocation.invoke(DefaultActionInvocation.java:180)
	at com.opensymphony.xwork.interceptor.AroundInterceptor.intercept(AroundInterceptor.java:31)
	at com.opensymphony.xwork.DefaultActionInvocation.invoke(DefaultActionInvocation.java:180)
	at com.opensymphony.xwork.interceptor.AroundInterceptor.intercept(AroundInterceptor.java:31)
	at com.opensymphony.xwork.DefaultActionInvocation.invoke(DefaultActionInvocation.java:180)
	at com.opensymphony.xwork.interceptor.AroundInterceptor.intercept(AroundInterceptor.java:31)
	at com.opensymphony.xwork.DefaultActionInvocation.invoke(DefaultActionInvocation.java:180)
	at com.opensymphony.xwork.interceptor.AroundInterceptor.intercept(AroundInterceptor.java:31)
	at com.opensymphony.xwork.DefaultActionInvocation.invoke(DefaultActionInvocation.java:180)
	at com.opensymphony.webwork.interceptor.FileUploadInterceptor.intercept(FileUploadInterceptor.java:171)
	at com.opensymphony.xwork.DefaultActionInvocation.invoke(DefaultActionInvocation.java:180)
	at com.opensymphony.xwork.interceptor.AroundInterceptor.intercept(AroundInterceptor.java:31)
	at com.opensymphony.xwork.DefaultActionInvocation.invoke(DefaultActionInvocation.java:180)
	at com.opensymphony.xwork.interceptor.AroundInterceptor.intercept(AroundInterceptor.java:31)
	at com.opensymphony.xwork.DefaultActionInvocation.invoke(DefaultActionInvocation.java:180)
	at com.opensymphony.xwork.interceptor.I18nInterceptor.intercept(I18nInterceptor.java:146)
	at com.opensymphony.xwork.DefaultActionInvocation.invoke(DefaultActionInvocation.java:180)
	at com.opensymphony.xwork.interceptor.AroundInterceptor.intercept(AroundInterceptor.java:31)
	at com.opensymphony.xwork.DefaultActionInvocation.invoke(DefaultActionInvocation.java:180)
	at com.opensymphony.xwork.interceptor.AroundInterceptor.intercept(AroundInterceptor.java:31)
	at com.opensymphony.xwork.DefaultActionInvocation.invoke(DefaultActionInvocation.java:180)
	at com.opensymphony.xwork.interceptor.AroundInterceptor.intercept(AroundInterceptor.java:31)
	at com.opensymphony.xwork.DefaultActionInvocation.invoke(DefaultActionInvocation.java:180)
	at com.opensymphony.xwork.interceptor.ExceptionMappingInterceptor.intercept(ExceptionMappingInterceptor.java:95)
	at com.opensymphony.xwork.DefaultActionInvocation.invoke(DefaultActionInvocation.java:180)
	at com.opensymphony.xwork.DefaultActionProxy.execute(DefaultActionProxy.java:113)
	at com.opensymphony.webwork.dispatcher.DispatcherUtils.serviceAction(DispatcherUtils.java:233)
	at com.opensymphony.webwork.dispatcher.FilterDispatcher.doFilter(FilterDispatcher.java:198)
	at org.apache.catalina.core.ApplicationFilterChain.internalDoFilter(ApplicationFilterChain.java:235)
	at org.apache.catalina.core.ApplicationFilterChain.doFilter(ApplicationFilterChain.java:206)
	at org.springframework.orm.hibernate3.support.OpenSessionInViewFilter.doFilterInternal(OpenSessionInViewFilter.java:174)
	at org.springframework.web.filter.OncePerRequestFilter.doFilter(OncePerRequestFilter.java:76)
	at org.apache.catalina.core.ApplicationFilterChain.internalDoFilter(ApplicationFilterChain.java:235)
	at org.apache.catalina.core.ApplicationFilterChain.doFilter(ApplicationFilterChain.java:206)
	at com.base.web.util.MessageFilter.doFilter(MessageFilter.java:26)
	at org.apache.catalina.core.ApplicationFilterChain.internalDoFilter(ApplicationFilterChain.java:235)
	at org.apache.catalina.core.ApplicationFilterChain.doFilter(ApplicationFilterChain.java:206)
	at org.displaytag.filter.ResponseOverrideFilter.doFilter(ResponseOverrideFilter.java:125)
	at org.apache.catalina.core.ApplicationFilterChain.internalDoFilter(ApplicationFilterChain.java:235)
	at org.apache.catalina.core.ApplicationFilterChain.doFilter(ApplicationFilterChain.java:206)
	at com.base.util.EncodingFilter.doFilter(EncodingFilter.java:30)
	at org.apache.catalina.core.ApplicationFilterChain.internalDoFilter(ApplicationFilterChain.java:235)
	at org.apache.catalina.core.ApplicationFilterChain.doFilter(ApplicationFilterChain.java:206)
	at com.opensymphony.webwork.dispatcher.ActionContextCleanUp.doFilter(ActionContextCleanUp.java:78)
	at org.apache.catalina.core.ApplicationFilterChain.internalDoFilter(ApplicationFilterChain.java:235)
	at org.apache.catalina.core.ApplicationFilterChain.doFilter(ApplicationFilterChain.java:206)
	at org.apache.catalina.core.StandardWrapperValve.invoke(StandardWrapperValve.java:233)
	at org.apache.catalina.core.StandardContextValve.invoke(StandardContextValve.java:191)
	at org.apache.catalina.core.StandardHostValve.invoke(StandardHostValve.java:127)
	at org.apache.catalina.valves.ErrorReportValve.invoke(ErrorReportValve.java:103)
	at org.apache.catalina.core.StandardEngineValve.invoke(StandardEngineValve.java:109)
	at org.apache.catalina.connector.CoyoteAdapter.service(CoyoteAdapter.java:293)
	at org.apache.coyote.http11.Http11AprProcessor.process(Http11AprProcessor.java:876)
	at org.apache.coyote.http11.Http11AprProtocol$Http11ConnectionHandler.process(Http11AprProtocol.java:612)
	at org.apache.tomcat.util.net.AprEndpoint$Worker.run(AprEndpoint.java:1777)
	at java.lang.Thread.run(Unknown Source)

四月 04, 2017 12:52:09 下午 org.apache.catalina.core.StandardWrapperValve invoke
嚴重: Servlet.service() for servlet default threw exception
javax.servlet.ServletException: File &quot;/error.jsp&quot; not found
	at org.apache.jasper.servlet.JspServlet.handleMissingResource(JspServlet.java:343)
	at org.apache.jasper.servlet.JspServlet.serviceJspFile(JspServlet.java:309)
	at org.apache.jasper.servlet.JspServlet.service(JspServlet.java:267)
	at javax.servlet.http.HttpServlet.service(HttpServlet.java:723)
	at org.apache.catalina.core.ApplicationFilterChain.internalDoFilter(ApplicationFilterChain.java:290)
	at org.apache.catalina.core.ApplicationFilterChain.doFilter(ApplicationFilterChain.java:206)
	at org.apache.catalina.core.ApplicationDispatcher.invoke(ApplicationDispatcher.java:646)
	at org.apache.catalina.core.ApplicationDispatcher.doInclude(ApplicationDispatcher.java:551)
	at org.apache.catalina.core.ApplicationDispatcher.include(ApplicationDispatcher.java:488)
	at org.apache.jasper.runtime.JspRuntimeLibrary.include(JspRuntimeLibrary.java:916)
	at org.apache.jasper.runtime.PageContextImpl.include(PageContextImpl.java:627)
	at org.apache.jasper.runtime.PageContextImpl.doHandlePageException(PageContextImpl.java:826)
	at org.apache.jasper.runtime.PageContextImpl.handlePageException(PageContextImpl.java:797)
	at org.apache.jsp.layout.template_jsp._jspService(template_jsp.java:365)
	at org.apache.jasper.runtime.HttpJspBase.service(HttpJspBase.java:70)
	at javax.servlet.http.HttpServlet.service(HttpServlet.java:723)
	at org.apache.jasper.servlet.JspServletWrapper.service(JspServletWrapper.java:388)
	at org.apache.jasper.servlet.JspServlet.serviceJspFile(JspServlet.java:321)
	at org.apache.jasper.servlet.JspServlet.service(JspServlet.java:267)
	at javax.servlet.http.HttpServlet.service(HttpServlet.java:723)
	at org.apache.catalina.core.ApplicationFilterChain.internalDoFilter(ApplicationFilterChain.java:290)
	at org.apache.catalina.core.ApplicationFilterChain.doFilter(ApplicationFilterChain.java:206)
	at com.base.web.util.MessageFilter.doFilter(MessageFilter.java:26)
	at org.apache.catalina.core.ApplicationFilterChain.internalDoFilter(ApplicationFilterChain.java:235)
	at org.apache.catalina.core.ApplicationFilterChain.doFilter(ApplicationFilterChain.java:206)
	at org.apache.catalina.core.ApplicationDispatcher.invoke(ApplicationDispatcher.java:646)
	at org.apache.catalina.core.ApplicationDispatcher.processRequest(ApplicationDispatcher.java:436)
	at org.apache.catalina.core.ApplicationDispatcher.doForward(ApplicationDispatcher.java:374)
	at org.apache.catalina.core.ApplicationDispatcher.forward(ApplicationDispatcher.java:302)
	at com.opensymphony.webwork.dispatcher.ServletDispatcherResult.doExecute(ServletDispatcherResult.java:114)
	at com.opensymphony.webwork.views.tiles.TilesResult.doExecute(TilesResult.java:116)
	at com.opensymphony.webwork.dispatcher.WebWorkResultSupport.execute(WebWorkResultSupport.java:101)
	at com.opensymphony.xwork.DefaultActionInvocation.executeResult(DefaultActionInvocation.java:300)
	at com.opensymphony.xwork.DefaultActionInvocation.invoke(DefaultActionInvocation.java:198)
	at com.opensymphony.xwork.interceptor.DefaultWorkflowInterceptor.intercept(DefaultWorkflowInterceptor.java:125)
	at com.opensymphony.xwork.DefaultActionInvocation.invoke(DefaultActionInvocation.java:180)
	at com.opensymphony.xwork.interceptor.AroundInterceptor.intercept(AroundInterceptor.java:31)
	at com.opensymphony.xwork.DefaultActionInvocation.invoke(DefaultActionInvocation.java:180)
	at com.opensymphony.xwork.interceptor.AroundInterceptor.intercept(AroundInterceptor.java:31)
	at com.opensymphony.xwork.DefaultActionInvocation.invoke(DefaultActionInvocation.java:180)
	at com.opensymphony.xwork.interceptor.AroundInterceptor.intercept(AroundInterceptor.java:31)
	at com.opensymphony.xwork.DefaultActionInvocation.invoke(DefaultActionInvocation.java:180)
	at com.opensymphony.xwork.interceptor.AroundInterceptor.intercept(AroundInterceptor.java:31)
	at com.opensymphony.xwork.DefaultActionInvocation.invoke(DefaultActionInvocation.java:180)
	at com.opensymphony.webwork.interceptor.FileUploadInterceptor.intercept(FileUploadInterceptor.java:171)
	at com.opensymphony.xwork.DefaultActionInvocation.invoke(DefaultActionInvocation.java:180)
	at com.opensymphony.xwork.interceptor.AroundInterceptor.intercept(AroundInterceptor.java:31)
	at com.opensymphony.xwork.DefaultActionInvocation.invoke(DefaultActionInvocation.java:180)
	at com.opensymphony.xwork.interceptor.AroundInterceptor.intercept(AroundInterceptor.java:31)
	at com.opensymphony.xwork.DefaultActionInvocation.invoke(DefaultActionInvocation.java:180)
	at com.opensymphony.xwork.interceptor.I18nInterceptor.intercept(I18nInterceptor.java:146)
	at com.opensymphony.xwork.DefaultActionInvocation.invoke(DefaultActionInvocation.java:180)
	at com.opensymphony.xwork.interceptor.AroundInterceptor.intercept(AroundInterceptor.java:31)
	at com.opensymphony.xwork.DefaultActionInvocation.invoke(DefaultActionInvocation.java:180)
	at com.opensymphony.xwork.interceptor.AroundInterceptor.intercept(AroundInterceptor.java:31)
	at com.opensymphony.xwork.DefaultActionInvocation.invoke(DefaultActionInvocation.java:180)
	at com.opensymphony.xwork.interceptor.AroundInterceptor.intercept(AroundInterceptor.java:31)
	at com.opensymphony.xwork.DefaultActionInvocation.invoke(DefaultActionInvocation.java:180)
	at com.opensymphony.xwork.interceptor.ExceptionMappingInterceptor.intercept(ExceptionMappingInterceptor.java:95)
	at com.opensymphony.xwork.DefaultActionInvocation.invoke(DefaultActionInvocation.java:180)
	at com.opensymphony.xwork.DefaultActionProxy.execute(DefaultActionProxy.java:113)
	at com.opensymphony.webwork.dispatcher.DispatcherUtils.serviceAction(DispatcherUtils.java:233)
	at com.opensymphony.webwork.dispatcher.FilterDispatcher.doFilter(FilterDispatcher.java:198)
	at org.apache.catalina.core.ApplicationFilterChain.internalDoFilter(ApplicationFilterChain.java:235)
	at org.apache.catalina.core.ApplicationFilterChain.doFilter(ApplicationFilterChain.java:206)
	at org.springframework.orm.hibernate3.support.OpenSessionInViewFilter.doFilterInternal(OpenSessionInViewFilter.java:174)
	at org.springframework.web.filter.OncePerRequestFilter.doFilter(OncePerRequestFilter.java:76)
	at org.apache.catalina.core.ApplicationFilterChain.internalDoFilter(ApplicationFilterChain.java:235)
	at org.apache.catalina.core.ApplicationFilterChain.doFilter(ApplicationFilterChain.java:206)
	at com.base.web.util.MessageFilter.doFilter(MessageFilter.java:26)
	at org.apache.catalina.core.ApplicationFilterChain.internalDoFilter(ApplicationFilterChain.java:235)
	at org.apache.catalina.core.ApplicationFilterChain.doFilter(ApplicationFilterChain.java:206)
	at org.displaytag.filter.ResponseOverrideFilter.doFilter(ResponseOverrideFilter.java:125)
	at org.apache.catalina.core.ApplicationFilterChain.internalDoFilter(ApplicationFilterChain.java:235)
	at org.apache.catalina.core.ApplicationFilterChain.doFilter(ApplicationFilterChain.java:206)
	at com.base.util.EncodingFilter.doFilter(EncodingFilter.java:30)
	at org.apache.catalina.core.ApplicationFilterChain.internalDoFilter(ApplicationFilterChain.java:235)
	at org.apache.catalina.core.ApplicationFilterChain.doFilter(ApplicationFilterChain.java:206)
	at com.opensymphony.webwork.dispatcher.ActionContextCleanUp.doFilter(ActionContextCleanUp.java:78)
	at org.apache.catalina.core.ApplicationFilterChain.internalDoFilter(ApplicationFilterChain.java:235)
	at org.apache.catalina.core.ApplicationFilterChain.doFilter(ApplicationFilterChain.java:206)
	at org.apache.catalina.core.StandardWrapperValve.invoke(StandardWrapperValve.java:233)
	at org.apache.catalina.core.StandardContextValve.invoke(StandardContextValve.java:191)
	at org.apache.catalina.core.StandardHostValve.invoke(StandardHostValve.java:127)
	at org.apache.catalina.valves.ErrorReportValve.invoke(ErrorReportValve.java:103)
	at org.apache.catalina.core.StandardEngineValve.invoke(StandardEngineValve.java:109)
	at org.apache.catalina.connector.CoyoteAdapter.service(CoyoteAdapter.java:293)
	at org.apache.coyote.http11.Http11AprProcessor.process(Http11AprProcessor.java:876)
	at org.apache.coyote.http11.Http11AprProtocol$Http11ConnectionHandler.process(Http11AprProtocol.java:612)
	at org.apache.tomcat.util.net.AprEndpoint$Worker.run(AprEndpoint.java:1777)
	at java.lang.Thread.run(Unknown Source)

