四月 05, 2017 1:39:28 下午 org.apache.catalina.core.ApplicationContext log
資訊: Loading Spring root WebApplicationContext
四月 05, 2017 1:39:44 下午 org.apache.catalina.core.ApplicationContext log
資訊: ContextListener: contextInitialized()
四月 05, 2017 1:39:44 下午 org.apache.catalina.core.ApplicationContext log
資訊: SessionListener: contextInitialized()
四月 05, 2017 2:57:03 下午 org.apache.catalina.core.ApplicationContext log
資訊: Loading Spring root WebApplicationContext
四月 05, 2017 2:57:04 下午 org.apache.catalina.core.StandardContext listenerStart
嚴重: Exception sending context initialized event to listener instance of class org.springframework.web.context.ContextLoaderListener
org.springframework.beans.factory.BeanDefinitionStoreException: Error registering bean with name 'billDAO' defined in ServletContext resource [/WEB-INF/applicationContext-hibernate.xml]: Bean class [northwest.common.dao.hibernate.BillDAOHibernate] not found; nested exception is java.lang.ClassNotFoundException: northwest.common.dao.hibernate.BillDAOHibernate
java.lang.ClassNotFoundException: northwest.common.dao.hibernate.BillDAOHibernate
	at org.apache.catalina.loader.WebappClassLoader.loadClass(WebappClassLoader.java:1698)
	at org.apache.catalina.loader.WebappClassLoader.loadClass(WebappClassLoader.java:1544)
	at java.lang.Class.forName0(Native Method)
	at java.lang.Class.forName(Unknown Source)
	at org.springframework.util.ClassUtils.forName(ClassUtils.java:108)
	at org.springframework.beans.factory.support.BeanDefinitionReaderUtils.createBeanDefinition(BeanDefinitionReaderUtils.java:65)
	at org.springframework.beans.factory.xml.DefaultXmlBeanDefinitionParser.parseBeanDefinitionElement(DefaultXmlBeanDefinitionParser.java:426)
	at org.springframework.beans.factory.xml.DefaultXmlBeanDefinitionParser.parseBeanDefinitionElement(DefaultXmlBeanDefinitionParser.java:392)
	at org.springframework.beans.factory.xml.DefaultXmlBeanDefinitionParser.parseBeanDefinitions(DefaultXmlBeanDefinitionParser.java:307)
	at org.springframework.beans.factory.xml.DefaultXmlBeanDefinitionParser.registerBeanDefinitions(DefaultXmlBeanDefinitionParser.java:191)
	at org.springframework.beans.factory.xml.XmlBeanDefinitionReader.registerBeanDefinitions(XmlBeanDefinitionReader.java:295)
	at org.springframework.beans.factory.xml.XmlBeanDefinitionReader.doLoadBeanDefinitions(XmlBeanDefinitionReader.java:223)
	at org.springframework.beans.factory.xml.XmlBeanDefinitionReader.loadBeanDefinitions(XmlBeanDefinitionReader.java:173)
	at org.springframework.beans.factory.xml.XmlBeanDefinitionReader.loadBeanDefinitions(XmlBeanDefinitionReader.java:148)
	at org.springframework.beans.factory.support.AbstractBeanDefinitionReader.loadBeanDefinitions(AbstractBeanDefinitionReader.java:126)
	at org.springframework.beans.factory.support.AbstractBeanDefinitionReader.loadBeanDefinitions(AbstractBeanDefinitionReader.java:142)
	at org.springframework.web.context.support.XmlWebApplicationContext.loadBeanDefinitions(XmlWebApplicationContext.java:126)
	at org.springframework.web.context.support.XmlWebApplicationContext.loadBeanDefinitions(XmlWebApplicationContext.java:94)
	at org.springframework.context.support.AbstractRefreshableApplicationContext.refreshBeanFactory(AbstractRefreshableApplicationContext.java:89)
	at org.springframework.context.support.AbstractApplicationContext.refresh(AbstractApplicationContext.java:269)
	at org.springframework.web.context.support.AbstractRefreshableWebApplicationContext.refresh(AbstractRefreshableWebApplicationContext.java:134)
	at org.springframework.web.context.ContextLoader.createWebApplicationContext(ContextLoader.java:246)
	at org.springframework.web.context.ContextLoader.initWebApplicationContext(ContextLoader.java:184)
	at org.springframework.web.context.ContextLoaderListener.contextInitialized(ContextLoaderListener.java:49)
	at org.apache.catalina.core.StandardContext.listenerStart(StandardContext.java:4276)
	at org.apache.catalina.core.StandardContext.start(StandardContext.java:4779)
	at org.apache.catalina.core.ContainerBase.start(ContainerBase.java:1061)
	at org.apache.catalina.core.StandardHost.start(StandardHost.java:822)
	at org.apache.catalina.core.ContainerBase.start(ContainerBase.java:1061)
	at org.apache.catalina.core.StandardEngine.start(StandardEngine.java:463)
	at org.apache.catalina.core.StandardService.start(StandardService.java:525)
	at org.apache.catalina.core.StandardServer.start(StandardServer.java:761)
	at org.apache.catalina.startup.Catalina.start(Catalina.java:595)
	at sun.reflect.NativeMethodAccessorImpl.invoke0(Native Method)
	at sun.reflect.NativeMethodAccessorImpl.invoke(Unknown Source)
	at sun.reflect.DelegatingMethodAccessorImpl.invoke(Unknown Source)
	at java.lang.reflect.Method.invoke(Unknown Source)
	at org.apache.catalina.startup.Bootstrap.start(Bootstrap.java:289)
	at org.apache.catalina.startup.Bootstrap.main(Bootstrap.java:414)

四月 05, 2017 2:57:04 下午 org.apache.catalina.core.ApplicationContext log
資訊: Closing Spring root WebApplicationContext
四月 05, 2017 2:57:05 下午 org.apache.catalina.core.ApplicationContext log
資訊: ContextListener: contextInitialized()
四月 05, 2017 2:57:05 下午 org.apache.catalina.core.ApplicationContext log
資訊: SessionListener: contextInitialized()
四月 05, 2017 2:57:36 下午 org.apache.catalina.core.ApplicationContext log
資訊: Loading Spring root WebApplicationContext
四月 05, 2017 2:57:50 下午 org.apache.catalina.core.ApplicationContext log
資訊: ContextListener: contextInitialized()
四月 05, 2017 2:57:50 下午 org.apache.catalina.core.ApplicationContext log
資訊: SessionListener: contextInitialized()
四月 05, 2017 4:07:05 下午 org.apache.catalina.core.ApplicationContext log
資訊: Loading Spring root WebApplicationContext
四月 05, 2017 4:07:21 下午 org.apache.catalina.core.ApplicationContext log
資訊: ContextListener: contextInitialized()
四月 05, 2017 4:07:21 下午 org.apache.catalina.core.ApplicationContext log
資訊: SessionListener: contextInitialized()
四月 05, 2017 4:18:30 下午 org.apache.catalina.core.ApplicationDispatcher invoke
嚴重: Servlet.service() for servlet jsp threw exception
javax.servlet.ServletException: File &quot;/error.jsp&quot; not found
	at org.apache.jasper.servlet.JspServlet.handleMissingResource(JspServlet.java:343)
	at org.apache.jasper.servlet.JspServlet.serviceJspFile(JspServlet.java:309)
	at org.apache.jasper.servlet.JspServlet.service(JspServlet.java:267)
	at javax.servlet.http.HttpServlet.service(HttpServlet.java:723)
	at org.apache.catalina.core.ApplicationFilterChain.internalDoFilter(ApplicationFilterChain.java:290)
	at org.apache.catalina.core.ApplicationFilterChain.doFilter(ApplicationFilterChain.java:206)
	at org.apache.catalina.core.ApplicationDispatcher.invoke(ApplicationDispatcher.java:646)
	at org.apache.catalina.core.ApplicationDispatcher.doInclude(ApplicationDispatcher.java:551)
	at org.apache.catalina.core.ApplicationDispatcher.include(ApplicationDispatcher.java:488)
	at org.apache.jasper.runtime.JspRuntimeLibrary.include(JspRuntimeLibrary.java:916)
	at org.apache.jasper.runtime.PageContextImpl.include(PageContextImpl.java:627)
	at org.apache.jasper.runtime.PageContextImpl.doHandlePageException(PageContextImpl.java:826)
	at org.apache.jasper.runtime.PageContextImpl.handlePageException(PageContextImpl.java:797)
	at org.apache.jsp.northwest.billForm_jsp._jspService(billForm_jsp.java:1294)
	at org.apache.jasper.runtime.HttpJspBase.service(HttpJspBase.java:70)
	at javax.servlet.http.HttpServlet.service(HttpServlet.java:723)
	at org.apache.jasper.servlet.JspServletWrapper.service(JspServletWrapper.java:388)
	at org.apache.jasper.servlet.JspServlet.serviceJspFile(JspServlet.java:321)
	at org.apache.jasper.servlet.JspServlet.service(JspServlet.java:267)
	at javax.servlet.http.HttpServlet.service(HttpServlet.java:723)
	at org.apache.catalina.core.ApplicationFilterChain.internalDoFilter(ApplicationFilterChain.java:290)
	at org.apache.catalina.core.ApplicationFilterChain.doFilter(ApplicationFilterChain.java:206)
	at org.apache.catalina.core.ApplicationDispatcher.invoke(ApplicationDispatcher.java:646)
	at org.apache.catalina.core.ApplicationDispatcher.doInclude(ApplicationDispatcher.java:551)
	at org.apache.catalina.core.ApplicationDispatcher.include(ApplicationDispatcher.java:488)
	at org.apache.jasper.runtime.JspRuntimeLibrary.include(JspRuntimeLibrary.java:916)
	at org.apache.jasper.runtime.PageContextImpl.doInclude(PageContextImpl.java:656)
	at org.apache.jasper.runtime.PageContextImpl.include(PageContextImpl.java:650)
	at sun.reflect.GeneratedMethodAccessor65.invoke(Unknown Source)
	at sun.reflect.DelegatingMethodAccessorImpl.invoke(Unknown Source)
	at java.lang.reflect.Method.invoke(Unknown Source)
	at org.apache.tiles.TilesUtilImpl.doInclude(TilesUtilImpl.java:134)
	at org.apache.tiles.TilesUtil.doInclude(TilesUtil.java:149)
	at org.apache.tiles.taglib.InsertTag.doInclude(InsertTag.java:760)
	at org.apache.tiles.taglib.InsertTag$InsertHandler.doEndTag(InsertTag.java:892)
	at org.apache.tiles.taglib.InsertTag.doEndTag(InsertTag.java:457)
	at org.apache.jsp.layout.template_jsp._jspx_meth_tiles_005finsert_005f1(template_jsp.java:635)
	at org.apache.jsp.layout.template_jsp._jspService(template_jsp.java:350)
	at org.apache.jasper.runtime.HttpJspBase.service(HttpJspBase.java:70)
	at javax.servlet.http.HttpServlet.service(HttpServlet.java:723)
	at org.apache.jasper.servlet.JspServletWrapper.service(JspServletWrapper.java:388)
	at org.apache.jasper.servlet.JspServlet.serviceJspFile(JspServlet.java:321)
	at org.apache.jasper.servlet.JspServlet.service(JspServlet.java:267)
	at javax.servlet.http.HttpServlet.service(HttpServlet.java:723)
	at org.apache.catalina.core.ApplicationFilterChain.internalDoFilter(ApplicationFilterChain.java:290)
	at org.apache.catalina.core.ApplicationFilterChain.doFilter(ApplicationFilterChain.java:206)
	at com.base.web.util.MessageFilter.doFilter(MessageFilter.java:26)
	at org.apache.catalina.core.ApplicationFilterChain.internalDoFilter(ApplicationFilterChain.java:235)
	at org.apache.catalina.core.ApplicationFilterChain.doFilter(ApplicationFilterChain.java:206)
	at org.apache.catalina.core.ApplicationDispatcher.invoke(ApplicationDispatcher.java:646)
	at org.apache.catalina.core.ApplicationDispatcher.processRequest(ApplicationDispatcher.java:436)
	at org.apache.catalina.core.ApplicationDispatcher.doForward(ApplicationDispatcher.java:374)
	at org.apache.catalina.core.ApplicationDispatcher.forward(ApplicationDispatcher.java:302)
	at com.opensymphony.webwork.dispatcher.ServletDispatcherResult.doExecute(ServletDispatcherResult.java:114)
	at com.opensymphony.webwork.views.tiles.TilesResult.doExecute(TilesResult.java:116)
	at com.opensymphony.webwork.dispatcher.WebWorkResultSupport.execute(WebWorkResultSupport.java:101)
	at com.opensymphony.xwork.DefaultActionInvocation.executeResult(DefaultActionInvocation.java:300)
	at com.opensymphony.xwork.DefaultActionInvocation.invoke(DefaultActionInvocation.java:198)
	at com.opensymphony.xwork.interceptor.DefaultWorkflowInterceptor.intercept(DefaultWorkflowInterceptor.java:125)
	at com.opensymphony.xwork.DefaultActionInvocation.invoke(DefaultActionInvocation.java:180)
	at com.opensymphony.xwork.interceptor.AroundInterceptor.intercept(AroundInterceptor.java:31)
	at com.opensymphony.xwork.DefaultActionInvocation.invoke(DefaultActionInvocation.java:180)
	at com.opensymphony.xwork.interceptor.AroundInterceptor.intercept(AroundInterceptor.java:31)
	at com.opensymphony.xwork.DefaultActionInvocation.invoke(DefaultActionInvocation.java:180)
	at com.opensymphony.xwork.interceptor.AroundInterceptor.intercept(AroundInterceptor.java:31)
	at com.opensymphony.xwork.DefaultActionInvocation.invoke(DefaultActionInvocation.java:180)
	at com.opensymphony.xwork.interceptor.AroundInterceptor.intercept(AroundInterceptor.java:31)
	at com.opensymphony.xwork.DefaultActionInvocation.invoke(DefaultActionInvocation.java:180)
	at com.opensymphony.webwork.interceptor.FileUploadInterceptor.intercept(FileUploadInterceptor.java:171)
	at com.opensymphony.xwork.DefaultActionInvocation.invoke(DefaultActionInvocation.java:180)
	at com.opensymphony.xwork.interceptor.AroundInterceptor.intercept(AroundInterceptor.java:31)
	at com.opensymphony.xwork.DefaultActionInvocation.invoke(DefaultActionInvocation.java:180)
	at com.opensymphony.xwork.interceptor.AroundInterceptor.intercept(AroundInterceptor.java:31)
	at com.opensymphony.xwork.DefaultActionInvocation.invoke(DefaultActionInvocation.java:180)
	at com.opensymphony.xwork.interceptor.I18nInterceptor.intercept(I18nInterceptor.java:146)
	at com.opensymphony.xwork.DefaultActionInvocation.invoke(DefaultActionInvocation.java:180)
	at com.opensymphony.xwork.interceptor.AroundInterceptor.intercept(AroundInterceptor.java:31)
	at com.opensymphony.xwork.DefaultActionInvocation.invoke(DefaultActionInvocation.java:180)
	at com.opensymphony.xwork.interceptor.AroundInterceptor.intercept(AroundInterceptor.java:31)
	at com.opensymphony.xwork.DefaultActionInvocation.invoke(DefaultActionInvocation.java:180)
	at com.opensymphony.xwork.interceptor.AroundInterceptor.intercept(AroundInterceptor.java:31)
	at com.opensymphony.xwork.DefaultActionInvocation.invoke(DefaultActionInvocation.java:180)
	at com.opensymphony.xwork.interceptor.ExceptionMappingInterceptor.intercept(ExceptionMappingInterceptor.java:95)
	at com.opensymphony.xwork.DefaultActionInvocation.invoke(DefaultActionInvocation.java:180)
	at com.opensymphony.xwork.DefaultActionProxy.execute(DefaultActionProxy.java:113)
	at com.opensymphony.webwork.dispatcher.DispatcherUtils.serviceAction(DispatcherUtils.java:233)
	at com.opensymphony.webwork.dispatcher.FilterDispatcher.doFilter(FilterDispatcher.java:198)
	at org.apache.catalina.core.ApplicationFilterChain.internalDoFilter(ApplicationFilterChain.java:235)
	at org.apache.catalina.core.ApplicationFilterChain.doFilter(ApplicationFilterChain.java:206)
	at org.springframework.orm.hibernate3.support.OpenSessionInViewFilter.doFilterInternal(OpenSessionInViewFilter.java:174)
	at org.springframework.web.filter.OncePerRequestFilter.doFilter(OncePerRequestFilter.java:76)
	at org.apache.catalina.core.ApplicationFilterChain.internalDoFilter(ApplicationFilterChain.java:235)
	at org.apache.catalina.core.ApplicationFilterChain.doFilter(ApplicationFilterChain.java:206)
	at com.base.web.util.MessageFilter.doFilter(MessageFilter.java:26)
	at org.apache.catalina.core.ApplicationFilterChain.internalDoFilter(ApplicationFilterChain.java:235)
	at org.apache.catalina.core.ApplicationFilterChain.doFilter(ApplicationFilterChain.java:206)
	at org.displaytag.filter.ResponseOverrideFilter.doFilter(ResponseOverrideFilter.java:125)
	at org.apache.catalina.core.ApplicationFilterChain.internalDoFilter(ApplicationFilterChain.java:235)
	at org.apache.catalina.core.ApplicationFilterChain.doFilter(ApplicationFilterChain.java:206)
	at com.base.util.EncodingFilter.doFilter(EncodingFilter.java:30)
	at org.apache.catalina.core.ApplicationFilterChain.internalDoFilter(ApplicationFilterChain.java:235)
	at org.apache.catalina.core.ApplicationFilterChain.doFilter(ApplicationFilterChain.java:206)
	at com.opensymphony.webwork.dispatcher.ActionContextCleanUp.doFilter(ActionContextCleanUp.java:78)
	at org.apache.catalina.core.ApplicationFilterChain.internalDoFilter(ApplicationFilterChain.java:235)
	at org.apache.catalina.core.ApplicationFilterChain.doFilter(ApplicationFilterChain.java:206)
	at org.apache.catalina.core.StandardWrapperValve.invoke(StandardWrapperValve.java:233)
	at org.apache.catalina.core.StandardContextValve.invoke(StandardContextValve.java:191)
	at org.apache.catalina.core.StandardHostValve.invoke(StandardHostValve.java:127)
	at org.apache.catalina.valves.ErrorReportValve.invoke(ErrorReportValve.java:103)
	at org.apache.catalina.core.StandardEngineValve.invoke(StandardEngineValve.java:109)
	at org.apache.catalina.connector.CoyoteAdapter.service(CoyoteAdapter.java:293)
	at org.apache.coyote.http11.Http11AprProcessor.process(Http11AprProcessor.java:876)
	at org.apache.coyote.http11.Http11AprProtocol$Http11ConnectionHandler.process(Http11AprProtocol.java:612)
	at org.apache.tomcat.util.net.AprEndpoint$Worker.run(AprEndpoint.java:1777)
	at java.lang.Thread.run(Unknown Source)

四月 05, 2017 4:18:30 下午 org.apache.catalina.core.ApplicationDispatcher invoke
嚴重: Servlet.service() for servlet jsp threw exception
javax.servlet.ServletException: File &quot;/error.jsp&quot; not found
	at org.apache.jasper.servlet.JspServlet.handleMissingResource(JspServlet.java:343)
	at org.apache.jasper.servlet.JspServlet.serviceJspFile(JspServlet.java:309)
	at org.apache.jasper.servlet.JspServlet.service(JspServlet.java:267)
	at javax.servlet.http.HttpServlet.service(HttpServlet.java:723)
	at org.apache.catalina.core.ApplicationFilterChain.internalDoFilter(ApplicationFilterChain.java:290)
	at org.apache.catalina.core.ApplicationFilterChain.doFilter(ApplicationFilterChain.java:206)
	at org.apache.catalina.core.ApplicationDispatcher.invoke(ApplicationDispatcher.java:646)
	at org.apache.catalina.core.ApplicationDispatcher.doInclude(ApplicationDispatcher.java:551)
	at org.apache.catalina.core.ApplicationDispatcher.include(ApplicationDispatcher.java:488)
	at org.apache.jasper.runtime.JspRuntimeLibrary.include(JspRuntimeLibrary.java:916)
	at org.apache.jasper.runtime.PageContextImpl.include(PageContextImpl.java:627)
	at org.apache.jasper.runtime.PageContextImpl.doHandlePageException(PageContextImpl.java:826)
	at org.apache.jasper.runtime.PageContextImpl.handlePageException(PageContextImpl.java:797)
	at org.apache.jsp.northwest.billForm_jsp._jspService(billForm_jsp.java:1294)
	at org.apache.jasper.runtime.HttpJspBase.service(HttpJspBase.java:70)
	at javax.servlet.http.HttpServlet.service(HttpServlet.java:723)
	at org.apache.jasper.servlet.JspServletWrapper.service(JspServletWrapper.java:388)
	at org.apache.jasper.servlet.JspServlet.serviceJspFile(JspServlet.java:321)
	at org.apache.jasper.servlet.JspServlet.service(JspServlet.java:267)
	at javax.servlet.http.HttpServlet.service(HttpServlet.java:723)
	at org.apache.catalina.core.ApplicationFilterChain.internalDoFilter(ApplicationFilterChain.java:290)
	at org.apache.catalina.core.ApplicationFilterChain.doFilter(ApplicationFilterChain.java:206)
	at org.apache.catalina.core.ApplicationDispatcher.invoke(ApplicationDispatcher.java:646)
	at org.apache.catalina.core.ApplicationDispatcher.doInclude(ApplicationDispatcher.java:551)
	at org.apache.catalina.core.ApplicationDispatcher.include(ApplicationDispatcher.java:488)
	at org.apache.jasper.runtime.JspRuntimeLibrary.include(JspRuntimeLibrary.java:916)
	at org.apache.jasper.runtime.PageContextImpl.doInclude(PageContextImpl.java:656)
	at org.apache.jasper.runtime.PageContextImpl.include(PageContextImpl.java:650)
	at sun.reflect.GeneratedMethodAccessor65.invoke(Unknown Source)
	at sun.reflect.DelegatingMethodAccessorImpl.invoke(Unknown Source)
	at java.lang.reflect.Method.invoke(Unknown Source)
	at org.apache.tiles.TilesUtilImpl.doInclude(TilesUtilImpl.java:134)
	at org.apache.tiles.TilesUtil.doInclude(TilesUtil.java:149)
	at org.apache.tiles.taglib.InsertTag.doInclude(InsertTag.java:760)
	at org.apache.tiles.taglib.InsertTag$InsertHandler.doEndTag(InsertTag.java:892)
	at org.apache.tiles.taglib.InsertTag.doEndTag(InsertTag.java:457)
	at org.apache.jsp.layout.template_jsp._jspx_meth_tiles_005finsert_005f1(template_jsp.java:635)
	at org.apache.jsp.layout.template_jsp._jspService(template_jsp.java:350)
	at org.apache.jasper.runtime.HttpJspBase.service(HttpJspBase.java:70)
	at javax.servlet.http.HttpServlet.service(HttpServlet.java:723)
	at org.apache.jasper.servlet.JspServletWrapper.service(JspServletWrapper.java:388)
	at org.apache.jasper.servlet.JspServlet.serviceJspFile(JspServlet.java:321)
	at org.apache.jasper.servlet.JspServlet.service(JspServlet.java:267)
	at javax.servlet.http.HttpServlet.service(HttpServlet.java:723)
	at org.apache.catalina.core.ApplicationFilterChain.internalDoFilter(ApplicationFilterChain.java:290)
	at org.apache.catalina.core.ApplicationFilterChain.doFilter(ApplicationFilterChain.java:206)
	at com.base.web.util.MessageFilter.doFilter(MessageFilter.java:26)
	at org.apache.catalina.core.ApplicationFilterChain.internalDoFilter(ApplicationFilterChain.java:235)
	at org.apache.catalina.core.ApplicationFilterChain.doFilter(ApplicationFilterChain.java:206)
	at org.apache.catalina.core.ApplicationDispatcher.invoke(ApplicationDispatcher.java:646)
	at org.apache.catalina.core.ApplicationDispatcher.processRequest(ApplicationDispatcher.java:436)
	at org.apache.catalina.core.ApplicationDispatcher.doForward(ApplicationDispatcher.java:374)
	at org.apache.catalina.core.ApplicationDispatcher.forward(ApplicationDispatcher.java:302)
	at com.opensymphony.webwork.dispatcher.ServletDispatcherResult.doExecute(ServletDispatcherResult.java:114)
	at com.opensymphony.webwork.views.tiles.TilesResult.doExecute(TilesResult.java:116)
	at com.opensymphony.webwork.dispatcher.WebWorkResultSupport.execute(WebWorkResultSupport.java:101)
	at com.opensymphony.xwork.DefaultActionInvocation.executeResult(DefaultActionInvocation.java:300)
	at com.opensymphony.xwork.DefaultActionInvocation.invoke(DefaultActionInvocation.java:198)
	at com.opensymphony.xwork.interceptor.DefaultWorkflowInterceptor.intercept(DefaultWorkflowInterceptor.java:125)
	at com.opensymphony.xwork.DefaultActionInvocation.invoke(DefaultActionInvocation.java:180)
	at com.opensymphony.xwork.interceptor.AroundInterceptor.intercept(AroundInterceptor.java:31)
	at com.opensymphony.xwork.DefaultActionInvocation.invoke(DefaultActionInvocation.java:180)
	at com.opensymphony.xwork.interceptor.AroundInterceptor.intercept(AroundInterceptor.java:31)
	at com.opensymphony.xwork.DefaultActionInvocation.invoke(DefaultActionInvocation.java:180)
	at com.opensymphony.xwork.interceptor.AroundInterceptor.intercept(AroundInterceptor.java:31)
	at com.opensymphony.xwork.DefaultActionInvocation.invoke(DefaultActionInvocation.java:180)
	at com.opensymphony.xwork.interceptor.AroundInterceptor.intercept(AroundInterceptor.java:31)
	at com.opensymphony.xwork.DefaultActionInvocation.invoke(DefaultActionInvocation.java:180)
	at com.opensymphony.webwork.interceptor.FileUploadInterceptor.intercept(FileUploadInterceptor.java:171)
	at com.opensymphony.xwork.DefaultActionInvocation.invoke(DefaultActionInvocation.java:180)
	at com.opensymphony.xwork.interceptor.AroundInterceptor.intercept(AroundInterceptor.java:31)
	at com.opensymphony.xwork.DefaultActionInvocation.invoke(DefaultActionInvocation.java:180)
	at com.opensymphony.xwork.interceptor.AroundInterceptor.intercept(AroundInterceptor.java:31)
	at com.opensymphony.xwork.DefaultActionInvocation.invoke(DefaultActionInvocation.java:180)
	at com.opensymphony.xwork.interceptor.I18nInterceptor.intercept(I18nInterceptor.java:146)
	at com.opensymphony.xwork.DefaultActionInvocation.invoke(DefaultActionInvocation.java:180)
	at com.opensymphony.xwork.interceptor.AroundInterceptor.intercept(AroundInterceptor.java:31)
	at com.opensymphony.xwork.DefaultActionInvocation.invoke(DefaultActionInvocation.java:180)
	at com.opensymphony.xwork.interceptor.AroundInterceptor.intercept(AroundInterceptor.java:31)
	at com.opensymphony.xwork.DefaultActionInvocation.invoke(DefaultActionInvocation.java:180)
	at com.opensymphony.xwork.interceptor.AroundInterceptor.intercept(AroundInterceptor.java:31)
	at com.opensymphony.xwork.DefaultActionInvocation.invoke(DefaultActionInvocation.java:180)
	at com.opensymphony.xwork.interceptor.ExceptionMappingInterceptor.intercept(ExceptionMappingInterceptor.java:95)
	at com.opensymphony.xwork.DefaultActionInvocation.invoke(DefaultActionInvocation.java:180)
	at com.opensymphony.xwork.DefaultActionProxy.execute(DefaultActionProxy.java:113)
	at com.opensymphony.webwork.dispatcher.DispatcherUtils.serviceAction(DispatcherUtils.java:233)
	at com.opensymphony.webwork.dispatcher.FilterDispatcher.doFilter(FilterDispatcher.java:198)
	at org.apache.catalina.core.ApplicationFilterChain.internalDoFilter(ApplicationFilterChain.java:235)
	at org.apache.catalina.core.ApplicationFilterChain.doFilter(ApplicationFilterChain.java:206)
	at org.springframework.orm.hibernate3.support.OpenSessionInViewFilter.doFilterInternal(OpenSessionInViewFilter.java:174)
	at org.springframework.web.filter.OncePerRequestFilter.doFilter(OncePerRequestFilter.java:76)
	at org.apache.catalina.core.ApplicationFilterChain.internalDoFilter(ApplicationFilterChain.java:235)
	at org.apache.catalina.core.ApplicationFilterChain.doFilter(ApplicationFilterChain.java:206)
	at com.base.web.util.MessageFilter.doFilter(MessageFilter.java:26)
	at org.apache.catalina.core.ApplicationFilterChain.internalDoFilter(ApplicationFilterChain.java:235)
	at org.apache.catalina.core.ApplicationFilterChain.doFilter(ApplicationFilterChain.java:206)
	at org.displaytag.filter.ResponseOverrideFilter.doFilter(ResponseOverrideFilter.java:125)
	at org.apache.catalina.core.ApplicationFilterChain.internalDoFilter(ApplicationFilterChain.java:235)
	at org.apache.catalina.core.ApplicationFilterChain.doFilter(ApplicationFilterChain.java:206)
	at com.base.util.EncodingFilter.doFilter(EncodingFilter.java:30)
	at org.apache.catalina.core.ApplicationFilterChain.internalDoFilter(ApplicationFilterChain.java:235)
	at org.apache.catalina.core.ApplicationFilterChain.doFilter(ApplicationFilterChain.java:206)
	at com.opensymphony.webwork.dispatcher.ActionContextCleanUp.doFilter(ActionContextCleanUp.java:78)
	at org.apache.catalina.core.ApplicationFilterChain.internalDoFilter(ApplicationFilterChain.java:235)
	at org.apache.catalina.core.ApplicationFilterChain.doFilter(ApplicationFilterChain.java:206)
	at org.apache.catalina.core.StandardWrapperValve.invoke(StandardWrapperValve.java:233)
	at org.apache.catalina.core.StandardContextValve.invoke(StandardContextValve.java:191)
	at org.apache.catalina.core.StandardHostValve.invoke(StandardHostValve.java:127)
	at org.apache.catalina.valves.ErrorReportValve.invoke(ErrorReportValve.java:103)
	at org.apache.catalina.core.StandardEngineValve.invoke(StandardEngineValve.java:109)
	at org.apache.catalina.connector.CoyoteAdapter.service(CoyoteAdapter.java:293)
	at org.apache.coyote.http11.Http11AprProcessor.process(Http11AprProcessor.java:876)
	at org.apache.coyote.http11.Http11AprProtocol$Http11ConnectionHandler.process(Http11AprProtocol.java:612)
	at org.apache.tomcat.util.net.AprEndpoint$Worker.run(AprEndpoint.java:1777)
	at java.lang.Thread.run(Unknown Source)

四月 05, 2017 4:18:43 下午 org.apache.catalina.core.ApplicationDispatcher invoke
嚴重: Servlet.service() for servlet jsp threw exception
javax.servlet.ServletException: File &quot;/error.jsp&quot; not found
	at org.apache.jasper.servlet.JspServlet.handleMissingResource(JspServlet.java:343)
	at org.apache.jasper.servlet.JspServlet.serviceJspFile(JspServlet.java:309)
	at org.apache.jasper.servlet.JspServlet.service(JspServlet.java:267)
	at javax.servlet.http.HttpServlet.service(HttpServlet.java:723)
	at org.apache.catalina.core.ApplicationFilterChain.internalDoFilter(ApplicationFilterChain.java:290)
	at org.apache.catalina.core.ApplicationFilterChain.doFilter(ApplicationFilterChain.java:206)
	at org.apache.catalina.core.ApplicationDispatcher.invoke(ApplicationDispatcher.java:646)
	at org.apache.catalina.core.ApplicationDispatcher.doInclude(ApplicationDispatcher.java:551)
	at org.apache.catalina.core.ApplicationDispatcher.include(ApplicationDispatcher.java:488)
	at org.apache.jasper.runtime.JspRuntimeLibrary.include(JspRuntimeLibrary.java:916)
	at org.apache.jasper.runtime.PageContextImpl.include(PageContextImpl.java:627)
	at org.apache.jasper.runtime.PageContextImpl.doHandlePageException(PageContextImpl.java:826)
	at org.apache.jasper.runtime.PageContextImpl.handlePageException(PageContextImpl.java:797)
	at org.apache.jsp.northwest.billForm_jsp._jspService(billForm_jsp.java:1294)
	at org.apache.jasper.runtime.HttpJspBase.service(HttpJspBase.java:70)
	at javax.servlet.http.HttpServlet.service(HttpServlet.java:723)
	at org.apache.jasper.servlet.JspServletWrapper.service(JspServletWrapper.java:388)
	at org.apache.jasper.servlet.JspServlet.serviceJspFile(JspServlet.java:321)
	at org.apache.jasper.servlet.JspServlet.service(JspServlet.java:267)
	at javax.servlet.http.HttpServlet.service(HttpServlet.java:723)
	at org.apache.catalina.core.ApplicationFilterChain.internalDoFilter(ApplicationFilterChain.java:290)
	at org.apache.catalina.core.ApplicationFilterChain.doFilter(ApplicationFilterChain.java:206)
	at org.apache.catalina.core.ApplicationDispatcher.invoke(ApplicationDispatcher.java:646)
	at org.apache.catalina.core.ApplicationDispatcher.doInclude(ApplicationDispatcher.java:551)
	at org.apache.catalina.core.ApplicationDispatcher.include(ApplicationDispatcher.java:488)
	at org.apache.jasper.runtime.JspRuntimeLibrary.include(JspRuntimeLibrary.java:916)
	at org.apache.jasper.runtime.PageContextImpl.include(PageContextImpl.java:627)
	at org.apache.tiles.TilesUtilImpl.doInclude(TilesUtilImpl.java:143)
	at org.apache.tiles.TilesUtil.doInclude(TilesUtil.java:149)
	at org.apache.tiles.taglib.InsertTag.doInclude(InsertTag.java:760)
	at org.apache.tiles.taglib.InsertTag$InsertHandler.doEndTag(InsertTag.java:892)
	at org.apache.tiles.taglib.InsertTag.doEndTag(InsertTag.java:457)
	at org.apache.jsp.layout.template_jsp._jspx_meth_tiles_005finsert_005f1(template_jsp.java:635)
	at org.apache.jsp.layout.template_jsp._jspService(template_jsp.java:350)
	at org.apache.jasper.runtime.HttpJspBase.service(HttpJspBase.java:70)
	at javax.servlet.http.HttpServlet.service(HttpServlet.java:723)
	at org.apache.jasper.servlet.JspServletWrapper.service(JspServletWrapper.java:388)
	at org.apache.jasper.servlet.JspServlet.serviceJspFile(JspServlet.java:321)
	at org.apache.jasper.servlet.JspServlet.service(JspServlet.java:267)
	at javax.servlet.http.HttpServlet.service(HttpServlet.java:723)
	at org.apache.catalina.core.ApplicationFilterChain.internalDoFilter(ApplicationFilterChain.java:290)
	at org.apache.catalina.core.ApplicationFilterChain.doFilter(ApplicationFilterChain.java:206)
	at com.base.web.util.MessageFilter.doFilter(MessageFilter.java:26)
	at org.apache.catalina.core.ApplicationFilterChain.internalDoFilter(ApplicationFilterChain.java:235)
	at org.apache.catalina.core.ApplicationFilterChain.doFilter(ApplicationFilterChain.java:206)
	at org.apache.catalina.core.ApplicationDispatcher.invoke(ApplicationDispatcher.java:646)
	at org.apache.catalina.core.ApplicationDispatcher.processRequest(ApplicationDispatcher.java:436)
	at org.apache.catalina.core.ApplicationDispatcher.doForward(ApplicationDispatcher.java:374)
	at org.apache.catalina.core.ApplicationDispatcher.forward(ApplicationDispatcher.java:302)
	at com.opensymphony.webwork.dispatcher.ServletDispatcherResult.doExecute(ServletDispatcherResult.java:114)
	at com.opensymphony.webwork.views.tiles.TilesResult.doExecute(TilesResult.java:116)
	at com.opensymphony.webwork.dispatcher.WebWorkResultSupport.execute(WebWorkResultSupport.java:101)
	at com.opensymphony.xwork.DefaultActionInvocation.executeResult(DefaultActionInvocation.java:300)
	at com.opensymphony.xwork.DefaultActionInvocation.invoke(DefaultActionInvocation.java:198)
	at com.opensymphony.xwork.interceptor.DefaultWorkflowInterceptor.intercept(DefaultWorkflowInterceptor.java:125)
	at com.opensymphony.xwork.DefaultActionInvocation.invoke(DefaultActionInvocation.java:180)
	at com.opensymphony.xwork.interceptor.AroundInterceptor.intercept(AroundInterceptor.java:31)
	at com.opensymphony.xwork.DefaultActionInvocation.invoke(DefaultActionInvocation.java:180)
	at com.opensymphony.xwork.interceptor.AroundInterceptor.intercept(AroundInterceptor.java:31)
	at com.opensymphony.xwork.DefaultActionInvocation.invoke(DefaultActionInvocation.java:180)
	at com.opensymphony.xwork.interceptor.AroundInterceptor.intercept(AroundInterceptor.java:31)
	at com.opensymphony.xwork.DefaultActionInvocation.invoke(DefaultActionInvocation.java:180)
	at com.opensymphony.xwork.interceptor.AroundInterceptor.intercept(AroundInterceptor.java:31)
	at com.opensymphony.xwork.DefaultActionInvocation.invoke(DefaultActionInvocation.java:180)
	at com.opensymphony.webwork.interceptor.FileUploadInterceptor.intercept(FileUploadInterceptor.java:171)
	at com.opensymphony.xwork.DefaultActionInvocation.invoke(DefaultActionInvocation.java:180)
	at com.opensymphony.xwork.interceptor.AroundInterceptor.intercept(AroundInterceptor.java:31)
	at com.opensymphony.xwork.DefaultActionInvocation.invoke(DefaultActionInvocation.java:180)
	at com.opensymphony.xwork.interceptor.AroundInterceptor.intercept(AroundInterceptor.java:31)
	at com.opensymphony.xwork.DefaultActionInvocation.invoke(DefaultActionInvocation.java:180)
	at com.opensymphony.xwork.interceptor.I18nInterceptor.intercept(I18nInterceptor.java:146)
	at com.opensymphony.xwork.DefaultActionInvocation.invoke(DefaultActionInvocation.java:180)
	at com.opensymphony.xwork.interceptor.AroundInterceptor.intercept(AroundInterceptor.java:31)
	at com.opensymphony.xwork.DefaultActionInvocation.invoke(DefaultActionInvocation.java:180)
	at com.opensymphony.xwork.interceptor.AroundInterceptor.intercept(AroundInterceptor.java:31)
	at com.opensymphony.xwork.DefaultActionInvocation.invoke(DefaultActionInvocation.java:180)
	at com.opensymphony.xwork.interceptor.AroundInterceptor.intercept(AroundInterceptor.java:31)
	at com.opensymphony.xwork.DefaultActionInvocation.invoke(DefaultActionInvocation.java:180)
	at com.opensymphony.xwork.interceptor.ExceptionMappingInterceptor.intercept(ExceptionMappingInterceptor.java:95)
	at com.opensymphony.xwork.DefaultActionInvocation.invoke(DefaultActionInvocation.java:180)
	at com.opensymphony.xwork.DefaultActionProxy.execute(DefaultActionProxy.java:113)
	at com.opensymphony.webwork.dispatcher.DispatcherUtils.serviceAction(DispatcherUtils.java:233)
	at com.opensymphony.webwork.dispatcher.FilterDispatcher.doFilter(FilterDispatcher.java:198)
	at org.apache.catalina.core.ApplicationFilterChain.internalDoFilter(ApplicationFilterChain.java:235)
	at org.apache.catalina.core.ApplicationFilterChain.doFilter(ApplicationFilterChain.java:206)
	at org.springframework.orm.hibernate3.support.OpenSessionInViewFilter.doFilterInternal(OpenSessionInViewFilter.java:174)
	at org.springframework.web.filter.OncePerRequestFilter.doFilter(OncePerRequestFilter.java:76)
	at org.apache.catalina.core.ApplicationFilterChain.internalDoFilter(ApplicationFilterChain.java:235)
	at org.apache.catalina.core.ApplicationFilterChain.doFilter(ApplicationFilterChain.java:206)
	at com.base.web.util.MessageFilter.doFilter(MessageFilter.java:26)
	at org.apache.catalina.core.ApplicationFilterChain.internalDoFilter(ApplicationFilterChain.java:235)
	at org.apache.catalina.core.ApplicationFilterChain.doFilter(ApplicationFilterChain.java:206)
	at org.displaytag.filter.ResponseOverrideFilter.doFilter(ResponseOverrideFilter.java:125)
	at org.apache.catalina.core.ApplicationFilterChain.internalDoFilter(ApplicationFilterChain.java:235)
	at org.apache.catalina.core.ApplicationFilterChain.doFilter(ApplicationFilterChain.java:206)
	at com.base.util.EncodingFilter.doFilter(EncodingFilter.java:30)
	at org.apache.catalina.core.ApplicationFilterChain.internalDoFilter(ApplicationFilterChain.java:235)
	at org.apache.catalina.core.ApplicationFilterChain.doFilter(ApplicationFilterChain.java:206)
	at com.opensymphony.webwork.dispatcher.ActionContextCleanUp.doFilter(ActionContextCleanUp.java:78)
	at org.apache.catalina.core.ApplicationFilterChain.internalDoFilter(ApplicationFilterChain.java:235)
	at org.apache.catalina.core.ApplicationFilterChain.doFilter(ApplicationFilterChain.java:206)
	at org.apache.catalina.core.StandardWrapperValve.invoke(StandardWrapperValve.java:233)
	at org.apache.catalina.core.StandardContextValve.invoke(StandardContextValve.java:191)
	at org.apache.catalina.core.StandardHostValve.invoke(StandardHostValve.java:127)
	at org.apache.catalina.valves.ErrorReportValve.invoke(ErrorReportValve.java:103)
	at org.apache.catalina.core.StandardEngineValve.invoke(StandardEngineValve.java:109)
	at org.apache.catalina.connector.CoyoteAdapter.service(CoyoteAdapter.java:293)
	at org.apache.coyote.http11.Http11AprProcessor.process(Http11AprProcessor.java:876)
	at org.apache.coyote.http11.Http11AprProtocol$Http11ConnectionHandler.process(Http11AprProtocol.java:612)
	at org.apache.tomcat.util.net.AprEndpoint$Worker.run(AprEndpoint.java:1777)
	at java.lang.Thread.run(Unknown Source)

四月 05, 2017 4:18:43 下午 org.apache.catalina.core.ApplicationDispatcher invoke
嚴重: Servlet.service() for servlet jsp threw exception
javax.servlet.ServletException: File &quot;/error.jsp&quot; not found
	at org.apache.jasper.servlet.JspServlet.handleMissingResource(JspServlet.java:343)
	at org.apache.jasper.servlet.JspServlet.serviceJspFile(JspServlet.java:309)
	at org.apache.jasper.servlet.JspServlet.service(JspServlet.java:267)
	at javax.servlet.http.HttpServlet.service(HttpServlet.java:723)
	at org.apache.catalina.core.ApplicationFilterChain.internalDoFilter(ApplicationFilterChain.java:290)
	at org.apache.catalina.core.ApplicationFilterChain.doFilter(ApplicationFilterChain.java:206)
	at org.apache.catalina.core.ApplicationDispatcher.invoke(ApplicationDispatcher.java:646)
	at org.apache.catalina.core.ApplicationDispatcher.doInclude(ApplicationDispatcher.java:551)
	at org.apache.catalina.core.ApplicationDispatcher.include(ApplicationDispatcher.java:488)
	at org.apache.jasper.runtime.JspRuntimeLibrary.include(JspRuntimeLibrary.java:916)
	at org.apache.jasper.runtime.PageContextImpl.include(PageContextImpl.java:627)
	at org.apache.jasper.runtime.PageContextImpl.doHandlePageException(PageContextImpl.java:826)
	at org.apache.jasper.runtime.PageContextImpl.handlePageException(PageContextImpl.java:797)
	at org.apache.jsp.northwest.billForm_jsp._jspService(billForm_jsp.java:1294)
	at org.apache.jasper.runtime.HttpJspBase.service(HttpJspBase.java:70)
	at javax.servlet.http.HttpServlet.service(HttpServlet.java:723)
	at org.apache.jasper.servlet.JspServletWrapper.service(JspServletWrapper.java:388)
	at org.apache.jasper.servlet.JspServlet.serviceJspFile(JspServlet.java:321)
	at org.apache.jasper.servlet.JspServlet.service(JspServlet.java:267)
	at javax.servlet.http.HttpServlet.service(HttpServlet.java:723)
	at org.apache.catalina.core.ApplicationFilterChain.internalDoFilter(ApplicationFilterChain.java:290)
	at org.apache.catalina.core.ApplicationFilterChain.doFilter(ApplicationFilterChain.java:206)
	at org.apache.catalina.core.ApplicationDispatcher.invoke(ApplicationDispatcher.java:646)
	at org.apache.catalina.core.ApplicationDispatcher.doInclude(ApplicationDispatcher.java:551)
	at org.apache.catalina.core.ApplicationDispatcher.include(ApplicationDispatcher.java:488)
	at org.apache.jasper.runtime.JspRuntimeLibrary.include(JspRuntimeLibrary.java:916)
	at org.apache.jasper.runtime.PageContextImpl.include(PageContextImpl.java:627)
	at org.apache.tiles.TilesUtilImpl.doInclude(TilesUtilImpl.java:143)
	at org.apache.tiles.TilesUtil.doInclude(TilesUtil.java:149)
	at org.apache.tiles.taglib.InsertTag.doInclude(InsertTag.java:760)
	at org.apache.tiles.taglib.InsertTag$InsertHandler.doEndTag(InsertTag.java:892)
	at org.apache.tiles.taglib.InsertTag.doEndTag(InsertTag.java:457)
	at org.apache.jsp.layout.template_jsp._jspx_meth_tiles_005finsert_005f1(template_jsp.java:635)
	at org.apache.jsp.layout.template_jsp._jspService(template_jsp.java:350)
	at org.apache.jasper.runtime.HttpJspBase.service(HttpJspBase.java:70)
	at javax.servlet.http.HttpServlet.service(HttpServlet.java:723)
	at org.apache.jasper.servlet.JspServletWrapper.service(JspServletWrapper.java:388)
	at org.apache.jasper.servlet.JspServlet.serviceJspFile(JspServlet.java:321)
	at org.apache.jasper.servlet.JspServlet.service(JspServlet.java:267)
	at javax.servlet.http.HttpServlet.service(HttpServlet.java:723)
	at org.apache.catalina.core.ApplicationFilterChain.internalDoFilter(ApplicationFilterChain.java:290)
	at org.apache.catalina.core.ApplicationFilterChain.doFilter(ApplicationFilterChain.java:206)
	at com.base.web.util.MessageFilter.doFilter(MessageFilter.java:26)
	at org.apache.catalina.core.ApplicationFilterChain.internalDoFilter(ApplicationFilterChain.java:235)
	at org.apache.catalina.core.ApplicationFilterChain.doFilter(ApplicationFilterChain.java:206)
	at org.apache.catalina.core.ApplicationDispatcher.invoke(ApplicationDispatcher.java:646)
	at org.apache.catalina.core.ApplicationDispatcher.processRequest(ApplicationDispatcher.java:436)
	at org.apache.catalina.core.ApplicationDispatcher.doForward(ApplicationDispatcher.java:374)
	at org.apache.catalina.core.ApplicationDispatcher.forward(ApplicationDispatcher.java:302)
	at com.opensymphony.webwork.dispatcher.ServletDispatcherResult.doExecute(ServletDispatcherResult.java:114)
	at com.opensymphony.webwork.views.tiles.TilesResult.doExecute(TilesResult.java:116)
	at com.opensymphony.webwork.dispatcher.WebWorkResultSupport.execute(WebWorkResultSupport.java:101)
	at com.opensymphony.xwork.DefaultActionInvocation.executeResult(DefaultActionInvocation.java:300)
	at com.opensymphony.xwork.DefaultActionInvocation.invoke(DefaultActionInvocation.java:198)
	at com.opensymphony.xwork.interceptor.DefaultWorkflowInterceptor.intercept(DefaultWorkflowInterceptor.java:125)
	at com.opensymphony.xwork.DefaultActionInvocation.invoke(DefaultActionInvocation.java:180)
	at com.opensymphony.xwork.interceptor.AroundInterceptor.intercept(AroundInterceptor.java:31)
	at com.opensymphony.xwork.DefaultActionInvocation.invoke(DefaultActionInvocation.java:180)
	at com.opensymphony.xwork.interceptor.AroundInterceptor.intercept(AroundInterceptor.java:31)
	at com.opensymphony.xwork.DefaultActionInvocation.invoke(DefaultActionInvocation.java:180)
	at com.opensymphony.xwork.interceptor.AroundInterceptor.intercept(AroundInterceptor.java:31)
	at com.opensymphony.xwork.DefaultActionInvocation.invoke(DefaultActionInvocation.java:180)
	at com.opensymphony.xwork.interceptor.AroundInterceptor.intercept(AroundInterceptor.java:31)
	at com.opensymphony.xwork.DefaultActionInvocation.invoke(DefaultActionInvocation.java:180)
	at com.opensymphony.webwork.interceptor.FileUploadInterceptor.intercept(FileUploadInterceptor.java:171)
	at com.opensymphony.xwork.DefaultActionInvocation.invoke(DefaultActionInvocation.java:180)
	at com.opensymphony.xwork.interceptor.AroundInterceptor.intercept(AroundInterceptor.java:31)
	at com.opensymphony.xwork.DefaultActionInvocation.invoke(DefaultActionInvocation.java:180)
	at com.opensymphony.xwork.interceptor.AroundInterceptor.intercept(AroundInterceptor.java:31)
	at com.opensymphony.xwork.DefaultActionInvocation.invoke(DefaultActionInvocation.java:180)
	at com.opensymphony.xwork.interceptor.I18nInterceptor.intercept(I18nInterceptor.java:146)
	at com.opensymphony.xwork.DefaultActionInvocation.invoke(DefaultActionInvocation.java:180)
	at com.opensymphony.xwork.interceptor.AroundInterceptor.intercept(AroundInterceptor.java:31)
	at com.opensymphony.xwork.DefaultActionInvocation.invoke(DefaultActionInvocation.java:180)
	at com.opensymphony.xwork.interceptor.AroundInterceptor.intercept(AroundInterceptor.java:31)
	at com.opensymphony.xwork.DefaultActionInvocation.invoke(DefaultActionInvocation.java:180)
	at com.opensymphony.xwork.interceptor.AroundInterceptor.intercept(AroundInterceptor.java:31)
	at com.opensymphony.xwork.DefaultActionInvocation.invoke(DefaultActionInvocation.java:180)
	at com.opensymphony.xwork.interceptor.ExceptionMappingInterceptor.intercept(ExceptionMappingInterceptor.java:95)
	at com.opensymphony.xwork.DefaultActionInvocation.invoke(DefaultActionInvocation.java:180)
	at com.opensymphony.xwork.DefaultActionProxy.execute(DefaultActionProxy.java:113)
	at com.opensymphony.webwork.dispatcher.DispatcherUtils.serviceAction(DispatcherUtils.java:233)
	at com.opensymphony.webwork.dispatcher.FilterDispatcher.doFilter(FilterDispatcher.java:198)
	at org.apache.catalina.core.ApplicationFilterChain.internalDoFilter(ApplicationFilterChain.java:235)
	at org.apache.catalina.core.ApplicationFilterChain.doFilter(ApplicationFilterChain.java:206)
	at org.springframework.orm.hibernate3.support.OpenSessionInViewFilter.doFilterInternal(OpenSessionInViewFilter.java:174)
	at org.springframework.web.filter.OncePerRequestFilter.doFilter(OncePerRequestFilter.java:76)
	at org.apache.catalina.core.ApplicationFilterChain.internalDoFilter(ApplicationFilterChain.java:235)
	at org.apache.catalina.core.ApplicationFilterChain.doFilter(ApplicationFilterChain.java:206)
	at com.base.web.util.MessageFilter.doFilter(MessageFilter.java:26)
	at org.apache.catalina.core.ApplicationFilterChain.internalDoFilter(ApplicationFilterChain.java:235)
	at org.apache.catalina.core.ApplicationFilterChain.doFilter(ApplicationFilterChain.java:206)
	at org.displaytag.filter.ResponseOverrideFilter.doFilter(ResponseOverrideFilter.java:125)
	at org.apache.catalina.core.ApplicationFilterChain.internalDoFilter(ApplicationFilterChain.java:235)
	at org.apache.catalina.core.ApplicationFilterChain.doFilter(ApplicationFilterChain.java:206)
	at com.base.util.EncodingFilter.doFilter(EncodingFilter.java:30)
	at org.apache.catalina.core.ApplicationFilterChain.internalDoFilter(ApplicationFilterChain.java:235)
	at org.apache.catalina.core.ApplicationFilterChain.doFilter(ApplicationFilterChain.java:206)
	at com.opensymphony.webwork.dispatcher.ActionContextCleanUp.doFilter(ActionContextCleanUp.java:78)
	at org.apache.catalina.core.ApplicationFilterChain.internalDoFilter(ApplicationFilterChain.java:235)
	at org.apache.catalina.core.ApplicationFilterChain.doFilter(ApplicationFilterChain.java:206)
	at org.apache.catalina.core.StandardWrapperValve.invoke(StandardWrapperValve.java:233)
	at org.apache.catalina.core.StandardContextValve.invoke(StandardContextValve.java:191)
	at org.apache.catalina.core.StandardHostValve.invoke(StandardHostValve.java:127)
	at org.apache.catalina.valves.ErrorReportValve.invoke(ErrorReportValve.java:103)
	at org.apache.catalina.core.StandardEngineValve.invoke(StandardEngineValve.java:109)
	at org.apache.catalina.connector.CoyoteAdapter.service(CoyoteAdapter.java:293)
	at org.apache.coyote.http11.Http11AprProcessor.process(Http11AprProcessor.java:876)
	at org.apache.coyote.http11.Http11AprProtocol$Http11ConnectionHandler.process(Http11AprProtocol.java:612)
	at org.apache.tomcat.util.net.AprEndpoint$Worker.run(AprEndpoint.java:1777)
	at java.lang.Thread.run(Unknown Source)

四月 05, 2017 4:18:44 下午 org.apache.catalina.core.ApplicationDispatcher invoke
嚴重: Servlet.service() for servlet jsp threw exception
javax.servlet.ServletException: File &quot;/error.jsp&quot; not found
	at org.apache.jasper.servlet.JspServlet.handleMissingResource(JspServlet.java:343)
	at org.apache.jasper.servlet.JspServlet.serviceJspFile(JspServlet.java:309)
	at org.apache.jasper.servlet.JspServlet.service(JspServlet.java:267)
	at javax.servlet.http.HttpServlet.service(HttpServlet.java:723)
	at org.apache.catalina.core.ApplicationFilterChain.internalDoFilter(ApplicationFilterChain.java:290)
	at org.apache.catalina.core.ApplicationFilterChain.doFilter(ApplicationFilterChain.java:206)
	at org.apache.catalina.core.ApplicationDispatcher.invoke(ApplicationDispatcher.java:646)
	at org.apache.catalina.core.ApplicationDispatcher.doInclude(ApplicationDispatcher.java:551)
	at org.apache.catalina.core.ApplicationDispatcher.include(ApplicationDispatcher.java:488)
	at org.apache.jasper.runtime.JspRuntimeLibrary.include(JspRuntimeLibrary.java:916)
	at org.apache.jasper.runtime.PageContextImpl.include(PageContextImpl.java:627)
	at org.apache.jasper.runtime.PageContextImpl.doHandlePageException(PageContextImpl.java:826)
	at org.apache.jasper.runtime.PageContextImpl.handlePageException(PageContextImpl.java:797)
	at org.apache.jsp.layout.template_jsp._jspService(template_jsp.java:365)
	at org.apache.jasper.runtime.HttpJspBase.service(HttpJspBase.java:70)
	at javax.servlet.http.HttpServlet.service(HttpServlet.java:723)
	at org.apache.jasper.servlet.JspServletWrapper.service(JspServletWrapper.java:388)
	at org.apache.jasper.servlet.JspServlet.serviceJspFile(JspServlet.java:321)
	at org.apache.jasper.servlet.JspServlet.service(JspServlet.java:267)
	at javax.servlet.http.HttpServlet.service(HttpServlet.java:723)
	at org.apache.catalina.core.ApplicationFilterChain.internalDoFilter(ApplicationFilterChain.java:290)
	at org.apache.catalina.core.ApplicationFilterChain.doFilter(ApplicationFilterChain.java:206)
	at com.base.web.util.MessageFilter.doFilter(MessageFilter.java:26)
	at org.apache.catalina.core.ApplicationFilterChain.internalDoFilter(ApplicationFilterChain.java:235)
	at org.apache.catalina.core.ApplicationFilterChain.doFilter(ApplicationFilterChain.java:206)
	at org.apache.catalina.core.ApplicationDispatcher.invoke(ApplicationDispatcher.java:646)
	at org.apache.catalina.core.ApplicationDispatcher.processRequest(ApplicationDispatcher.java:436)
	at org.apache.catalina.core.ApplicationDispatcher.doForward(ApplicationDispatcher.java:374)
	at org.apache.catalina.core.ApplicationDispatcher.forward(ApplicationDispatcher.java:302)
	at com.opensymphony.webwork.dispatcher.ServletDispatcherResult.doExecute(ServletDispatcherResult.java:114)
	at com.opensymphony.webwork.views.tiles.TilesResult.doExecute(TilesResult.java:116)
	at com.opensymphony.webwork.dispatcher.WebWorkResultSupport.execute(WebWorkResultSupport.java:101)
	at com.opensymphony.xwork.DefaultActionInvocation.executeResult(DefaultActionInvocation.java:300)
	at com.opensymphony.xwork.DefaultActionInvocation.invoke(DefaultActionInvocation.java:198)
	at com.opensymphony.xwork.interceptor.DefaultWorkflowInterceptor.intercept(DefaultWorkflowInterceptor.java:125)
	at com.opensymphony.xwork.DefaultActionInvocation.invoke(DefaultActionInvocation.java:180)
	at com.opensymphony.xwork.interceptor.AroundInterceptor.intercept(AroundInterceptor.java:31)
	at com.opensymphony.xwork.DefaultActionInvocation.invoke(DefaultActionInvocation.java:180)
	at com.opensymphony.xwork.interceptor.AroundInterceptor.intercept(AroundInterceptor.java:31)
	at com.opensymphony.xwork.DefaultActionInvocation.invoke(DefaultActionInvocation.java:180)
	at com.opensymphony.xwork.interceptor.AroundInterceptor.intercept(AroundInterceptor.java:31)
	at com.opensymphony.xwork.DefaultActionInvocation.invoke(DefaultActionInvocation.java:180)
	at com.opensymphony.xwork.interceptor.AroundInterceptor.intercept(AroundInterceptor.java:31)
	at com.opensymphony.xwork.DefaultActionInvocation.invoke(DefaultActionInvocation.java:180)
	at com.opensymphony.webwork.interceptor.FileUploadInterceptor.intercept(FileUploadInterceptor.java:171)
	at com.opensymphony.xwork.DefaultActionInvocation.invoke(DefaultActionInvocation.java:180)
	at com.opensymphony.xwork.interceptor.AroundInterceptor.intercept(AroundInterceptor.java:31)
	at com.opensymphony.xwork.DefaultActionInvocation.invoke(DefaultActionInvocation.java:180)
	at com.opensymphony.xwork.interceptor.AroundInterceptor.intercept(AroundInterceptor.java:31)
	at com.opensymphony.xwork.DefaultActionInvocation.invoke(DefaultActionInvocation.java:180)
	at com.opensymphony.xwork.interceptor.I18nInterceptor.intercept(I18nInterceptor.java:146)
	at com.opensymphony.xwork.DefaultActionInvocation.invoke(DefaultActionInvocation.java:180)
	at com.opensymphony.xwork.interceptor.AroundInterceptor.intercept(AroundInterceptor.java:31)
	at com.opensymphony.xwork.DefaultActionInvocation.invoke(DefaultActionInvocation.java:180)
	at com.opensymphony.xwork.interceptor.AroundInterceptor.intercept(AroundInterceptor.java:31)
	at com.opensymphony.xwork.DefaultActionInvocation.invoke(DefaultActionInvocation.java:180)
	at com.opensymphony.xwork.interceptor.AroundInterceptor.intercept(AroundInterceptor.java:31)
	at com.opensymphony.xwork.DefaultActionInvocation.invoke(DefaultActionInvocation.java:180)
	at com.opensymphony.xwork.interceptor.ExceptionMappingInterceptor.intercept(ExceptionMappingInterceptor.java:95)
	at com.opensymphony.xwork.DefaultActionInvocation.invoke(DefaultActionInvocation.java:180)
	at com.opensymphony.xwork.DefaultActionProxy.execute(DefaultActionProxy.java:113)
	at com.opensymphony.webwork.dispatcher.DispatcherUtils.serviceAction(DispatcherUtils.java:233)
	at com.opensymphony.webwork.dispatcher.FilterDispatcher.doFilter(FilterDispatcher.java:198)
	at org.apache.catalina.core.ApplicationFilterChain.internalDoFilter(ApplicationFilterChain.java:235)
	at org.apache.catalina.core.ApplicationFilterChain.doFilter(ApplicationFilterChain.java:206)
	at org.springframework.orm.hibernate3.support.OpenSessionInViewFilter.doFilterInternal(OpenSessionInViewFilter.java:174)
	at org.springframework.web.filter.OncePerRequestFilter.doFilter(OncePerRequestFilter.java:76)
	at org.apache.catalina.core.ApplicationFilterChain.internalDoFilter(ApplicationFilterChain.java:235)
	at org.apache.catalina.core.ApplicationFilterChain.doFilter(ApplicationFilterChain.java:206)
	at com.base.web.util.MessageFilter.doFilter(MessageFilter.java:26)
	at org.apache.catalina.core.ApplicationFilterChain.internalDoFilter(ApplicationFilterChain.java:235)
	at org.apache.catalina.core.ApplicationFilterChain.doFilter(ApplicationFilterChain.java:206)
	at org.displaytag.filter.ResponseOverrideFilter.doFilter(ResponseOverrideFilter.java:125)
	at org.apache.catalina.core.ApplicationFilterChain.internalDoFilter(ApplicationFilterChain.java:235)
	at org.apache.catalina.core.ApplicationFilterChain.doFilter(ApplicationFilterChain.java:206)
	at com.base.util.EncodingFilter.doFilter(EncodingFilter.java:30)
	at org.apache.catalina.core.ApplicationFilterChain.internalDoFilter(ApplicationFilterChain.java:235)
	at org.apache.catalina.core.ApplicationFilterChain.doFilter(ApplicationFilterChain.java:206)
	at com.opensymphony.webwork.dispatcher.ActionContextCleanUp.doFilter(ActionContextCleanUp.java:78)
	at org.apache.catalina.core.ApplicationFilterChain.internalDoFilter(ApplicationFilterChain.java:235)
	at org.apache.catalina.core.ApplicationFilterChain.doFilter(ApplicationFilterChain.java:206)
	at org.apache.catalina.core.StandardWrapperValve.invoke(StandardWrapperValve.java:233)
	at org.apache.catalina.core.StandardContextValve.invoke(StandardContextValve.java:191)
	at org.apache.catalina.core.StandardHostValve.invoke(StandardHostValve.java:127)
	at org.apache.catalina.valves.ErrorReportValve.invoke(ErrorReportValve.java:103)
	at org.apache.catalina.core.StandardEngineValve.invoke(StandardEngineValve.java:109)
	at org.apache.catalina.connector.CoyoteAdapter.service(CoyoteAdapter.java:293)
	at org.apache.coyote.http11.Http11AprProcessor.process(Http11AprProcessor.java:876)
	at org.apache.coyote.http11.Http11AprProtocol$Http11ConnectionHandler.process(Http11AprProtocol.java:612)
	at org.apache.tomcat.util.net.AprEndpoint$Worker.run(AprEndpoint.java:1777)
	at java.lang.Thread.run(Unknown Source)

四月 05, 2017 4:18:44 下午 org.apache.catalina.core.ApplicationDispatcher invoke
嚴重: Servlet.service() for servlet jsp threw exception
javax.servlet.ServletException: File &quot;/error.jsp&quot; not found
	at org.apache.jasper.servlet.JspServlet.handleMissingResource(JspServlet.java:343)
	at org.apache.jasper.servlet.JspServlet.serviceJspFile(JspServlet.java:309)
	at org.apache.jasper.servlet.JspServlet.service(JspServlet.java:267)
	at javax.servlet.http.HttpServlet.service(HttpServlet.java:723)
	at org.apache.catalina.core.ApplicationFilterChain.internalDoFilter(ApplicationFilterChain.java:290)
	at org.apache.catalina.core.ApplicationFilterChain.doFilter(ApplicationFilterChain.java:206)
	at org.apache.catalina.core.ApplicationDispatcher.invoke(ApplicationDispatcher.java:646)
	at org.apache.catalina.core.ApplicationDispatcher.doInclude(ApplicationDispatcher.java:551)
	at org.apache.catalina.core.ApplicationDispatcher.include(ApplicationDispatcher.java:488)
	at org.apache.jasper.runtime.JspRuntimeLibrary.include(JspRuntimeLibrary.java:916)
	at org.apache.jasper.runtime.PageContextImpl.include(PageContextImpl.java:627)
	at org.apache.jasper.runtime.PageContextImpl.doHandlePageException(PageContextImpl.java:826)
	at org.apache.jasper.runtime.PageContextImpl.handlePageException(PageContextImpl.java:797)
	at org.apache.jsp.layout.template_jsp._jspService(template_jsp.java:365)
	at org.apache.jasper.runtime.HttpJspBase.service(HttpJspBase.java:70)
	at javax.servlet.http.HttpServlet.service(HttpServlet.java:723)
	at org.apache.jasper.servlet.JspServletWrapper.service(JspServletWrapper.java:388)
	at org.apache.jasper.servlet.JspServlet.serviceJspFile(JspServlet.java:321)
	at org.apache.jasper.servlet.JspServlet.service(JspServlet.java:267)
	at javax.servlet.http.HttpServlet.service(HttpServlet.java:723)
	at org.apache.catalina.core.ApplicationFilterChain.internalDoFilter(ApplicationFilterChain.java:290)
	at org.apache.catalina.core.ApplicationFilterChain.doFilter(ApplicationFilterChain.java:206)
	at com.base.web.util.MessageFilter.doFilter(MessageFilter.java:26)
	at org.apache.catalina.core.ApplicationFilterChain.internalDoFilter(ApplicationFilterChain.java:235)
	at org.apache.catalina.core.ApplicationFilterChain.doFilter(ApplicationFilterChain.java:206)
	at org.apache.catalina.core.ApplicationDispatcher.invoke(ApplicationDispatcher.java:646)
	at org.apache.catalina.core.ApplicationDispatcher.processRequest(ApplicationDispatcher.java:436)
	at org.apache.catalina.core.ApplicationDispatcher.doForward(ApplicationDispatcher.java:374)
	at org.apache.catalina.core.ApplicationDispatcher.forward(ApplicationDispatcher.java:302)
	at com.opensymphony.webwork.dispatcher.ServletDispatcherResult.doExecute(ServletDispatcherResult.java:114)
	at com.opensymphony.webwork.views.tiles.TilesResult.doExecute(TilesResult.java:116)
	at com.opensymphony.webwork.dispatcher.WebWorkResultSupport.execute(WebWorkResultSupport.java:101)
	at com.opensymphony.xwork.DefaultActionInvocation.executeResult(DefaultActionInvocation.java:300)
	at com.opensymphony.xwork.DefaultActionInvocation.invoke(DefaultActionInvocation.java:198)
	at com.opensymphony.xwork.interceptor.DefaultWorkflowInterceptor.intercept(DefaultWorkflowInterceptor.java:125)
	at com.opensymphony.xwork.DefaultActionInvocation.invoke(DefaultActionInvocation.java:180)
	at com.opensymphony.xwork.interceptor.AroundInterceptor.intercept(AroundInterceptor.java:31)
	at com.opensymphony.xwork.DefaultActionInvocation.invoke(DefaultActionInvocation.java:180)
	at com.opensymphony.xwork.interceptor.AroundInterceptor.intercept(AroundInterceptor.java:31)
	at com.opensymphony.xwork.DefaultActionInvocation.invoke(DefaultActionInvocation.java:180)
	at com.opensymphony.xwork.interceptor.AroundInterceptor.intercept(AroundInterceptor.java:31)
	at com.opensymphony.xwork.DefaultActionInvocation.invoke(DefaultActionInvocation.java:180)
	at com.opensymphony.xwork.interceptor.AroundInterceptor.intercept(AroundInterceptor.java:31)
	at com.opensymphony.xwork.DefaultActionInvocation.invoke(DefaultActionInvocation.java:180)
	at com.opensymphony.webwork.interceptor.FileUploadInterceptor.intercept(FileUploadInterceptor.java:171)
	at com.opensymphony.xwork.DefaultActionInvocation.invoke(DefaultActionInvocation.java:180)
	at com.opensymphony.xwork.interceptor.AroundInterceptor.intercept(AroundInterceptor.java:31)
	at com.opensymphony.xwork.DefaultActionInvocation.invoke(DefaultActionInvocation.java:180)
	at com.opensymphony.xwork.interceptor.AroundInterceptor.intercept(AroundInterceptor.java:31)
	at com.opensymphony.xwork.DefaultActionInvocation.invoke(DefaultActionInvocation.java:180)
	at com.opensymphony.xwork.interceptor.I18nInterceptor.intercept(I18nInterceptor.java:146)
	at com.opensymphony.xwork.DefaultActionInvocation.invoke(DefaultActionInvocation.java:180)
	at com.opensymphony.xwork.interceptor.AroundInterceptor.intercept(AroundInterceptor.java:31)
	at com.opensymphony.xwork.DefaultActionInvocation.invoke(DefaultActionInvocation.java:180)
	at com.opensymphony.xwork.interceptor.AroundInterceptor.intercept(AroundInterceptor.java:31)
	at com.opensymphony.xwork.DefaultActionInvocation.invoke(DefaultActionInvocation.java:180)
	at com.opensymphony.xwork.interceptor.AroundInterceptor.intercept(AroundInterceptor.java:31)
	at com.opensymphony.xwork.DefaultActionInvocation.invoke(DefaultActionInvocation.java:180)
	at com.opensymphony.xwork.interceptor.ExceptionMappingInterceptor.intercept(ExceptionMappingInterceptor.java:95)
	at com.opensymphony.xwork.DefaultActionInvocation.invoke(DefaultActionInvocation.java:180)
	at com.opensymphony.xwork.DefaultActionProxy.execute(DefaultActionProxy.java:113)
	at com.opensymphony.webwork.dispatcher.DispatcherUtils.serviceAction(DispatcherUtils.java:233)
	at com.opensymphony.webwork.dispatcher.FilterDispatcher.doFilter(FilterDispatcher.java:198)
	at org.apache.catalina.core.ApplicationFilterChain.internalDoFilter(ApplicationFilterChain.java:235)
	at org.apache.catalina.core.ApplicationFilterChain.doFilter(ApplicationFilterChain.java:206)
	at org.springframework.orm.hibernate3.support.OpenSessionInViewFilter.doFilterInternal(OpenSessionInViewFilter.java:174)
	at org.springframework.web.filter.OncePerRequestFilter.doFilter(OncePerRequestFilter.java:76)
	at org.apache.catalina.core.ApplicationFilterChain.internalDoFilter(ApplicationFilterChain.java:235)
	at org.apache.catalina.core.ApplicationFilterChain.doFilter(ApplicationFilterChain.java:206)
	at com.base.web.util.MessageFilter.doFilter(MessageFilter.java:26)
	at org.apache.catalina.core.ApplicationFilterChain.internalDoFilter(ApplicationFilterChain.java:235)
	at org.apache.catalina.core.ApplicationFilterChain.doFilter(ApplicationFilterChain.java:206)
	at org.displaytag.filter.ResponseOverrideFilter.doFilter(ResponseOverrideFilter.java:125)
	at org.apache.catalina.core.ApplicationFilterChain.internalDoFilter(ApplicationFilterChain.java:235)
	at org.apache.catalina.core.ApplicationFilterChain.doFilter(ApplicationFilterChain.java:206)
	at com.base.util.EncodingFilter.doFilter(EncodingFilter.java:30)
	at org.apache.catalina.core.ApplicationFilterChain.internalDoFilter(ApplicationFilterChain.java:235)
	at org.apache.catalina.core.ApplicationFilterChain.doFilter(ApplicationFilterChain.java:206)
	at com.opensymphony.webwork.dispatcher.ActionContextCleanUp.doFilter(ActionContextCleanUp.java:78)
	at org.apache.catalina.core.ApplicationFilterChain.internalDoFilter(ApplicationFilterChain.java:235)
	at org.apache.catalina.core.ApplicationFilterChain.doFilter(ApplicationFilterChain.java:206)
	at org.apache.catalina.core.StandardWrapperValve.invoke(StandardWrapperValve.java:233)
	at org.apache.catalina.core.StandardContextValve.invoke(StandardContextValve.java:191)
	at org.apache.catalina.core.StandardHostValve.invoke(StandardHostValve.java:127)
	at org.apache.catalina.valves.ErrorReportValve.invoke(ErrorReportValve.java:103)
	at org.apache.catalina.core.StandardEngineValve.invoke(StandardEngineValve.java:109)
	at org.apache.catalina.connector.CoyoteAdapter.service(CoyoteAdapter.java:293)
	at org.apache.coyote.http11.Http11AprProcessor.process(Http11AprProcessor.java:876)
	at org.apache.coyote.http11.Http11AprProtocol$Http11ConnectionHandler.process(Http11AprProtocol.java:612)
	at org.apache.tomcat.util.net.AprEndpoint$Worker.run(AprEndpoint.java:1777)
	at java.lang.Thread.run(Unknown Source)

四月 05, 2017 4:18:44 下午 org.apache.catalina.core.StandardWrapperValve invoke
嚴重: Servlet.service() for servlet default threw exception
javax.servlet.ServletException: File &quot;/error.jsp&quot; not found
	at org.apache.jasper.servlet.JspServlet.handleMissingResource(JspServlet.java:343)
	at org.apache.jasper.servlet.JspServlet.serviceJspFile(JspServlet.java:309)
	at org.apache.jasper.servlet.JspServlet.service(JspServlet.java:267)
	at javax.servlet.http.HttpServlet.service(HttpServlet.java:723)
	at org.apache.catalina.core.ApplicationFilterChain.internalDoFilter(ApplicationFilterChain.java:290)
	at org.apache.catalina.core.ApplicationFilterChain.doFilter(ApplicationFilterChain.java:206)
	at org.apache.catalina.core.ApplicationDispatcher.invoke(ApplicationDispatcher.java:646)
	at org.apache.catalina.core.ApplicationDispatcher.doInclude(ApplicationDispatcher.java:551)
	at org.apache.catalina.core.ApplicationDispatcher.include(ApplicationDispatcher.java:488)
	at org.apache.jasper.runtime.JspRuntimeLibrary.include(JspRuntimeLibrary.java:916)
	at org.apache.jasper.runtime.PageContextImpl.include(PageContextImpl.java:627)
	at org.apache.jasper.runtime.PageContextImpl.doHandlePageException(PageContextImpl.java:826)
	at org.apache.jasper.runtime.PageContextImpl.handlePageException(PageContextImpl.java:797)
	at org.apache.jsp.layout.template_jsp._jspService(template_jsp.java:365)
	at org.apache.jasper.runtime.HttpJspBase.service(HttpJspBase.java:70)
	at javax.servlet.http.HttpServlet.service(HttpServlet.java:723)
	at org.apache.jasper.servlet.JspServletWrapper.service(JspServletWrapper.java:388)
	at org.apache.jasper.servlet.JspServlet.serviceJspFile(JspServlet.java:321)
	at org.apache.jasper.servlet.JspServlet.service(JspServlet.java:267)
	at javax.servlet.http.HttpServlet.service(HttpServlet.java:723)
	at org.apache.catalina.core.ApplicationFilterChain.internalDoFilter(ApplicationFilterChain.java:290)
	at org.apache.catalina.core.ApplicationFilterChain.doFilter(ApplicationFilterChain.java:206)
	at com.base.web.util.MessageFilter.doFilter(MessageFilter.java:26)
	at org.apache.catalina.core.ApplicationFilterChain.internalDoFilter(ApplicationFilterChain.java:235)
	at org.apache.catalina.core.ApplicationFilterChain.doFilter(ApplicationFilterChain.java:206)
	at org.apache.catalina.core.ApplicationDispatcher.invoke(ApplicationDispatcher.java:646)
	at org.apache.catalina.core.ApplicationDispatcher.processRequest(ApplicationDispatcher.java:436)
	at org.apache.catalina.core.ApplicationDispatcher.doForward(ApplicationDispatcher.java:374)
	at org.apache.catalina.core.ApplicationDispatcher.forward(ApplicationDispatcher.java:302)
	at com.opensymphony.webwork.dispatcher.ServletDispatcherResult.doExecute(ServletDispatcherResult.java:114)
	at com.opensymphony.webwork.views.tiles.TilesResult.doExecute(TilesResult.java:116)
	at com.opensymphony.webwork.dispatcher.WebWorkResultSupport.execute(WebWorkResultSupport.java:101)
	at com.opensymphony.xwork.DefaultActionInvocation.executeResult(DefaultActionInvocation.java:300)
	at com.opensymphony.xwork.DefaultActionInvocation.invoke(DefaultActionInvocation.java:198)
	at com.opensymphony.xwork.interceptor.DefaultWorkflowInterceptor.intercept(DefaultWorkflowInterceptor.java:125)
	at com.opensymphony.xwork.DefaultActionInvocation.invoke(DefaultActionInvocation.java:180)
	at com.opensymphony.xwork.interceptor.AroundInterceptor.intercept(AroundInterceptor.java:31)
	at com.opensymphony.xwork.DefaultActionInvocation.invoke(DefaultActionInvocation.java:180)
	at com.opensymphony.xwork.interceptor.AroundInterceptor.intercept(AroundInterceptor.java:31)
	at com.opensymphony.xwork.DefaultActionInvocation.invoke(DefaultActionInvocation.java:180)
	at com.opensymphony.xwork.interceptor.AroundInterceptor.intercept(AroundInterceptor.java:31)
	at com.opensymphony.xwork.DefaultActionInvocation.invoke(DefaultActionInvocation.java:180)
	at com.opensymphony.xwork.interceptor.AroundInterceptor.intercept(AroundInterceptor.java:31)
	at com.opensymphony.xwork.DefaultActionInvocation.invoke(DefaultActionInvocation.java:180)
	at com.opensymphony.webwork.interceptor.FileUploadInterceptor.intercept(FileUploadInterceptor.java:171)
	at com.opensymphony.xwork.DefaultActionInvocation.invoke(DefaultActionInvocation.java:180)
	at com.opensymphony.xwork.interceptor.AroundInterceptor.intercept(AroundInterceptor.java:31)
	at com.opensymphony.xwork.DefaultActionInvocation.invoke(DefaultActionInvocation.java:180)
	at com.opensymphony.xwork.interceptor.AroundInterceptor.intercept(AroundInterceptor.java:31)
	at com.opensymphony.xwork.DefaultActionInvocation.invoke(DefaultActionInvocation.java:180)
	at com.opensymphony.xwork.interceptor.I18nInterceptor.intercept(I18nInterceptor.java:146)
	at com.opensymphony.xwork.DefaultActionInvocation.invoke(DefaultActionInvocation.java:180)
	at com.opensymphony.xwork.interceptor.AroundInterceptor.intercept(AroundInterceptor.java:31)
	at com.opensymphony.xwork.DefaultActionInvocation.invoke(DefaultActionInvocation.java:180)
	at com.opensymphony.xwork.interceptor.AroundInterceptor.intercept(AroundInterceptor.java:31)
	at com.opensymphony.xwork.DefaultActionInvocation.invoke(DefaultActionInvocation.java:180)
	at com.opensymphony.xwork.interceptor.AroundInterceptor.intercept(AroundInterceptor.java:31)
	at com.opensymphony.xwork.DefaultActionInvocation.invoke(DefaultActionInvocation.java:180)
	at com.opensymphony.xwork.interceptor.ExceptionMappingInterceptor.intercept(ExceptionMappingInterceptor.java:95)
	at com.opensymphony.xwork.DefaultActionInvocation.invoke(DefaultActionInvocation.java:180)
	at com.opensymphony.xwork.DefaultActionProxy.execute(DefaultActionProxy.java:113)
	at com.opensymphony.webwork.dispatcher.DispatcherUtils.serviceAction(DispatcherUtils.java:233)
	at com.opensymphony.webwork.dispatcher.FilterDispatcher.doFilter(FilterDispatcher.java:198)
	at org.apache.catalina.core.ApplicationFilterChain.internalDoFilter(ApplicationFilterChain.java:235)
	at org.apache.catalina.core.ApplicationFilterChain.doFilter(ApplicationFilterChain.java:206)
	at org.springframework.orm.hibernate3.support.OpenSessionInViewFilter.doFilterInternal(OpenSessionInViewFilter.java:174)
	at org.springframework.web.filter.OncePerRequestFilter.doFilter(OncePerRequestFilter.java:76)
	at org.apache.catalina.core.ApplicationFilterChain.internalDoFilter(ApplicationFilterChain.java:235)
	at org.apache.catalina.core.ApplicationFilterChain.doFilter(ApplicationFilterChain.java:206)
	at com.base.web.util.MessageFilter.doFilter(MessageFilter.java:26)
	at org.apache.catalina.core.ApplicationFilterChain.internalDoFilter(ApplicationFilterChain.java:235)
	at org.apache.catalina.core.ApplicationFilterChain.doFilter(ApplicationFilterChain.java:206)
	at org.displaytag.filter.ResponseOverrideFilter.doFilter(ResponseOverrideFilter.java:125)
	at org.apache.catalina.core.ApplicationFilterChain.internalDoFilter(ApplicationFilterChain.java:235)
	at org.apache.catalina.core.ApplicationFilterChain.doFilter(ApplicationFilterChain.java:206)
	at com.base.util.EncodingFilter.doFilter(EncodingFilter.java:30)
	at org.apache.catalina.core.ApplicationFilterChain.internalDoFilter(ApplicationFilterChain.java:235)
	at org.apache.catalina.core.ApplicationFilterChain.doFilter(ApplicationFilterChain.java:206)
	at com.opensymphony.webwork.dispatcher.ActionContextCleanUp.doFilter(ActionContextCleanUp.java:78)
	at org.apache.catalina.core.ApplicationFilterChain.internalDoFilter(ApplicationFilterChain.java:235)
	at org.apache.catalina.core.ApplicationFilterChain.doFilter(ApplicationFilterChain.java:206)
	at org.apache.catalina.core.StandardWrapperValve.invoke(StandardWrapperValve.java:233)
	at org.apache.catalina.core.StandardContextValve.invoke(StandardContextValve.java:191)
	at org.apache.catalina.core.StandardHostValve.invoke(StandardHostValve.java:127)
	at org.apache.catalina.valves.ErrorReportValve.invoke(ErrorReportValve.java:103)
	at org.apache.catalina.core.StandardEngineValve.invoke(StandardEngineValve.java:109)
	at org.apache.catalina.connector.CoyoteAdapter.service(CoyoteAdapter.java:293)
	at org.apache.coyote.http11.Http11AprProcessor.process(Http11AprProcessor.java:876)
	at org.apache.coyote.http11.Http11AprProtocol$Http11ConnectionHandler.process(Http11AprProtocol.java:612)
	at org.apache.tomcat.util.net.AprEndpoint$Worker.run(AprEndpoint.java:1777)
	at java.lang.Thread.run(Unknown Source)

四月 05, 2017 4:26:50 下午 org.apache.catalina.core.ApplicationContext log
資訊: Loading Spring root WebApplicationContext
四月 05, 2017 4:26:51 下午 org.apache.catalina.core.StandardContext listenerStart
嚴重: Exception sending context initialized event to listener instance of class org.springframework.web.context.ContextLoaderListener
org.springframework.beans.factory.BeanDefinitionStoreException: Error registering bean with name 'billDAO' defined in ServletContext resource [/WEB-INF/applicationContext-hibernate.xml]: Bean class [northwest.common.dao.hibernate.BillDAOHibernate] not found; nested exception is java.lang.ClassNotFoundException: northwest.common.dao.hibernate.BillDAOHibernate
java.lang.ClassNotFoundException: northwest.common.dao.hibernate.BillDAOHibernate
	at org.apache.catalina.loader.WebappClassLoader.loadClass(WebappClassLoader.java:1698)
	at org.apache.catalina.loader.WebappClassLoader.loadClass(WebappClassLoader.java:1544)
	at java.lang.Class.forName0(Native Method)
	at java.lang.Class.forName(Unknown Source)
	at org.springframework.util.ClassUtils.forName(ClassUtils.java:108)
	at org.springframework.beans.factory.support.BeanDefinitionReaderUtils.createBeanDefinition(BeanDefinitionReaderUtils.java:65)
	at org.springframework.beans.factory.xml.DefaultXmlBeanDefinitionParser.parseBeanDefinitionElement(DefaultXmlBeanDefinitionParser.java:426)
	at org.springframework.beans.factory.xml.DefaultXmlBeanDefinitionParser.parseBeanDefinitionElement(DefaultXmlBeanDefinitionParser.java:392)
	at org.springframework.beans.factory.xml.DefaultXmlBeanDefinitionParser.parseBeanDefinitions(DefaultXmlBeanDefinitionParser.java:307)
	at org.springframework.beans.factory.xml.DefaultXmlBeanDefinitionParser.registerBeanDefinitions(DefaultXmlBeanDefinitionParser.java:191)
	at org.springframework.beans.factory.xml.XmlBeanDefinitionReader.registerBeanDefinitions(XmlBeanDefinitionReader.java:295)
	at org.springframework.beans.factory.xml.XmlBeanDefinitionReader.doLoadBeanDefinitions(XmlBeanDefinitionReader.java:223)
	at org.springframework.beans.factory.xml.XmlBeanDefinitionReader.loadBeanDefinitions(XmlBeanDefinitionReader.java:173)
	at org.springframework.beans.factory.xml.XmlBeanDefinitionReader.loadBeanDefinitions(XmlBeanDefinitionReader.java:148)
	at org.springframework.beans.factory.support.AbstractBeanDefinitionReader.loadBeanDefinitions(AbstractBeanDefinitionReader.java:126)
	at org.springframework.beans.factory.support.AbstractBeanDefinitionReader.loadBeanDefinitions(AbstractBeanDefinitionReader.java:142)
	at org.springframework.web.context.support.XmlWebApplicationContext.loadBeanDefinitions(XmlWebApplicationContext.java:126)
	at org.springframework.web.context.support.XmlWebApplicationContext.loadBeanDefinitions(XmlWebApplicationContext.java:94)
	at org.springframework.context.support.AbstractRefreshableApplicationContext.refreshBeanFactory(AbstractRefreshableApplicationContext.java:89)
	at org.springframework.context.support.AbstractApplicationContext.refresh(AbstractApplicationContext.java:269)
	at org.springframework.web.context.support.AbstractRefreshableWebApplicationContext.refresh(AbstractRefreshableWebApplicationContext.java:134)
	at org.springframework.web.context.ContextLoader.createWebApplicationContext(ContextLoader.java:246)
	at org.springframework.web.context.ContextLoader.initWebApplicationContext(ContextLoader.java:184)
	at org.springframework.web.context.ContextLoaderListener.contextInitialized(ContextLoaderListener.java:49)
	at org.apache.catalina.core.StandardContext.listenerStart(StandardContext.java:4276)
	at org.apache.catalina.core.StandardContext.start(StandardContext.java:4779)
	at org.apache.catalina.core.ContainerBase.start(ContainerBase.java:1061)
	at org.apache.catalina.core.StandardHost.start(StandardHost.java:822)
	at org.apache.catalina.core.ContainerBase.start(ContainerBase.java:1061)
	at org.apache.catalina.core.StandardEngine.start(StandardEngine.java:463)
	at org.apache.catalina.core.StandardService.start(StandardService.java:525)
	at org.apache.catalina.core.StandardServer.start(StandardServer.java:761)
	at org.apache.catalina.startup.Catalina.start(Catalina.java:595)
	at sun.reflect.NativeMethodAccessorImpl.invoke0(Native Method)
	at sun.reflect.NativeMethodAccessorImpl.invoke(Unknown Source)
	at sun.reflect.DelegatingMethodAccessorImpl.invoke(Unknown Source)
	at java.lang.reflect.Method.invoke(Unknown Source)
	at org.apache.catalina.startup.Bootstrap.start(Bootstrap.java:289)
	at org.apache.catalina.startup.Bootstrap.main(Bootstrap.java:414)

四月 05, 2017 4:26:51 下午 org.apache.catalina.core.ApplicationContext log
資訊: Closing Spring root WebApplicationContext
四月 05, 2017 4:26:51 下午 org.apache.catalina.core.ApplicationContext log
資訊: ContextListener: contextInitialized()
四月 05, 2017 4:26:51 下午 org.apache.catalina.core.ApplicationContext log
資訊: SessionListener: contextInitialized()
四月 05, 2017 4:28:20 下午 org.apache.catalina.core.ApplicationContext log
資訊: Loading Spring root WebApplicationContext
四月 05, 2017 4:28:31 下午 org.apache.catalina.core.ApplicationContext log
資訊: ContextListener: contextInitialized()
四月 05, 2017 4:28:31 下午 org.apache.catalina.core.ApplicationContext log
資訊: SessionListener: contextInitialized()
四月 05, 2017 4:30:54 下午 org.apache.catalina.core.ApplicationContext log
資訊: Loading Spring root WebApplicationContext
四月 05, 2017 4:31:07 下午 org.apache.catalina.core.ApplicationContext log
資訊: ContextListener: contextInitialized()
四月 05, 2017 4:31:07 下午 org.apache.catalina.core.ApplicationContext log
資訊: SessionListener: contextInitialized()
四月 05, 2017 4:39:29 下午 org.apache.catalina.core.ApplicationContext log
資訊: Loading Spring root WebApplicationContext
四月 05, 2017 4:39:43 下午 org.apache.catalina.core.ApplicationContext log
資訊: ContextListener: contextInitialized()
四月 05, 2017 4:39:43 下午 org.apache.catalina.core.ApplicationContext log
資訊: SessionListener: contextInitialized()
四月 05, 2017 4:55:49 下午 org.apache.catalina.core.ApplicationContext log
資訊: SessionListener: contextDestroyed()
四月 05, 2017 4:55:49 下午 org.apache.catalina.core.ApplicationContext log
資訊: ContextListener: contextDestroyed()
四月 05, 2017 4:55:49 下午 org.apache.catalina.core.ApplicationContext log
資訊: Closing Spring root WebApplicationContext
